
CondaError: Run 'conda init' before 'conda deactivate'

2024-06-10 15:25:40,740 - DEBUG - matplotlib data path: /gpfs/milgram/project/chang/pg496/conda_envs/nn_gpu/lib/python3.10/site-packages/matplotlib/mpl-data
2024-06-10 15:25:40,745 - DEBUG - CONFIGDIR=/home/pg496/.config/matplotlib
2024-06-10 15:25:40,746 - DEBUG - interactive is False
2024-06-10 15:25:40,746 - DEBUG - platform is linux
2024-06-10 15:25:40,789 - DEBUG - CACHEDIR=/home/pg496/.cache/matplotlib
2024-06-10 15:25:40,790 - DEBUG - Using fontManager instance from /home/pg496/.cache/matplotlib/fontlist-v330.json
2024-06-10 15:25:40,996 - DEBUG - Creating converter from 7 to 5
2024-06-10 15:25:40,996 - DEBUG - Creating converter from 5 to 7
2024-06-10 15:25:40,996 - DEBUG - Creating converter from 7 to 5
2024-06-10 15:25:40,996 - DEBUG - Creating converter from 5 to 7
2024-06-10 15:25:45,756 - DEBUG - First few rows of labelled fixations: 
   start_time  end_time  category  ...   mean_y_pos     fix_roi  agent
0       0.254     0.402       3.0  ...   203.120805  out_of_roi  Lynch
1       0.407     0.558       3.0  ... -1188.157895  out_of_roi  Lynch
2       0.584     0.769       3.0  ... -1226.191011  out_of_roi  Lynch
3       0.775     0.947       3.0  ... -1221.121387  out_of_roi  Lynch
4       0.973     1.098       3.0  ... -1155.447154  out_of_roi  Lynch

[5 rows x 11 columns]
2024-06-10 15:25:45,764 - DEBUG - First few rows of labelled spiketimes: 
                                              spikeS  ... region
0  [1.044075, 3.13865, 3.474675, 4.42465, 4.92632...  ...    BLA
1  [20.752875, 56.052075, 127.98965, 130.049925, ...  ...    BLA
2  [0.693575, 1.348825, 1.5314, 2.736025, 5.6675,...  ...    BLA
3  [0.7346, 1.21215, 2.80735, 6.401425, 6.4468, 7...  ...    BLA
4  [0.81235, 1.152825, 1.580025, 3.294225, 14.219...  ...    BLA

[5 rows x 10 columns]
2024-06-10 15:25:45,764 - DEBUG - Labelled fixations shape: (339972, 11)
2024-06-10 15:25:45,764 - DEBUG - Labelled spiketimes shape: (1255, 10)
2024-06-10 15:25:45,788 - DEBUG - Processing session: OTNAL_FV_031521
2024-06-10 15:25:45,790 - DEBUG - Session fixations shape: (11993, 11)
2024-06-10 15:25:45,790 - DEBUG - Session neurons shape: (55, 10)
2024-06-10 15:25:45,790 - DEBUG - Processing unit: 31520210011
2024-06-10 15:25:45,855 - DEBUG - Processing unit: 31520210012
2024-06-10 15:25:45,892 - DEBUG - Processing unit: 31520210013
2024-06-10 15:25:45,896 - DEBUG - Processing unit: 31520210014
2024-06-10 15:25:45,993 - DEBUG - Processing unit: 31520210021
2024-06-10 15:25:46,009 - DEBUG - Processing unit: 31520210022
2024-06-10 15:25:46,012 - DEBUG - Processing unit: 31520210031
2024-06-10 15:25:46,119 - DEBUG - Processing unit: 31520210032
2024-06-10 15:25:46,150 - DEBUG - Processing unit: 31520210041
2024-06-10 15:25:46,221 - DEBUG - Processing unit: 31520210042
2024-06-10 15:25:46,249 - DEBUG - Processing unit: 31520210043
2024-06-10 15:25:46,289 - DEBUG - Processing unit: 31520210051
2024-06-10 15:25:46,297 - DEBUG - Processing unit: 31520210061
2024-06-10 15:25:46,327 - DEBUG - Processing unit: 31520210071
2024-06-10 15:25:46,414 - DEBUG - Processing unit: 31520210072
2024-06-10 15:25:46,492 - DEBUG - Processing unit: 31520210081
2024-06-10 15:25:46,515 - DEBUG - Processing unit: 31520210082
2024-06-10 15:25:46,545 - DEBUG - Processing unit: 31520210091
2024-06-10 15:25:46,607 - DEBUG - Processing unit: 31520210101
2024-06-10 15:25:46,722 - DEBUG - Processing unit: 31520210102
2024-06-10 15:25:46,770 - DEBUG - Processing unit: 31520210103
2024-06-10 15:25:46,881 - DEBUG - Processing unit: 31520210111
2024-06-10 15:25:46,968 - DEBUG - Processing unit: 31520210121
2024-06-10 15:25:47,015 - DEBUG - Processing unit: 31520210122
2024-06-10 15:25:47,031 - DEBUG - Processing unit: 31520210131
2024-06-10 15:25:47,058 - DEBUG - Processing unit: 31520210141
2024-06-10 15:25:47,074 - DEBUG - Processing unit: 31520210151
2024-06-10 15:25:47,212 - DEBUG - Processing unit: 31520210161
2024-06-10 15:25:47,225 - DEBUG - Processing unit: 31520210171
2024-06-10 15:25:47,279 - DEBUG - Processing unit: 31520210181
2024-06-10 15:25:47,286 - DEBUG - Processing unit: 31520210191
2024-06-10 15:25:47,312 - DEBUG - Processing unit: 31520210201
2024-06-10 15:34:09,911 - DEBUG - Processing unit: 31520210202
2024-06-10 15:34:12,879 - DEBUG - Processing unit: 31520210211
2024-06-10 15:34:17,065 - DEBUG - Processing unit: 31520210221
2024-06-10 15:34:23,876 - DEBUG - Processing unit: 31520210231
2024-06-10 15:38:53,168 - DEBUG - Processing unit: 31520210241
2024-06-10 15:38:57,363 - DEBUG - Processing unit: 31520210251
2024-06-10 15:39:46,068 - DEBUG - Processing unit: 31520210261
2024-06-10 15:39:46,225 - DEBUG - Processing unit: 31520210271
2024-06-10 15:39:54,464 - DEBUG - Processing unit: 31520210272
2024-06-10 15:39:55,411 - DEBUG - Processing unit: 31520210281
2024-06-10 15:40:00,105 - DEBUG - Processing unit: 31520210282
2024-06-10 15:40:19,080 - DEBUG - Processing unit: 31520210283
2024-06-10 15:40:38,875 - DEBUG - Processing unit: 31520210284
2024-06-10 15:40:50,810 - DEBUG - Processing unit: 31520210291
2024-06-10 15:40:59,933 - DEBUG - Processing unit: 31520210292
2024-06-10 15:41:22,076 - DEBUG - Processing unit: 31520210293
2024-06-10 15:41:54,801 - DEBUG - Processing unit: 31520210301
2024-06-10 15:42:12,954 - DEBUG - Processing unit: 31520210302
2024-06-10 15:43:00,214 - DEBUG - Processing unit: 31520210303
2024-06-10 15:46:30,859 - DEBUG - Processing unit: 31520210311
2024-06-10 15:48:03,035 - DEBUG - Processing unit: 31520210312
2024-06-10 15:49:05,637 - DEBUG - Processing unit: 31520210321
2024-06-10 15:49:09,849 - DEBUG - Processing unit: 31520210322
2024-06-10 16:24:31,354 - INFO - Saved session data for OTNAL_FV_031521 to /gpfs/milgram/project/chang/pg496/data_dir/otnal/processed_data/OTNAL_FV_031521_raster.csv
