
CondaError: Run 'conda init' before 'conda deactivate'

2024-06-10 14:20:44,895 - DEBUG - matplotlib data path: /gpfs/milgram/project/chang/pg496/conda_envs/nn_gpu/lib/python3.10/site-packages/matplotlib/mpl-data
2024-06-10 14:20:44,900 - DEBUG - CONFIGDIR=/home/pg496/.config/matplotlib
2024-06-10 14:20:44,902 - DEBUG - interactive is False
2024-06-10 14:20:44,902 - DEBUG - platform is linux
2024-06-10 14:20:44,948 - DEBUG - CACHEDIR=/home/pg496/.cache/matplotlib
2024-06-10 14:20:44,949 - DEBUG - Using fontManager instance from /home/pg496/.cache/matplotlib/fontlist-v330.json
2024-06-10 14:20:45,170 - DEBUG - Creating converter from 7 to 5
2024-06-10 14:20:45,170 - DEBUG - Creating converter from 5 to 7
2024-06-10 14:20:45,170 - DEBUG - Creating converter from 7 to 5
2024-06-10 14:20:45,170 - DEBUG - Creating converter from 5 to 7
2024-06-10 14:20:51,185 - DEBUG - First few rows of labelled fixations: 
   start_time  end_time  category  ...   mean_y_pos     fix_roi  agent
0       0.254     0.402       3.0  ...   203.120805  out_of_roi  Lynch
1       0.407     0.558       3.0  ... -1188.157895  out_of_roi  Lynch
2       0.584     0.769       3.0  ... -1226.191011  out_of_roi  Lynch
3       0.775     0.947       3.0  ... -1221.121387  out_of_roi  Lynch
4       0.973     1.098       3.0  ... -1155.447154  out_of_roi  Lynch

[5 rows x 11 columns]
2024-06-10 14:20:51,194 - DEBUG - First few rows of labelled spiketimes: 
                                              spikeS  ... region
0  [1.044075, 3.13865, 3.474675, 4.42465, 4.92632...  ...    BLA
1  [20.752875, 56.052075, 127.98965, 130.049925, ...  ...    BLA
2  [0.693575, 1.348825, 1.5314, 2.736025, 5.6675,...  ...    BLA
3  [0.7346, 1.21215, 2.80735, 6.401425, 6.4468, 7...  ...    BLA
4  [0.81235, 1.152825, 1.580025, 3.294225, 14.219...  ...    BLA

[5 rows x 10 columns]
2024-06-10 14:20:51,194 - DEBUG - Labelled fixations shape: (339972, 11)
2024-06-10 14:20:51,194 - DEBUG - Labelled spiketimes shape: (1255, 10)
2024-06-10 14:20:51,247 - DEBUG - Processing session: OTNAL_FV_070822
2024-06-10 14:20:51,248 - DEBUG - Session fixations shape: (10509, 11)
2024-06-10 14:20:51,249 - DEBUG - Session neurons shape: (66, 10)
2024-06-10 14:20:51,249 - DEBUG - Processing unit: 70820220011
2024-06-10 14:20:51,340 - DEBUG - Processing unit: 70820220021
2024-06-10 14:20:51,381 - DEBUG - Processing unit: 70820220022
2024-06-10 14:20:51,443 - DEBUG - Processing unit: 70820220031
2024-06-10 14:20:51,517 - DEBUG - Processing unit: 70820220032
2024-06-10 14:20:51,597 - DEBUG - Processing unit: 70820220033
2024-06-10 14:20:51,668 - DEBUG - Processing unit: 70820220041
2024-06-10 14:20:51,795 - DEBUG - Processing unit: 70820220051
2024-06-10 14:20:51,993 - DEBUG - Processing unit: 70820220052
2024-06-10 14:20:52,236 - DEBUG - Processing unit: 70820220061
2024-06-10 14:20:52,406 - DEBUG - Processing unit: 70820220062
2024-06-10 14:20:52,757 - DEBUG - Processing unit: 70820220063
2024-06-10 14:20:53,114 - DEBUG - Processing unit: 70820220071
2024-06-10 14:20:53,493 - DEBUG - Processing unit: 70820220072
2024-06-10 14:20:53,637 - DEBUG - Processing unit: 70820220081
2024-06-10 14:20:54,006 - DEBUG - Processing unit: 70820220091
2024-06-10 14:20:54,249 - DEBUG - Processing unit: 70820220092
2024-06-10 14:20:54,581 - DEBUG - Processing unit: 70820220093
2024-06-10 14:20:54,961 - DEBUG - Processing unit: 70820220101
2024-06-10 14:20:55,350 - DEBUG - Processing unit: 70820220102
2024-06-10 14:20:55,734 - DEBUG - Processing unit: 70820220103
2024-06-10 14:20:55,990 - DEBUG - Processing unit: 70820220104
2024-06-10 14:20:56,347 - DEBUG - Processing unit: 70820220111
2024-06-10 14:20:56,935 - DEBUG - Processing unit: 70820220121
2024-06-10 14:20:57,486 - DEBUG - Processing unit: 70820220122
2024-06-10 14:20:57,983 - DEBUG - Processing unit: 70820220131
2024-06-10 14:20:58,643 - DEBUG - Processing unit: 70820220132
2024-06-10 14:20:59,085 - DEBUG - Processing unit: 70820220133
2024-06-10 14:20:59,414 - DEBUG - Processing unit: 70820220141
2024-06-10 14:21:00,118 - DEBUG - Processing unit: 70820220142
2024-06-10 14:21:00,824 - DEBUG - Processing unit: 70820220143
2024-06-10 14:21:01,542 - DEBUG - Processing unit: 70820220161
/bin/sh: line 1: 1323639 Killed                  python analyze_gaze_signals.py --session /gpfs/milgram/project/chang/pg496/data_dir/otnal/data_source_7point3/OTNAL_FV_070822
slurmstepd: error: Detected 1 oom_kill event in StepId=27009549.batch. Some of the step tasks have been OOM Killed.
