
CondaError: Run 'conda init' before 'conda deactivate'

2024-06-10 14:05:00,989 - DEBUG - matplotlib data path: /gpfs/milgram/project/chang/pg496/conda_envs/nn_gpu/lib/python3.10/site-packages/matplotlib/mpl-data
2024-06-10 14:05:00,995 - DEBUG - CONFIGDIR=/home/pg496/.config/matplotlib
2024-06-10 14:05:00,996 - DEBUG - interactive is False
2024-06-10 14:05:00,996 - DEBUG - platform is linux
2024-06-10 14:05:01,047 - DEBUG - CACHEDIR=/home/pg496/.cache/matplotlib
2024-06-10 14:05:01,048 - DEBUG - Using fontManager instance from /home/pg496/.cache/matplotlib/fontlist-v330.json
2024-06-10 14:05:01,284 - DEBUG - Creating converter from 7 to 5
2024-06-10 14:05:01,284 - DEBUG - Creating converter from 5 to 7
2024-06-10 14:05:01,284 - DEBUG - Creating converter from 7 to 5
2024-06-10 14:05:01,284 - DEBUG - Creating converter from 5 to 7
2024-06-10 14:05:07,023 - DEBUG - First few rows of labelled fixations: 
   start_time  end_time  category  ...   mean_y_pos     fix_roi  agent
0       0.254     0.402       3.0  ...   203.120805  out_of_roi  Lynch
1       0.407     0.558       3.0  ... -1188.157895  out_of_roi  Lynch
2       0.584     0.769       3.0  ... -1226.191011  out_of_roi  Lynch
3       0.775     0.947       3.0  ... -1221.121387  out_of_roi  Lynch
4       0.973     1.098       3.0  ... -1155.447154  out_of_roi  Lynch

[5 rows x 11 columns]
2024-06-10 14:05:07,034 - DEBUG - First few rows of labelled spiketimes: 
                                              spikeS  ... region
0  [1.044075, 3.13865, 3.474675, 4.42465, 4.92632...  ...    BLA
1  [20.752875, 56.052075, 127.98965, 130.049925, ...  ...    BLA
2  [0.693575, 1.348825, 1.5314, 2.736025, 5.6675,...  ...    BLA
3  [0.7346, 1.21215, 2.80735, 6.401425, 6.4468, 7...  ...    BLA
4  [0.81235, 1.152825, 1.580025, 3.294225, 14.219...  ...    BLA

[5 rows x 10 columns]
2024-06-10 14:05:07,034 - DEBUG - Labelled fixations shape: (339972, 11)
2024-06-10 14:05:07,034 - DEBUG - Labelled spiketimes shape: (1255, 10)
2024-06-10 14:05:07,060 - DEBUG - Processing session: OTNAL_FV_062922
2024-06-10 14:05:07,062 - DEBUG - Session fixations shape: (9046, 11)
2024-06-10 14:05:07,062 - DEBUG - Session neurons shape: (15, 10)
2024-06-10 14:05:07,062 - DEBUG - Processing unit: 62920220031
2024-06-10 14:05:07,147 - DEBUG - Processing unit: 62920220041
2024-06-10 14:05:07,537 - DEBUG - Processing unit: 62920220051
2024-06-10 14:05:07,801 - DEBUG - Processing unit: 62920220052
2024-06-10 14:05:07,904 - DEBUG - Processing unit: 62920220071
2024-06-10 14:05:08,246 - DEBUG - Processing unit: 62920220081
2024-06-10 14:05:08,372 - DEBUG - Processing unit: 62920220082
2024-06-10 14:05:08,812 - DEBUG - Processing unit: 62920220083
2024-06-10 14:05:09,078 - DEBUG - Processing unit: 62920220101
2024-06-10 14:05:09,307 - DEBUG - Processing unit: 62920220181
2024-06-10 14:05:09,544 - DEBUG - Processing unit: 62920220201
2024-06-10 14:05:09,857 - DEBUG - Processing unit: 62920220231
2024-06-10 14:05:10,172 - DEBUG - Processing unit: 62920220291
2024-06-10 14:05:10,399 - DEBUG - Processing unit: 62920220461
2024-06-10 14:05:10,685 - DEBUG - Processing unit: 62920220471
