
CondaError: Run 'conda init' before 'conda deactivate'

2024-06-10 14:04:51,868 - DEBUG - matplotlib data path: /gpfs/milgram/project/chang/pg496/conda_envs/nn_gpu/lib/python3.10/site-packages/matplotlib/mpl-data
2024-06-10 14:04:51,873 - DEBUG - CONFIGDIR=/home/pg496/.config/matplotlib
2024-06-10 14:04:51,874 - DEBUG - interactive is False
2024-06-10 14:04:51,874 - DEBUG - platform is linux
2024-06-10 14:04:51,922 - DEBUG - CACHEDIR=/home/pg496/.cache/matplotlib
2024-06-10 14:04:51,923 - DEBUG - Using fontManager instance from /home/pg496/.cache/matplotlib/fontlist-v330.json
2024-06-10 14:04:52,150 - DEBUG - Creating converter from 7 to 5
2024-06-10 14:04:52,150 - DEBUG - Creating converter from 5 to 7
2024-06-10 14:04:52,150 - DEBUG - Creating converter from 7 to 5
2024-06-10 14:04:52,150 - DEBUG - Creating converter from 5 to 7
2024-06-10 14:04:57,750 - DEBUG - First few rows of labelled fixations: 
   start_time  end_time  category  ...   mean_y_pos     fix_roi  agent
0       0.254     0.402       3.0  ...   203.120805  out_of_roi  Lynch
1       0.407     0.558       3.0  ... -1188.157895  out_of_roi  Lynch
2       0.584     0.769       3.0  ... -1226.191011  out_of_roi  Lynch
3       0.775     0.947       3.0  ... -1221.121387  out_of_roi  Lynch
4       0.973     1.098       3.0  ... -1155.447154  out_of_roi  Lynch

[5 rows x 11 columns]
2024-06-10 14:04:57,760 - DEBUG - First few rows of labelled spiketimes: 
                                              spikeS  ... region
0  [1.044075, 3.13865, 3.474675, 4.42465, 4.92632...  ...    BLA
1  [20.752875, 56.052075, 127.98965, 130.049925, ...  ...    BLA
2  [0.693575, 1.348825, 1.5314, 2.736025, 5.6675,...  ...    BLA
3  [0.7346, 1.21215, 2.80735, 6.401425, 6.4468, 7...  ...    BLA
4  [0.81235, 1.152825, 1.580025, 3.294225, 14.219...  ...    BLA

[5 rows x 10 columns]
2024-06-10 14:04:57,761 - DEBUG - Labelled fixations shape: (339972, 11)
2024-06-10 14:04:57,761 - DEBUG - Labelled spiketimes shape: (1255, 10)
2024-06-10 14:04:57,786 - DEBUG - Processing session: OTNAL_FV_031521
2024-06-10 14:04:57,788 - DEBUG - Session fixations shape: (11993, 11)
2024-06-10 14:04:57,788 - DEBUG - Session neurons shape: (55, 10)
2024-06-10 14:04:57,789 - DEBUG - Processing unit: 31520210011
2024-06-10 14:04:57,867 - DEBUG - Processing unit: 31520210012
2024-06-10 14:04:57,943 - DEBUG - Processing unit: 31520210013
2024-06-10 14:04:58,041 - DEBUG - Processing unit: 31520210014
2024-06-10 14:04:58,208 - DEBUG - Processing unit: 31520210021
2024-06-10 14:04:58,254 - DEBUG - Processing unit: 31520210022
2024-06-10 14:04:58,396 - DEBUG - Processing unit: 31520210031
2024-06-10 14:04:58,485 - DEBUG - Processing unit: 31520210032
2024-06-10 14:04:58,572 - DEBUG - Processing unit: 31520210041
2024-06-10 14:04:58,684 - DEBUG - Processing unit: 31520210042
2024-06-10 14:04:58,849 - DEBUG - Processing unit: 31520210043
2024-06-10 14:04:58,979 - DEBUG - Processing unit: 31520210051
2024-06-10 14:04:59,102 - DEBUG - Processing unit: 31520210061
2024-06-10 14:04:59,264 - DEBUG - Processing unit: 31520210071
2024-06-10 14:04:59,382 - DEBUG - Processing unit: 31520210072
2024-06-10 14:04:59,553 - DEBUG - Processing unit: 31520210081
2024-06-10 14:04:59,865 - DEBUG - Processing unit: 31520210082
2024-06-10 14:05:00,064 - DEBUG - Processing unit: 31520210091
2024-06-10 14:05:00,449 - DEBUG - Processing unit: 31520210101
2024-06-10 14:05:00,830 - DEBUG - Processing unit: 31520210102
2024-06-10 14:05:01,347 - DEBUG - Processing unit: 31520210103
2024-06-10 14:05:01,825 - DEBUG - Processing unit: 31520210111
2024-06-10 14:05:02,314 - DEBUG - Processing unit: 31520210121
2024-06-10 14:05:02,537 - DEBUG - Processing unit: 31520210122
2024-06-10 14:05:02,790 - DEBUG - Processing unit: 31520210131
2024-06-10 14:05:03,386 - DEBUG - Processing unit: 31520210141
2024-06-10 14:05:03,896 - DEBUG - Processing unit: 31520210151
2024-06-10 14:05:04,176 - DEBUG - Processing unit: 31520210161
2024-06-10 14:05:04,459 - DEBUG - Processing unit: 31520210171
2024-06-10 14:05:04,821 - DEBUG - Processing unit: 31520210181
2024-06-10 14:05:05,265 - DEBUG - Processing unit: 31520210191
2024-06-10 14:05:05,679 - DEBUG - Processing unit: 31520210201
