
CondaError: Run 'conda init' before 'conda deactivate'

2024-06-10 14:38:24,329 - DEBUG - matplotlib data path: /gpfs/milgram/project/chang/pg496/conda_envs/nn_gpu/lib/python3.10/site-packages/matplotlib/mpl-data
2024-06-10 14:38:24,334 - DEBUG - CONFIGDIR=/home/pg496/.config/matplotlib
2024-06-10 14:38:24,336 - DEBUG - interactive is False
2024-06-10 14:38:24,336 - DEBUG - platform is linux
2024-06-10 14:38:24,382 - DEBUG - CACHEDIR=/home/pg496/.cache/matplotlib
2024-06-10 14:38:24,384 - DEBUG - Using fontManager instance from /home/pg496/.cache/matplotlib/fontlist-v330.json
2024-06-10 14:38:24,595 - DEBUG - Creating converter from 7 to 5
2024-06-10 14:38:24,595 - DEBUG - Creating converter from 5 to 7
2024-06-10 14:38:24,595 - DEBUG - Creating converter from 7 to 5
2024-06-10 14:38:24,595 - DEBUG - Creating converter from 5 to 7
2024-06-10 14:38:29,756 - DEBUG - First few rows of labelled fixations: 
   start_time  end_time  category  ...   mean_y_pos     fix_roi  agent
0       0.254     0.402       3.0  ...   203.120805  out_of_roi  Lynch
1       0.407     0.558       3.0  ... -1188.157895  out_of_roi  Lynch
2       0.584     0.769       3.0  ... -1226.191011  out_of_roi  Lynch
3       0.775     0.947       3.0  ... -1221.121387  out_of_roi  Lynch
4       0.973     1.098       3.0  ... -1155.447154  out_of_roi  Lynch

[5 rows x 11 columns]
2024-06-10 14:38:29,765 - DEBUG - First few rows of labelled spiketimes: 
                                              spikeS  ... region
0  [1.044075, 3.13865, 3.474675, 4.42465, 4.92632...  ...    BLA
1  [20.752875, 56.052075, 127.98965, 130.049925, ...  ...    BLA
2  [0.693575, 1.348825, 1.5314, 2.736025, 5.6675,...  ...    BLA
3  [0.7346, 1.21215, 2.80735, 6.401425, 6.4468, 7...  ...    BLA
4  [0.81235, 1.152825, 1.580025, 3.294225, 14.219...  ...    BLA

[5 rows x 10 columns]
2024-06-10 14:38:29,766 - DEBUG - Labelled fixations shape: (339972, 11)
2024-06-10 14:38:29,766 - DEBUG - Labelled spiketimes shape: (1255, 10)
2024-06-10 14:38:29,790 - DEBUG - Processing session: OTNAL_FV_070622
2024-06-10 14:38:29,792 - DEBUG - Session fixations shape: (10346, 11)
2024-06-10 14:38:29,792 - DEBUG - Session neurons shape: (51, 10)
2024-06-10 14:38:29,792 - DEBUG - Processing unit: 70620220011
2024-06-10 14:38:29,810 - DEBUG - Processing unit: 70620220021
2024-06-10 14:38:29,892 - DEBUG - Processing unit: 70620220041
2024-06-10 14:38:29,933 - DEBUG - Processing unit: 70620220051
2024-06-10 14:38:30,026 - DEBUG - Processing unit: 70620220061
2024-06-10 14:38:30,164 - DEBUG - Processing unit: 70620220101
2024-06-10 14:38:30,324 - DEBUG - Processing unit: 70620220111
2024-06-10 14:38:30,463 - DEBUG - Processing unit: 70620220121
2024-06-10 14:38:30,668 - DEBUG - Processing unit: 70620220122
2024-06-10 14:38:30,866 - DEBUG - Processing unit: 70620220131
2024-06-10 14:38:31,143 - DEBUG - Processing unit: 70620220141
2024-06-10 14:38:31,382 - DEBUG - Processing unit: 70620220151
2024-06-10 14:38:31,517 - DEBUG - Processing unit: 70620220152
2024-06-10 14:38:31,766 - DEBUG - Processing unit: 70620220171
2024-06-10 14:38:32,151 - DEBUG - Processing unit: 70620220181
2024-06-10 14:38:32,534 - DEBUG - Processing unit: 70620220191
2024-06-10 14:38:32,719 - DEBUG - Processing unit: 70620220192
2024-06-10 14:38:33,087 - DEBUG - Processing unit: 70620220201
2024-06-10 14:38:33,546 - DEBUG - Processing unit: 70620220211
2024-06-10 14:38:33,940 - DEBUG - Processing unit: 70620220221
2024-06-10 14:38:34,265 - DEBUG - Processing unit: 70620220231
2024-06-10 14:38:34,643 - DEBUG - Processing unit: 70620220241
2024-06-10 14:38:35,103 - DEBUG - Processing unit: 70620220242
2024-06-10 14:38:35,517 - DEBUG - Processing unit: 70620220251
2024-06-10 14:38:35,976 - DEBUG - Processing unit: 70620220261
2024-06-10 14:38:36,613 - DEBUG - Processing unit: 70620220262
2024-06-10 14:38:37,028 - DEBUG - Processing unit: 70620220271
2024-06-10 14:38:37,307 - DEBUG - Processing unit: 70620220272
2024-06-10 14:38:37,452 - DEBUG - Processing unit: 70620220281
2024-06-10 14:38:38,168 - DEBUG - Processing unit: 70620220291
2024-06-10 14:38:38,669 - DEBUG - Processing unit: 70620220292
2024-06-10 14:38:38,804 - DEBUG - Processing unit: 70620220411
slurmstepd: error: *** JOB 27009583 ON r812u15n02 CANCELLED AT 2024-06-10T14:40:46 ***
