
CondaError: Run 'conda init' before 'conda deactivate'

2024-06-10 14:58:00,881 - DEBUG - matplotlib data path: /gpfs/milgram/project/chang/pg496/conda_envs/nn_gpu/lib/python3.10/site-packages/matplotlib/mpl-data
2024-06-10 14:58:00,886 - DEBUG - CONFIGDIR=/home/pg496/.config/matplotlib
2024-06-10 14:58:00,887 - DEBUG - interactive is False
2024-06-10 14:58:00,887 - DEBUG - platform is linux
2024-06-10 14:58:00,930 - DEBUG - CACHEDIR=/home/pg496/.cache/matplotlib
2024-06-10 14:58:00,931 - DEBUG - Using fontManager instance from /home/pg496/.cache/matplotlib/fontlist-v330.json
2024-06-10 14:58:01,131 - DEBUG - Creating converter from 7 to 5
2024-06-10 14:58:01,131 - DEBUG - Creating converter from 5 to 7
2024-06-10 14:58:01,131 - DEBUG - Creating converter from 7 to 5
2024-06-10 14:58:01,131 - DEBUG - Creating converter from 5 to 7
2024-06-10 14:58:06,299 - DEBUG - First few rows of labelled fixations: 
   start_time  end_time  category  ...   mean_y_pos     fix_roi  agent
0       0.254     0.402       3.0  ...   203.120805  out_of_roi  Lynch
1       0.407     0.558       3.0  ... -1188.157895  out_of_roi  Lynch
2       0.584     0.769       3.0  ... -1226.191011  out_of_roi  Lynch
3       0.775     0.947       3.0  ... -1221.121387  out_of_roi  Lynch
4       0.973     1.098       3.0  ... -1155.447154  out_of_roi  Lynch

[5 rows x 11 columns]
2024-06-10 14:58:06,308 - DEBUG - First few rows of labelled spiketimes: 
                                              spikeS  ... region
0  [1.044075, 3.13865, 3.474675, 4.42465, 4.92632...  ...    BLA
1  [20.752875, 56.052075, 127.98965, 130.049925, ...  ...    BLA
2  [0.693575, 1.348825, 1.5314, 2.736025, 5.6675,...  ...    BLA
3  [0.7346, 1.21215, 2.80735, 6.401425, 6.4468, 7...  ...    BLA
4  [0.81235, 1.152825, 1.580025, 3.294225, 14.219...  ...    BLA

[5 rows x 10 columns]
2024-06-10 14:58:06,308 - DEBUG - Labelled fixations shape: (339972, 11)
2024-06-10 14:58:06,308 - DEBUG - Labelled spiketimes shape: (1255, 10)
2024-06-10 14:58:06,331 - DEBUG - Processing session: OTNAL_FV_062922
2024-06-10 14:58:06,332 - DEBUG - Session fixations shape: (9046, 11)
2024-06-10 14:58:06,332 - DEBUG - Session neurons shape: (15, 10)
2024-06-10 14:58:06,333 - DEBUG - Processing unit: 62920220031
2024-06-10 14:58:06,397 - DEBUG - Processing unit: 62920220041
2024-06-10 14:58:06,689 - DEBUG - Processing unit: 62920220051
2024-06-10 14:58:06,690 - DEBUG - Processing unit: 62920220052
2024-06-10 14:58:06,957 - DEBUG - Processing unit: 62920220071
2024-06-10 14:58:07,148 - DEBUG - Processing unit: 62920220081
2024-06-10 14:58:07,193 - DEBUG - Processing unit: 62920220082
2024-06-10 14:58:07,472 - DEBUG - Processing unit: 62920220083
2024-06-10 14:58:07,485 - DEBUG - Processing unit: 62920220101
2024-06-10 14:58:07,553 - DEBUG - Processing unit: 62920220181
2024-06-10 14:58:07,603 - DEBUG - Processing unit: 62920220201
2024-06-10 14:58:07,610 - DEBUG - Processing unit: 62920220231
2024-06-10 14:58:07,635 - DEBUG - Processing unit: 62920220291
2024-06-10 14:58:07,744 - DEBUG - Processing unit: 62920220461
2024-06-10 14:58:07,781 - DEBUG - Processing unit: 62920220471
