
CondaError: Run 'conda init' before 'conda deactivate'

2024-06-10 15:25:40,934 - DEBUG - matplotlib data path: /gpfs/milgram/project/chang/pg496/conda_envs/nn_gpu/lib/python3.10/site-packages/matplotlib/mpl-data
2024-06-10 15:25:40,938 - DEBUG - CONFIGDIR=/home/pg496/.config/matplotlib
2024-06-10 15:25:40,939 - DEBUG - interactive is False
2024-06-10 15:25:40,939 - DEBUG - platform is linux
2024-06-10 15:25:40,982 - DEBUG - CACHEDIR=/home/pg496/.cache/matplotlib
2024-06-10 15:25:40,983 - DEBUG - Using fontManager instance from /home/pg496/.cache/matplotlib/fontlist-v330.json
2024-06-10 15:25:41,175 - DEBUG - Creating converter from 7 to 5
2024-06-10 15:25:41,175 - DEBUG - Creating converter from 5 to 7
2024-06-10 15:25:41,175 - DEBUG - Creating converter from 7 to 5
2024-06-10 15:25:41,175 - DEBUG - Creating converter from 5 to 7
2024-06-10 15:25:46,073 - DEBUG - First few rows of labelled fixations: 
   start_time  end_time  category  ...   mean_y_pos     fix_roi  agent
0       0.254     0.402       3.0  ...   203.120805  out_of_roi  Lynch
1       0.407     0.558       3.0  ... -1188.157895  out_of_roi  Lynch
2       0.584     0.769       3.0  ... -1226.191011  out_of_roi  Lynch
3       0.775     0.947       3.0  ... -1221.121387  out_of_roi  Lynch
4       0.973     1.098       3.0  ... -1155.447154  out_of_roi  Lynch

[5 rows x 11 columns]
2024-06-10 15:25:46,082 - DEBUG - First few rows of labelled spiketimes: 
                                              spikeS  ... region
0  [1.044075, 3.13865, 3.474675, 4.42465, 4.92632...  ...    BLA
1  [20.752875, 56.052075, 127.98965, 130.049925, ...  ...    BLA
2  [0.693575, 1.348825, 1.5314, 2.736025, 5.6675,...  ...    BLA
3  [0.7346, 1.21215, 2.80735, 6.401425, 6.4468, 7...  ...    BLA
4  [0.81235, 1.152825, 1.580025, 3.294225, 14.219...  ...    BLA

[5 rows x 10 columns]
2024-06-10 15:25:46,082 - DEBUG - Labelled fixations shape: (339972, 11)
2024-06-10 15:25:46,082 - DEBUG - Labelled spiketimes shape: (1255, 10)
2024-06-10 15:25:46,107 - DEBUG - Processing session: OTNAL_FV_070122
2024-06-10 15:25:46,108 - DEBUG - Session fixations shape: (10302, 11)
2024-06-10 15:25:46,108 - DEBUG - Session neurons shape: (80, 10)
2024-06-10 15:25:46,109 - DEBUG - Processing unit: 70120220041
2024-06-10 15:25:46,175 - DEBUG - Processing unit: 70120220091
2024-06-10 15:25:46,205 - DEBUG - Processing unit: 70120220111
2024-06-10 15:25:46,209 - DEBUG - Processing unit: 70120220121
2024-06-10 15:25:46,507 - DEBUG - Processing unit: 70120220131
2024-06-10 15:25:46,528 - DEBUG - Processing unit: 70120220151
2024-06-10 15:25:46,611 - DEBUG - Processing unit: 70120220161
2024-06-10 15:25:46,620 - DEBUG - Processing unit: 70120220171
2024-06-10 15:25:46,623 - DEBUG - Processing unit: 70120220172
2024-06-10 15:25:46,788 - DEBUG - Processing unit: 70120220191
2024-06-10 15:25:47,064 - DEBUG - Processing unit: 70120220201
2024-06-10 15:25:47,108 - DEBUG - Processing unit: 70120220211
2024-06-10 15:25:47,147 - DEBUG - Processing unit: 70120220212
2024-06-10 15:25:47,151 - DEBUG - Processing unit: 70120220221
2024-06-10 15:25:47,213 - DEBUG - Processing unit: 70120220222
2024-06-10 15:25:47,277 - DEBUG - Processing unit: 70120220231
2024-06-10 15:25:47,509 - DEBUG - Processing unit: 70120220232
2024-06-10 15:25:47,553 - DEBUG - Processing unit: 70120220241
2024-06-10 15:25:47,597 - DEBUG - Processing unit: 70120220242
2024-06-10 15:25:47,677 - DEBUG - Processing unit: 70120220243
2024-06-10 15:25:47,732 - DEBUG - Processing unit: 70120220251
2024-06-10 15:25:47,811 - DEBUG - Processing unit: 70120220252
2024-06-10 15:25:47,840 - DEBUG - Processing unit: 70120220271
2024-06-10 15:25:47,884 - DEBUG - Processing unit: 70120220272
2024-06-10 15:25:48,022 - DEBUG - Processing unit: 70120220273
2024-06-10 15:25:48,153 - DEBUG - Processing unit: 70120220281
2024-06-10 15:25:48,190 - DEBUG - Processing unit: 70120220282
2024-06-10 15:25:48,665 - DEBUG - Processing unit: 70120220291
2024-06-10 15:25:48,769 - DEBUG - Processing unit: 70120220292
2024-06-10 15:25:48,827 - DEBUG - Processing unit: 70120220293
2024-06-10 15:25:48,882 - DEBUG - Processing unit: 70120220301
2024-06-10 15:25:48,998 - DEBUG - Processing unit: 70120220302
2024-06-10 15:30:53,843 - DEBUG - Processing unit: 70120220303
2024-06-10 15:31:02,379 - DEBUG - Processing unit: 70120220311
2024-06-10 15:34:58,175 - DEBUG - Processing unit: 70120220312
2024-06-10 15:35:12,724 - DEBUG - Processing unit: 70120220321
2024-06-10 15:35:19,272 - DEBUG - Processing unit: 70120220322
2024-06-10 15:35:39,466 - DEBUG - Processing unit: 70120220331
2024-06-10 15:36:07,700 - DEBUG - Processing unit: 70120220341
2024-06-10 15:37:44,717 - DEBUG - Processing unit: 70120220342
2024-06-10 15:39:04,101 - DEBUG - Processing unit: 70120220351
2024-06-10 15:39:52,490 - DEBUG - Processing unit: 70120220352
2024-06-10 15:40:50,240 - DEBUG - Processing unit: 70120220361
2024-06-10 15:41:48,234 - DEBUG - Processing unit: 70120220371
2024-06-10 15:42:47,706 - DEBUG - Processing unit: 70120220372
2024-06-10 15:44:53,610 - DEBUG - Processing unit: 70120220381
2024-06-10 15:44:55,565 - DEBUG - Processing unit: 70120220391
2024-06-10 15:45:01,503 - DEBUG - Processing unit: 70120220392
2024-06-10 15:45:16,896 - DEBUG - Processing unit: 70120220393
2024-06-10 15:46:35,288 - DEBUG - Processing unit: 70120220401
2024-06-10 15:47:40,190 - DEBUG - Processing unit: 70120220402
2024-06-10 15:48:25,181 - DEBUG - Processing unit: 70120220411
2024-06-10 15:48:52,283 - DEBUG - Processing unit: 70120220412
2024-06-10 15:49:02,518 - DEBUG - Processing unit: 70120220421
2024-06-10 15:49:09,263 - DEBUG - Processing unit: 70120220422
2024-06-10 15:49:15,372 - DEBUG - Processing unit: 70120220431
2024-06-10 15:49:32,495 - DEBUG - Processing unit: 70120220432
2024-06-10 15:50:55,574 - DEBUG - Processing unit: 70120220433
2024-06-10 15:51:15,906 - DEBUG - Processing unit: 70120220441
2024-06-10 15:51:26,408 - DEBUG - Processing unit: 70120220451
2024-06-10 15:51:47,888 - DEBUG - Processing unit: 70120220452
2024-06-10 15:51:51,599 - DEBUG - Processing unit: 70120220461
2024-06-10 15:51:52,447 - DEBUG - Processing unit: 70120220462
2024-06-10 15:51:53,135 - DEBUG - Processing unit: 70120220471
2024-06-10 15:52:04,879 - DEBUG - Processing unit: 70120220481
2024-06-10 15:52:11,737 - DEBUG - Processing unit: 70120220482
2024-06-10 15:52:15,203 - DEBUG - Processing unit: 70120220501
2024-06-10 15:52:19,525 - DEBUG - Processing unit: 70120220502
2024-06-10 15:55:05,032 - DEBUG - Processing unit: 70120220511
2024-06-10 15:55:53,199 - DEBUG - Processing unit: 70120220512
2024-06-10 15:56:12,951 - DEBUG - Processing unit: 70120220531
2024-06-10 15:57:21,564 - DEBUG - Processing unit: 70120220561
2024-06-10 15:58:37,684 - DEBUG - Processing unit: 70120220562
2024-06-10 15:58:40,148 - DEBUG - Processing unit: 70120220571
2024-06-10 15:58:56,013 - DEBUG - Processing unit: 70120220581
2024-06-10 15:59:49,679 - DEBUG - Processing unit: 70120220591
2024-06-10 15:59:54,668 - DEBUG - Processing unit: 70120220601
2024-06-10 16:00:42,049 - DEBUG - Processing unit: 70120220621
2024-06-10 16:01:08,132 - DEBUG - Processing unit: 70120220631
2024-06-10 16:01:21,678 - DEBUG - Processing unit: 70120220641
2024-06-10 16:43:12,753 - INFO - Saved session data for OTNAL_FV_070122 to /gpfs/milgram/project/chang/pg496/data_dir/otnal/processed_data/OTNAL_FV_070122_raster.csv
