
CondaError: Run 'conda init' before 'conda deactivate'

2024-06-10 14:38:30,960 - DEBUG - matplotlib data path: /gpfs/milgram/project/chang/pg496/conda_envs/nn_gpu/lib/python3.10/site-packages/matplotlib/mpl-data
2024-06-10 14:38:30,967 - DEBUG - CONFIGDIR=/home/pg496/.config/matplotlib
2024-06-10 14:38:30,969 - DEBUG - interactive is False
2024-06-10 14:38:30,969 - DEBUG - platform is linux
2024-06-10 14:38:31,044 - DEBUG - CACHEDIR=/home/pg496/.cache/matplotlib
2024-06-10 14:38:31,047 - DEBUG - Using fontManager instance from /home/pg496/.cache/matplotlib/fontlist-v330.json
2024-06-10 14:38:31,546 - DEBUG - Creating converter from 7 to 5
2024-06-10 14:38:31,546 - DEBUG - Creating converter from 5 to 7
2024-06-10 14:38:31,546 - DEBUG - Creating converter from 7 to 5
2024-06-10 14:38:31,546 - DEBUG - Creating converter from 5 to 7
2024-06-10 14:38:37,969 - DEBUG - First few rows of labelled fixations: 
   start_time  end_time  category  ...   mean_y_pos     fix_roi  agent
0       0.254     0.402       3.0  ...   203.120805  out_of_roi  Lynch
1       0.407     0.558       3.0  ... -1188.157895  out_of_roi  Lynch
2       0.584     0.769       3.0  ... -1226.191011  out_of_roi  Lynch
3       0.775     0.947       3.0  ... -1221.121387  out_of_roi  Lynch
4       0.973     1.098       3.0  ... -1155.447154  out_of_roi  Lynch

[5 rows x 11 columns]
2024-06-10 14:38:37,978 - DEBUG - First few rows of labelled spiketimes: 
                                              spikeS  ... region
0  [1.044075, 3.13865, 3.474675, 4.42465, 4.92632...  ...    BLA
1  [20.752875, 56.052075, 127.98965, 130.049925, ...  ...    BLA
2  [0.693575, 1.348825, 1.5314, 2.736025, 5.6675,...  ...    BLA
3  [0.7346, 1.21215, 2.80735, 6.401425, 6.4468, 7...  ...    BLA
4  [0.81235, 1.152825, 1.580025, 3.294225, 14.219...  ...    BLA

[5 rows x 10 columns]
2024-06-10 14:38:37,979 - DEBUG - Labelled fixations shape: (339972, 11)
2024-06-10 14:38:37,979 - DEBUG - Labelled spiketimes shape: (1255, 10)
2024-06-10 14:38:38,014 - DEBUG - Processing session: OTNAL_FV_032221
2024-06-10 14:38:38,016 - DEBUG - Session fixations shape: (11436, 11)
2024-06-10 14:38:38,016 - DEBUG - Session neurons shape: (71, 10)
2024-06-10 14:38:38,016 - DEBUG - Processing unit: 32220210011
2024-06-10 14:38:38,029 - DEBUG - Processing unit: 32220210021
2024-06-10 14:38:38,184 - DEBUG - Processing unit: 32220210022
2024-06-10 14:38:38,325 - DEBUG - Processing unit: 32220210031
2024-06-10 14:38:38,479 - DEBUG - Processing unit: 32220210032
2024-06-10 14:38:38,538 - DEBUG - Processing unit: 32220210041
2024-06-10 14:38:38,745 - DEBUG - Processing unit: 32220210051
2024-06-10 14:38:38,906 - DEBUG - Processing unit: 32220210061
2024-06-10 14:38:39,165 - DEBUG - Processing unit: 32220210071
2024-06-10 14:38:39,377 - DEBUG - Processing unit: 32220210081
2024-06-10 14:38:39,701 - DEBUG - Processing unit: 32220210091
2024-06-10 14:38:39,914 - DEBUG - Processing unit: 32220210101
2024-06-10 14:38:40,122 - DEBUG - Processing unit: 32220210102
2024-06-10 14:38:40,442 - DEBUG - Processing unit: 32220210111
2024-06-10 14:38:40,817 - DEBUG - Processing unit: 32220210121
2024-06-10 14:38:40,990 - DEBUG - Processing unit: 32220210122
2024-06-10 14:38:41,276 - DEBUG - Processing unit: 32220210131
2024-06-10 14:38:41,689 - DEBUG - Processing unit: 32220210141
2024-06-10 14:38:41,890 - DEBUG - Processing unit: 32220210151
2024-06-10 14:38:42,343 - DEBUG - Processing unit: 32220210161
2024-06-10 14:38:42,545 - DEBUG - Processing unit: 32220210171
2024-06-10 14:38:42,902 - DEBUG - Processing unit: 32220210181
2024-06-10 14:38:43,065 - DEBUG - Processing unit: 32220210191
2024-06-10 14:38:43,541 - DEBUG - Processing unit: 32220210201
2024-06-10 14:38:43,825 - DEBUG - Processing unit: 32220210211
2024-06-10 14:38:44,346 - DEBUG - Processing unit: 32220210221
2024-06-10 14:38:44,850 - DEBUG - Processing unit: 32220210231
2024-06-10 14:38:45,345 - DEBUG - Processing unit: 32220210241
2024-06-10 14:38:45,696 - DEBUG - Processing unit: 32220210251
2024-06-10 14:38:46,159 - DEBUG - Processing unit: 32220210261
2024-06-10 14:38:46,776 - DEBUG - Processing unit: 32220210271
2024-06-10 14:38:47,415 - DEBUG - Processing unit: 32220210281
slurmstepd: error: *** JOB 27009592 ON r812u15n03 CANCELLED AT 2024-06-10T14:40:46 ***
