
CondaError: Run 'conda init' before 'conda deactivate'

2024-06-10 14:20:52,361 - DEBUG - matplotlib data path: /gpfs/milgram/project/chang/pg496/conda_envs/nn_gpu/lib/python3.10/site-packages/matplotlib/mpl-data
2024-06-10 14:20:52,366 - DEBUG - CONFIGDIR=/home/pg496/.config/matplotlib
2024-06-10 14:20:52,368 - DEBUG - interactive is False
2024-06-10 14:20:52,368 - DEBUG - platform is linux
2024-06-10 14:20:52,417 - DEBUG - CACHEDIR=/home/pg496/.cache/matplotlib
2024-06-10 14:20:52,418 - DEBUG - Using fontManager instance from /home/pg496/.cache/matplotlib/fontlist-v330.json
2024-06-10 14:20:52,649 - DEBUG - Creating converter from 7 to 5
2024-06-10 14:20:52,650 - DEBUG - Creating converter from 5 to 7
2024-06-10 14:20:52,650 - DEBUG - Creating converter from 7 to 5
2024-06-10 14:20:52,650 - DEBUG - Creating converter from 5 to 7
2024-06-10 14:20:58,399 - DEBUG - First few rows of labelled fixations: 
   start_time  end_time  category  ...   mean_y_pos     fix_roi  agent
0       0.254     0.402       3.0  ...   203.120805  out_of_roi  Lynch
1       0.407     0.558       3.0  ... -1188.157895  out_of_roi  Lynch
2       0.584     0.769       3.0  ... -1226.191011  out_of_roi  Lynch
3       0.775     0.947       3.0  ... -1221.121387  out_of_roi  Lynch
4       0.973     1.098       3.0  ... -1155.447154  out_of_roi  Lynch

[5 rows x 11 columns]
2024-06-10 14:20:58,410 - DEBUG - First few rows of labelled spiketimes: 
                                              spikeS  ... region
0  [1.044075, 3.13865, 3.474675, 4.42465, 4.92632...  ...    BLA
1  [20.752875, 56.052075, 127.98965, 130.049925, ...  ...    BLA
2  [0.693575, 1.348825, 1.5314, 2.736025, 5.6675,...  ...    BLA
3  [0.7346, 1.21215, 2.80735, 6.401425, 6.4468, 7...  ...    BLA
4  [0.81235, 1.152825, 1.580025, 3.294225, 14.219...  ...    BLA

[5 rows x 10 columns]
2024-06-10 14:20:58,410 - DEBUG - Labelled fixations shape: (339972, 11)
2024-06-10 14:20:58,410 - DEBUG - Labelled spiketimes shape: (1255, 10)
2024-06-10 14:20:58,437 - DEBUG - Processing session: OTNAL_FV_062222
2024-06-10 14:20:58,438 - DEBUG - Session fixations shape: (8749, 11)
2024-06-10 14:20:58,439 - DEBUG - Session neurons shape: (37, 10)
2024-06-10 14:20:58,439 - DEBUG - Processing unit: 62220220011
2024-06-10 14:20:58,452 - DEBUG - Processing unit: 62220220021
2024-06-10 14:20:58,466 - DEBUG - Processing unit: 62220220031
2024-06-10 14:20:58,571 - DEBUG - Processing unit: 62220220041
2024-06-10 14:20:58,641 - DEBUG - Processing unit: 62220220061
2024-06-10 14:20:58,707 - DEBUG - Processing unit: 62220220062
2024-06-10 14:20:58,786 - DEBUG - Processing unit: 62220220063
2024-06-10 14:20:58,960 - DEBUG - Processing unit: 62220220071
2024-06-10 14:20:59,160 - DEBUG - Processing unit: 62220220072
2024-06-10 14:20:59,432 - DEBUG - Processing unit: 62220220073
2024-06-10 14:20:59,575 - DEBUG - Processing unit: 62220220081
2024-06-10 14:20:59,832 - DEBUG - Processing unit: 62220220082
2024-06-10 14:21:00,015 - DEBUG - Processing unit: 62220220091
2024-06-10 14:21:00,231 - DEBUG - Processing unit: 62220220101
2024-06-10 14:21:00,559 - DEBUG - Processing unit: 62220220111
2024-06-10 14:21:00,956 - DEBUG - Processing unit: 62220220112
2024-06-10 14:21:01,137 - DEBUG - Processing unit: 62220220113
2024-06-10 14:21:01,312 - DEBUG - Processing unit: 62220220121
2024-06-10 14:21:01,741 - DEBUG - Processing unit: 62220220122
2024-06-10 14:21:01,952 - DEBUG - Processing unit: 62220220131
2024-06-10 14:21:02,327 - DEBUG - Processing unit: 62220220132
2024-06-10 14:21:02,588 - DEBUG - Processing unit: 62220220141
2024-06-10 14:21:03,011 - DEBUG - Processing unit: 62220220151
2024-06-10 14:21:03,487 - DEBUG - Processing unit: 62220220152
2024-06-10 14:21:03,728 - DEBUG - Processing unit: 62220220171
2024-06-10 14:21:03,999 - DEBUG - Processing unit: 62220220351
2024-06-10 14:21:04,548 - DEBUG - Processing unit: 62220220381
2024-06-10 14:21:05,052 - DEBUG - Processing unit: 62220220411
2024-06-10 14:21:05,592 - DEBUG - Processing unit: 62220220461
2024-06-10 14:21:05,812 - DEBUG - Processing unit: 62220220481
2024-06-10 14:21:06,329 - DEBUG - Processing unit: 62220220491
2024-06-10 14:21:06,975 - DEBUG - Processing unit: 62220220501
2024-06-10 14:35:35,904 - DEBUG - Processing unit: 62220220511
2024-06-10 14:35:40,148 - DEBUG - Processing unit: 62220220521
2024-06-10 14:35:41,513 - DEBUG - Processing unit: 62220220561
2024-06-10 14:35:41,767 - DEBUG - Processing unit: 62220220571
2024-06-10 14:35:42,394 - DEBUG - Processing unit: 62220220591
/bin/sh: line 1: 3250999 Killed                  python analyze_gaze_signals.py --session /gpfs/milgram/project/chang/pg496/data_dir/otnal/data_source_7point3/OTNAL_FV_062222
slurmstepd: error: Detected 1 oom_kill event in StepId=27009551.batch. Some of the step tasks have been OOM Killed.
