
CondaError: Run 'conda init' before 'conda deactivate'

2024-06-10 14:59:58,640 - DEBUG - matplotlib data path: /gpfs/milgram/project/chang/pg496/conda_envs/nn_gpu/lib/python3.10/site-packages/matplotlib/mpl-data
2024-06-10 14:59:58,644 - DEBUG - CONFIGDIR=/home/pg496/.config/matplotlib
2024-06-10 14:59:58,645 - DEBUG - interactive is False
2024-06-10 14:59:58,645 - DEBUG - platform is linux
2024-06-10 14:59:58,688 - DEBUG - CACHEDIR=/home/pg496/.cache/matplotlib
2024-06-10 14:59:58,689 - DEBUG - Using fontManager instance from /home/pg496/.cache/matplotlib/fontlist-v330.json
2024-06-10 14:59:58,882 - DEBUG - Creating converter from 7 to 5
2024-06-10 14:59:58,883 - DEBUG - Creating converter from 5 to 7
2024-06-10 14:59:58,883 - DEBUG - Creating converter from 7 to 5
2024-06-10 14:59:58,883 - DEBUG - Creating converter from 5 to 7
2024-06-10 15:00:04,742 - DEBUG - First few rows of labelled fixations: 
   start_time  end_time  category  ...   mean_y_pos     fix_roi  agent
0       0.254     0.402       3.0  ...   203.120805  out_of_roi  Lynch
1       0.407     0.558       3.0  ... -1188.157895  out_of_roi  Lynch
2       0.584     0.769       3.0  ... -1226.191011  out_of_roi  Lynch
3       0.775     0.947       3.0  ... -1221.121387  out_of_roi  Lynch
4       0.973     1.098       3.0  ... -1155.447154  out_of_roi  Lynch

[5 rows x 11 columns]
2024-06-10 15:00:04,751 - DEBUG - First few rows of labelled spiketimes: 
                                              spikeS  ... region
0  [1.044075, 3.13865, 3.474675, 4.42465, 4.92632...  ...    BLA
1  [20.752875, 56.052075, 127.98965, 130.049925, ...  ...    BLA
2  [0.693575, 1.348825, 1.5314, 2.736025, 5.6675,...  ...    BLA
3  [0.7346, 1.21215, 2.80735, 6.401425, 6.4468, 7...  ...    BLA
4  [0.81235, 1.152825, 1.580025, 3.294225, 14.219...  ...    BLA

[5 rows x 10 columns]
2024-06-10 15:00:04,751 - DEBUG - Labelled fixations shape: (339972, 11)
2024-06-10 15:00:04,751 - DEBUG - Labelled spiketimes shape: (1255, 10)
2024-06-10 15:00:04,774 - DEBUG - Processing session: OTNAL_FV_062421
2024-06-10 15:00:04,776 - DEBUG - Session fixations shape: (13027, 11)
2024-06-10 15:00:04,776 - DEBUG - Session neurons shape: (47, 10)
2024-06-10 15:00:04,776 - DEBUG - Processing unit: 62420210011
2024-06-10 15:00:04,796 - DEBUG - Processing unit: 62420210021
2024-06-10 15:00:04,852 - DEBUG - Processing unit: 62420210051
2024-06-10 15:00:04,853 - DEBUG - Processing unit: 62420210061
2024-06-10 15:00:04,870 - DEBUG - Processing unit: 62420210071
2024-06-10 15:00:04,883 - DEBUG - Processing unit: 62420210081
2024-06-10 15:00:04,903 - DEBUG - Processing unit: 62420210091
2024-06-10 15:00:04,915 - DEBUG - Processing unit: 62420210101
2024-06-10 15:00:04,919 - DEBUG - Processing unit: 62420210111
2024-06-10 15:00:04,944 - DEBUG - Processing unit: 62420210121
2024-06-10 15:00:05,089 - DEBUG - Processing unit: 62420210131
2024-06-10 15:00:05,147 - DEBUG - Processing unit: 62420210141
2024-06-10 15:00:05,148 - DEBUG - Processing unit: 62420210161
2024-06-10 15:00:05,182 - DEBUG - Processing unit: 62420210191
2024-06-10 15:00:05,200 - DEBUG - Processing unit: 62420210192
2024-06-10 15:00:05,225 - DEBUG - Processing unit: 62420210193
2024-06-10 15:00:05,231 - DEBUG - Processing unit: 62420210194
2024-06-10 15:00:05,239 - DEBUG - Processing unit: 62420210201
2024-06-10 15:00:05,250 - DEBUG - Processing unit: 62420210202
2024-06-10 15:00:05,274 - DEBUG - Processing unit: 62420210203
2024-06-10 15:00:05,301 - DEBUG - Processing unit: 62420210211
2024-06-10 15:00:05,326 - DEBUG - Processing unit: 62420210212
2024-06-10 15:00:05,403 - DEBUG - Processing unit: 62420210221
2024-06-10 15:00:05,879 - DEBUG - Processing unit: 62420210222
2024-06-10 15:00:05,897 - DEBUG - Processing unit: 62420210223
2024-06-10 15:00:05,933 - DEBUG - Processing unit: 62420210241
2024-06-10 15:00:05,980 - DEBUG - Processing unit: 62420210251
2024-06-10 15:00:06,033 - DEBUG - Processing unit: 62420210261
2024-06-10 15:00:06,055 - DEBUG - Processing unit: 62420210262
2024-06-10 15:00:06,149 - DEBUG - Processing unit: 62420210271
2024-06-10 15:00:06,197 - DEBUG - Processing unit: 62420210272
2024-06-10 15:00:06,231 - DEBUG - Processing unit: 62420210281
2024-06-10 15:09:07,133 - DEBUG - Processing unit: 62420210282
2024-06-10 15:09:09,507 - DEBUG - Processing unit: 62420210291
2024-06-10 15:09:11,366 - DEBUG - Processing unit: 62420210301
2024-06-10 15:09:23,102 - DEBUG - Processing unit: 62420210311
2024-06-10 15:13:38,816 - DEBUG - Processing unit: 62420210321
2024-06-10 15:14:36,879 - DEBUG - Processing unit: 62420210461
2024-06-10 15:15:12,647 - DEBUG - Processing unit: 62420210471
2024-06-10 15:15:49,068 - DEBUG - Processing unit: 62420210551
2024-06-10 15:15:52,760 - DEBUG - Processing unit: 62420210571
2024-06-10 15:15:55,249 - DEBUG - Processing unit: 62420210581
2024-06-10 15:16:35,017 - DEBUG - Processing unit: 62420210601
2024-06-10 15:17:34,149 - DEBUG - Processing unit: 62420210611
2024-06-10 15:17:56,017 - DEBUG - Processing unit: 62420210612
2024-06-10 15:19:47,128 - DEBUG - Processing unit: 62420210613
2024-06-10 15:20:56,734 - DEBUG - Processing unit: 62420210621
slurmstepd: error: *** JOB 27009719 ON r811u17n02 CANCELLED AT 2024-06-10T15:24:56 ***
