
CondaError: Run 'conda init' before 'conda deactivate'

2024-06-10 14:20:52,352 - DEBUG - matplotlib data path: /gpfs/milgram/project/chang/pg496/conda_envs/nn_gpu/lib/python3.10/site-packages/matplotlib/mpl-data
2024-06-10 14:20:52,357 - DEBUG - CONFIGDIR=/home/pg496/.config/matplotlib
2024-06-10 14:20:52,358 - DEBUG - interactive is False
2024-06-10 14:20:52,359 - DEBUG - platform is linux
2024-06-10 14:20:52,408 - DEBUG - CACHEDIR=/home/pg496/.cache/matplotlib
2024-06-10 14:20:52,409 - DEBUG - Using fontManager instance from /home/pg496/.cache/matplotlib/fontlist-v330.json
2024-06-10 14:20:52,640 - DEBUG - Creating converter from 7 to 5
2024-06-10 14:20:52,640 - DEBUG - Creating converter from 5 to 7
2024-06-10 14:20:52,640 - DEBUG - Creating converter from 7 to 5
2024-06-10 14:20:52,640 - DEBUG - Creating converter from 5 to 7
2024-06-10 14:20:58,406 - DEBUG - First few rows of labelled fixations: 
   start_time  end_time  category  ...   mean_y_pos     fix_roi  agent
0       0.254     0.402       3.0  ...   203.120805  out_of_roi  Lynch
1       0.407     0.558       3.0  ... -1188.157895  out_of_roi  Lynch
2       0.584     0.769       3.0  ... -1226.191011  out_of_roi  Lynch
3       0.775     0.947       3.0  ... -1221.121387  out_of_roi  Lynch
4       0.973     1.098       3.0  ... -1155.447154  out_of_roi  Lynch

[5 rows x 11 columns]
2024-06-10 14:20:58,416 - DEBUG - First few rows of labelled spiketimes: 
                                              spikeS  ... region
0  [1.044075, 3.13865, 3.474675, 4.42465, 4.92632...  ...    BLA
1  [20.752875, 56.052075, 127.98965, 130.049925, ...  ...    BLA
2  [0.693575, 1.348825, 1.5314, 2.736025, 5.6675,...  ...    BLA
3  [0.7346, 1.21215, 2.80735, 6.401425, 6.4468, 7...  ...    BLA
4  [0.81235, 1.152825, 1.580025, 3.294225, 14.219...  ...    BLA

[5 rows x 10 columns]
2024-06-10 14:20:58,417 - DEBUG - Labelled fixations shape: (339972, 11)
2024-06-10 14:20:58,417 - DEBUG - Labelled spiketimes shape: (1255, 10)
2024-06-10 14:20:58,439 - DEBUG - Processing session: OTNAL_FV_112320
2024-06-10 14:20:58,441 - DEBUG - Session fixations shape: (13879, 11)
2024-06-10 14:20:58,441 - DEBUG - Session neurons shape: (26, 10)
2024-06-10 14:20:58,442 - DEBUG - Processing unit: 112320200011
2024-06-10 14:20:58,548 - DEBUG - Processing unit: 112320200012
2024-06-10 14:20:58,584 - DEBUG - Processing unit: 112320200021
2024-06-10 14:20:58,660 - DEBUG - Processing unit: 112320200031
2024-06-10 14:20:58,724 - DEBUG - Processing unit: 112320200032
2024-06-10 14:20:58,831 - DEBUG - Processing unit: 112320200041
2024-06-10 14:20:59,038 - DEBUG - Processing unit: 112320200051
2024-06-10 14:20:59,204 - DEBUG - Processing unit: 112320200061
2024-06-10 14:20:59,466 - DEBUG - Processing unit: 112320200062
2024-06-10 14:20:59,671 - DEBUG - Processing unit: 112320200071
2024-06-10 14:20:59,864 - DEBUG - Processing unit: 112320200072
2024-06-10 14:21:00,073 - DEBUG - Processing unit: 112320200081
2024-06-10 14:21:00,545 - DEBUG - Processing unit: 112320200082
2024-06-10 14:21:01,245 - DEBUG - Processing unit: 112320200091
2024-06-10 14:21:01,418 - DEBUG - Processing unit: 112320200092
2024-06-10 14:21:01,692 - DEBUG - Processing unit: 112320200101
2024-06-10 14:21:02,048 - DEBUG - Processing unit: 112320200111
2024-06-10 14:21:02,470 - DEBUG - Processing unit: 112320200121
2024-06-10 14:21:03,113 - DEBUG - Processing unit: 112320200131
2024-06-10 14:21:03,326 - DEBUG - Processing unit: 112320200132
2024-06-10 14:21:03,776 - DEBUG - Processing unit: 112320200141
2024-06-10 14:21:04,181 - DEBUG - Processing unit: 112320200142
2024-06-10 14:21:04,875 - DEBUG - Processing unit: 112320200143
2024-06-10 14:21:05,294 - DEBUG - Processing unit: 112320200151
2024-06-10 14:21:05,594 - DEBUG - Processing unit: 112320200152
2024-06-10 14:21:06,149 - DEBUG - Processing unit: 112320200161
/bin/sh: line 1: 3250997 Killed                  python analyze_gaze_signals.py --session /gpfs/milgram/project/chang/pg496/data_dir/otnal/data_source_7point3/OTNAL_FV_112320
slurmstepd: error: Detected 1 oom_kill event in StepId=27009566.batch. Some of the step tasks have been OOM Killed.
