
CondaError: Run 'conda init' before 'conda deactivate'

2024-06-10 14:45:13,302 - DEBUG - matplotlib data path: /gpfs/milgram/project/chang/pg496/conda_envs/nn_gpu/lib/python3.10/site-packages/matplotlib/mpl-data
2024-06-10 14:45:13,307 - DEBUG - CONFIGDIR=/home/pg496/.config/matplotlib
2024-06-10 14:45:13,308 - DEBUG - interactive is False
2024-06-10 14:45:13,308 - DEBUG - platform is linux
2024-06-10 14:45:13,351 - DEBUG - CACHEDIR=/home/pg496/.cache/matplotlib
2024-06-10 14:45:13,352 - DEBUG - Using fontManager instance from /home/pg496/.cache/matplotlib/fontlist-v330.json
2024-06-10 14:45:13,552 - DEBUG - Creating converter from 7 to 5
2024-06-10 14:45:13,552 - DEBUG - Creating converter from 5 to 7
2024-06-10 14:45:13,552 - DEBUG - Creating converter from 7 to 5
2024-06-10 14:45:13,552 - DEBUG - Creating converter from 5 to 7
2024-06-10 14:45:18,739 - DEBUG - First few rows of labelled fixations: 
   start_time  end_time  category  ...   mean_y_pos     fix_roi  agent
0       0.254     0.402       3.0  ...   203.120805  out_of_roi  Lynch
1       0.407     0.558       3.0  ... -1188.157895  out_of_roi  Lynch
2       0.584     0.769       3.0  ... -1226.191011  out_of_roi  Lynch
3       0.775     0.947       3.0  ... -1221.121387  out_of_roi  Lynch
4       0.973     1.098       3.0  ... -1155.447154  out_of_roi  Lynch

[5 rows x 11 columns]
2024-06-10 14:45:18,747 - DEBUG - First few rows of labelled spiketimes: 
                                              spikeS  ... region
0  [1.044075, 3.13865, 3.474675, 4.42465, 4.92632...  ...    BLA
1  [20.752875, 56.052075, 127.98965, 130.049925, ...  ...    BLA
2  [0.693575, 1.348825, 1.5314, 2.736025, 5.6675,...  ...    BLA
3  [0.7346, 1.21215, 2.80735, 6.401425, 6.4468, 7...  ...    BLA
4  [0.81235, 1.152825, 1.580025, 3.294225, 14.219...  ...    BLA

[5 rows x 10 columns]
2024-06-10 14:45:18,747 - DEBUG - Labelled fixations shape: (339972, 11)
2024-06-10 14:45:18,747 - DEBUG - Labelled spiketimes shape: (1255, 10)
2024-06-10 14:45:18,772 - DEBUG - Processing session: OTNAL_FV_070722
2024-06-10 14:45:18,773 - DEBUG - Session fixations shape: (9931, 11)
2024-06-10 14:45:18,773 - DEBUG - Session neurons shape: (52, 10)
2024-06-10 14:45:18,774 - DEBUG - Processing unit: 70720220111
2024-06-10 14:45:18,777 - DEBUG - Processing unit: 70720220112
2024-06-10 14:45:18,793 - DEBUG - Processing unit: 70720220121
2024-06-10 14:45:18,840 - DEBUG - Processing unit: 70720220141
2024-06-10 14:45:19,001 - DEBUG - Processing unit: 70720220161
2024-06-10 14:45:19,108 - DEBUG - Processing unit: 70720220171
2024-06-10 14:45:19,125 - DEBUG - Processing unit: 70720220191
2024-06-10 14:45:19,317 - DEBUG - Processing unit: 70720220192
2024-06-10 14:45:19,434 - DEBUG - Processing unit: 70720220201
2024-06-10 14:45:19,463 - DEBUG - Processing unit: 70720220211
2024-06-10 14:45:19,464 - DEBUG - Processing unit: 70720220221
2024-06-10 14:45:19,466 - DEBUG - Processing unit: 70720220231
2024-06-10 14:45:19,489 - DEBUG - Processing unit: 70720220232
2024-06-10 14:45:19,505 - DEBUG - Processing unit: 70720220241
2024-06-10 14:45:19,865 - DEBUG - Processing unit: 70720220242
2024-06-10 14:45:19,875 - DEBUG - Processing unit: 70720220251
2024-06-10 14:45:19,915 - DEBUG - Processing unit: 70720220261
2024-06-10 14:45:20,159 - DEBUG - Processing unit: 70720220271
2024-06-10 14:45:20,186 - DEBUG - Processing unit: 70720220272
2024-06-10 14:45:20,205 - DEBUG - Processing unit: 70720220273
2024-06-10 14:45:20,699 - DEBUG - Processing unit: 70720220274
2024-06-10 14:45:20,787 - DEBUG - Processing unit: 70720220281
2024-06-10 14:45:20,898 - DEBUG - Processing unit: 70720220282
2024-06-10 14:45:20,953 - DEBUG - Processing unit: 70720220283
2024-06-10 14:45:20,961 - DEBUG - Processing unit: 70720220284
2024-06-10 14:45:20,988 - DEBUG - Processing unit: 70720220291
2024-06-10 14:45:21,114 - DEBUG - Processing unit: 70720220292
2024-06-10 14:45:21,119 - DEBUG - Processing unit: 70720220293
2024-06-10 14:45:21,139 - DEBUG - Processing unit: 70720220301
2024-06-10 14:45:21,578 - DEBUG - Processing unit: 70720220302
2024-06-10 14:45:21,614 - DEBUG - Processing unit: 70720220311
2024-06-10 14:45:21,640 - DEBUG - Processing unit: 70720220312
2024-06-10 14:50:58,832 - DEBUG - Processing unit: 70720220321
2024-06-10 14:51:13,218 - DEBUG - Processing unit: 70720220322
2024-06-10 14:54:05,029 - DEBUG - Processing unit: 70720220323
2024-06-10 14:54:20,751 - DEBUG - Processing unit: 70720220351
2024-06-10 14:54:37,561 - DEBUG - Processing unit: 70720220441
2024-06-10 14:54:53,812 - DEBUG - Processing unit: 70720220471
2024-06-10 14:55:47,097 - DEBUG - Processing unit: 70720220481
2024-06-10 14:55:48,881 - DEBUG - Processing unit: 70720220541
2024-06-10 14:56:01,352 - DEBUG - Processing unit: 70720220542
2024-06-10 14:56:56,818 - DEBUG - Processing unit: 70720220551
2024-06-10 14:57:33,039 - DEBUG - Processing unit: 70720220552
2024-06-10 14:58:13,677 - DEBUG - Processing unit: 70720220581
2024-06-10 14:59:48,167 - DEBUG - Processing unit: 70720220591
2024-06-10 15:01:51,263 - DEBUG - Processing unit: 70720220592
2024-06-10 15:03:41,132 - DEBUG - Processing unit: 70720220593
2024-06-10 15:04:01,746 - DEBUG - Processing unit: 70720220601
2024-06-10 15:04:20,609 - DEBUG - Processing unit: 70720220611
2024-06-10 15:04:38,695 - DEBUG - Processing unit: 70720220621
2024-06-10 15:04:54,485 - DEBUG - Processing unit: 70720220631
2024-06-10 15:05:18,435 - DEBUG - Processing unit: 70720220641
