
CondaError: Run 'conda init' before 'conda deactivate'

2024-06-10 14:52:05,150 - DEBUG - matplotlib data path: /gpfs/milgram/project/chang/pg496/conda_envs/nn_gpu/lib/python3.10/site-packages/matplotlib/mpl-data
2024-06-10 14:52:05,154 - DEBUG - CONFIGDIR=/home/pg496/.config/matplotlib
2024-06-10 14:52:05,155 - DEBUG - interactive is False
2024-06-10 14:52:05,155 - DEBUG - platform is linux
2024-06-10 14:52:05,198 - DEBUG - CACHEDIR=/home/pg496/.cache/matplotlib
2024-06-10 14:52:05,199 - DEBUG - Using fontManager instance from /home/pg496/.cache/matplotlib/fontlist-v330.json
2024-06-10 14:52:05,400 - DEBUG - Creating converter from 7 to 5
2024-06-10 14:52:05,400 - DEBUG - Creating converter from 5 to 7
2024-06-10 14:52:05,400 - DEBUG - Creating converter from 7 to 5
2024-06-10 14:52:05,400 - DEBUG - Creating converter from 5 to 7
2024-06-10 14:52:10,538 - DEBUG - First few rows of labelled fixations: 
   start_time  end_time  category  ...   mean_y_pos     fix_roi  agent
0       0.254     0.402       3.0  ...   203.120805  out_of_roi  Lynch
1       0.407     0.558       3.0  ... -1188.157895  out_of_roi  Lynch
2       0.584     0.769       3.0  ... -1226.191011  out_of_roi  Lynch
3       0.775     0.947       3.0  ... -1221.121387  out_of_roi  Lynch
4       0.973     1.098       3.0  ... -1155.447154  out_of_roi  Lynch

[5 rows x 11 columns]
2024-06-10 14:52:10,547 - DEBUG - First few rows of labelled spiketimes: 
                                              spikeS  ... region
0  [1.044075, 3.13865, 3.474675, 4.42465, 4.92632...  ...    BLA
1  [20.752875, 56.052075, 127.98965, 130.049925, ...  ...    BLA
2  [0.693575, 1.348825, 1.5314, 2.736025, 5.6675,...  ...    BLA
3  [0.7346, 1.21215, 2.80735, 6.401425, 6.4468, 7...  ...    BLA
4  [0.81235, 1.152825, 1.580025, 3.294225, 14.219...  ...    BLA

[5 rows x 10 columns]
2024-06-10 14:52:10,547 - DEBUG - Labelled fixations shape: (339972, 11)
2024-06-10 14:52:10,547 - DEBUG - Labelled spiketimes shape: (1255, 10)
2024-06-10 14:52:10,572 - DEBUG - Processing session: OTNAL_FV_062422
2024-06-10 14:52:10,573 - DEBUG - Session fixations shape: (8518, 11)
2024-06-10 14:52:10,573 - DEBUG - Session neurons shape: (48, 10)
2024-06-10 14:52:10,573 - DEBUG - Processing unit: 62420220011
2024-06-10 14:52:10,582 - DEBUG - Processing unit: 62420220051
2024-06-10 14:52:10,594 - DEBUG - Processing unit: 62420220071
2024-06-10 14:52:10,714 - DEBUG - Processing unit: 62420220081
2024-06-10 14:52:10,722 - DEBUG - Processing unit: 62420220101
2024-06-10 14:52:10,834 - DEBUG - Processing unit: 62420220102
2024-06-10 14:52:10,937 - DEBUG - Processing unit: 62420220111
2024-06-10 14:52:11,018 - DEBUG - Processing unit: 62420220112
2024-06-10 14:52:11,026 - DEBUG - Processing unit: 62420220113
2024-06-10 14:52:11,049 - DEBUG - Processing unit: 62420220121
2024-06-10 14:52:11,054 - DEBUG - Processing unit: 62420220122
2024-06-10 14:52:11,084 - DEBUG - Processing unit: 62420220123
2024-06-10 14:52:11,091 - DEBUG - Processing unit: 62420220131
2024-06-10 14:52:11,168 - DEBUG - Processing unit: 62420220132
2024-06-10 14:52:11,199 - DEBUG - Processing unit: 62420220151
2024-06-10 14:52:11,212 - DEBUG - Processing unit: 62420220152
2024-06-10 14:52:11,261 - DEBUG - Processing unit: 62420220161
2024-06-10 14:52:11,378 - DEBUG - Processing unit: 62420220171
2024-06-10 14:52:11,381 - DEBUG - Processing unit: 62420220172
2024-06-10 14:52:11,401 - DEBUG - Processing unit: 62420220181
2024-06-10 14:52:11,408 - DEBUG - Processing unit: 62420220182
2024-06-10 14:52:11,415 - DEBUG - Processing unit: 62420220191
2024-06-10 14:52:11,443 - DEBUG - Processing unit: 62420220192
2024-06-10 14:52:11,451 - DEBUG - Processing unit: 62420220201
2024-06-10 14:52:11,455 - DEBUG - Processing unit: 62420220202
2024-06-10 14:52:11,480 - DEBUG - Processing unit: 62420220211
2024-06-10 14:52:11,600 - DEBUG - Processing unit: 62420220212
2024-06-10 14:52:11,648 - DEBUG - Processing unit: 62420220221
2024-06-10 14:52:11,740 - DEBUG - Processing unit: 62420220222
2024-06-10 14:52:11,815 - DEBUG - Processing unit: 62420220231
2024-06-10 14:52:11,831 - DEBUG - Processing unit: 62420220232
2024-06-10 14:52:11,855 - DEBUG - Processing unit: 62420220241
2024-06-10 14:56:30,100 - DEBUG - Processing unit: 62420220242
2024-06-10 14:59:15,078 - DEBUG - Processing unit: 62420220251
2024-06-10 14:59:19,556 - DEBUG - Processing unit: 62420220261
2024-06-10 14:59:47,854 - DEBUG - Processing unit: 62420220262
2024-06-10 14:59:53,808 - DEBUG - Processing unit: 62420220271
2024-06-10 15:00:00,109 - DEBUG - Processing unit: 62420220281
2024-06-10 15:00:12,603 - DEBUG - Processing unit: 62420220282
2024-06-10 15:01:08,799 - DEBUG - Processing unit: 62420220291
2024-06-10 15:01:36,253 - DEBUG - Processing unit: 62420220292
2024-06-10 15:01:52,013 - DEBUG - Processing unit: 62420220301
2024-06-10 15:03:28,524 - DEBUG - Processing unit: 62420220302
2024-06-10 15:04:03,466 - DEBUG - Processing unit: 62420220311
2024-06-10 15:05:45,305 - DEBUG - Processing unit: 62420220312
2024-06-10 15:05:56,096 - DEBUG - Processing unit: 62420220313
2024-06-10 15:08:05,895 - DEBUG - Processing unit: 62420220321
2024-06-10 15:08:53,875 - DEBUG - Processing unit: 62420220322
