
CondaError: Run 'conda init' before 'conda deactivate'

2024-06-10 14:38:24,710 - DEBUG - matplotlib data path: /gpfs/milgram/project/chang/pg496/conda_envs/nn_gpu/lib/python3.10/site-packages/matplotlib/mpl-data
2024-06-10 14:38:24,715 - DEBUG - CONFIGDIR=/home/pg496/.config/matplotlib
2024-06-10 14:38:24,716 - DEBUG - interactive is False
2024-06-10 14:38:24,717 - DEBUG - platform is linux
2024-06-10 14:38:24,763 - DEBUG - CACHEDIR=/home/pg496/.cache/matplotlib
2024-06-10 14:38:24,764 - DEBUG - Using fontManager instance from /home/pg496/.cache/matplotlib/fontlist-v330.json
2024-06-10 14:38:24,980 - DEBUG - Creating converter from 7 to 5
2024-06-10 14:38:24,980 - DEBUG - Creating converter from 5 to 7
2024-06-10 14:38:24,980 - DEBUG - Creating converter from 7 to 5
2024-06-10 14:38:24,980 - DEBUG - Creating converter from 5 to 7
2024-06-10 14:38:30,134 - DEBUG - First few rows of labelled fixations: 
   start_time  end_time  category  ...   mean_y_pos     fix_roi  agent
0       0.254     0.402       3.0  ...   203.120805  out_of_roi  Lynch
1       0.407     0.558       3.0  ... -1188.157895  out_of_roi  Lynch
2       0.584     0.769       3.0  ... -1226.191011  out_of_roi  Lynch
3       0.775     0.947       3.0  ... -1221.121387  out_of_roi  Lynch
4       0.973     1.098       3.0  ... -1155.447154  out_of_roi  Lynch

[5 rows x 11 columns]
2024-06-10 14:38:30,144 - DEBUG - First few rows of labelled spiketimes: 
                                              spikeS  ... region
0  [1.044075, 3.13865, 3.474675, 4.42465, 4.92632...  ...    BLA
1  [20.752875, 56.052075, 127.98965, 130.049925, ...  ...    BLA
2  [0.693575, 1.348825, 1.5314, 2.736025, 5.6675,...  ...    BLA
3  [0.7346, 1.21215, 2.80735, 6.401425, 6.4468, 7...  ...    BLA
4  [0.81235, 1.152825, 1.580025, 3.294225, 14.219...  ...    BLA

[5 rows x 10 columns]
2024-06-10 14:38:30,144 - DEBUG - Labelled fixations shape: (339972, 11)
2024-06-10 14:38:30,144 - DEBUG - Labelled spiketimes shape: (1255, 10)
2024-06-10 14:38:30,171 - DEBUG - Processing session: OTNAL_FV_062822
2024-06-10 14:38:30,172 - DEBUG - Session fixations shape: (9135, 11)
2024-06-10 14:38:30,173 - DEBUG - Session neurons shape: (29, 10)
2024-06-10 14:38:30,173 - DEBUG - Processing unit: 62820220011
2024-06-10 14:38:30,264 - DEBUG - Processing unit: 62820220012
2024-06-10 14:38:30,336 - DEBUG - Processing unit: 62820220021
2024-06-10 14:38:30,641 - DEBUG - Processing unit: 62820220031
2024-06-10 14:38:30,760 - DEBUG - Processing unit: 62820220231
2024-06-10 14:38:30,963 - DEBUG - Processing unit: 62820220241
2024-06-10 14:38:31,732 - DEBUG - Processing unit: 62820220251
2024-06-10 14:38:32,609 - DEBUG - Processing unit: 62820220281
2024-06-10 14:38:34,016 - DEBUG - Processing unit: 62820220291
2024-06-10 14:38:34,239 - DEBUG - Processing unit: 62820220371
2024-06-10 14:38:34,538 - DEBUG - Processing unit: 62820220381
2024-06-10 14:38:34,715 - DEBUG - Processing unit: 62820220391
2024-06-10 14:38:34,944 - DEBUG - Processing unit: 62820220401
2024-06-10 14:38:35,091 - DEBUG - Processing unit: 62820220402
2024-06-10 14:38:35,334 - DEBUG - Processing unit: 62820220411
2024-06-10 14:38:35,789 - DEBUG - Processing unit: 62820220421
2024-06-10 14:38:36,238 - DEBUG - Processing unit: 62820220431
2024-06-10 14:38:36,652 - DEBUG - Processing unit: 62820220432
2024-06-10 14:38:37,057 - DEBUG - Processing unit: 62820220441
2024-06-10 14:38:37,414 - DEBUG - Processing unit: 62820220451
2024-06-10 14:38:37,865 - DEBUG - Processing unit: 62820220452
2024-06-10 14:38:38,393 - DEBUG - Processing unit: 62820220453
2024-06-10 14:38:38,705 - DEBUG - Processing unit: 62820220461
2024-06-10 14:38:39,096 - DEBUG - Processing unit: 62820220462
2024-06-10 14:38:39,531 - DEBUG - Processing unit: 62820220471
2024-06-10 14:38:39,965 - DEBUG - Processing unit: 62820220472
2024-06-10 14:38:40,482 - DEBUG - Processing unit: 62820220481
2024-06-10 14:38:40,905 - DEBUG - Processing unit: 62820220491
2024-06-10 14:38:41,237 - DEBUG - Processing unit: 62820220511
slurmstepd: error: *** JOB 27009585 ON r812u15n02 CANCELLED AT 2024-06-10T14:40:46 ***
