
CondaError: Run 'conda init' before 'conda deactivate'

2024-06-10 14:04:52,070 - DEBUG - matplotlib data path: /gpfs/milgram/project/chang/pg496/conda_envs/nn_gpu/lib/python3.10/site-packages/matplotlib/mpl-data
2024-06-10 14:04:52,075 - DEBUG - CONFIGDIR=/home/pg496/.config/matplotlib
2024-06-10 14:04:52,076 - DEBUG - interactive is False
2024-06-10 14:04:52,076 - DEBUG - platform is linux
2024-06-10 14:04:52,124 - DEBUG - CACHEDIR=/home/pg496/.cache/matplotlib
2024-06-10 14:04:52,126 - DEBUG - Using fontManager instance from /home/pg496/.cache/matplotlib/fontlist-v330.json
2024-06-10 14:04:52,356 - DEBUG - Creating converter from 7 to 5
2024-06-10 14:04:52,357 - DEBUG - Creating converter from 5 to 7
2024-06-10 14:04:52,357 - DEBUG - Creating converter from 7 to 5
2024-06-10 14:04:52,357 - DEBUG - Creating converter from 5 to 7
2024-06-10 14:04:57,976 - DEBUG - First few rows of labelled fixations: 
   start_time  end_time  category  ...   mean_y_pos     fix_roi  agent
0       0.254     0.402       3.0  ...   203.120805  out_of_roi  Lynch
1       0.407     0.558       3.0  ... -1188.157895  out_of_roi  Lynch
2       0.584     0.769       3.0  ... -1226.191011  out_of_roi  Lynch
3       0.775     0.947       3.0  ... -1221.121387  out_of_roi  Lynch
4       0.973     1.098       3.0  ... -1155.447154  out_of_roi  Lynch

[5 rows x 11 columns]
2024-06-10 14:04:57,986 - DEBUG - First few rows of labelled spiketimes: 
                                              spikeS  ... region
0  [1.044075, 3.13865, 3.474675, 4.42465, 4.92632...  ...    BLA
1  [20.752875, 56.052075, 127.98965, 130.049925, ...  ...    BLA
2  [0.693575, 1.348825, 1.5314, 2.736025, 5.6675,...  ...    BLA
3  [0.7346, 1.21215, 2.80735, 6.401425, 6.4468, 7...  ...    BLA
4  [0.81235, 1.152825, 1.580025, 3.294225, 14.219...  ...    BLA

[5 rows x 10 columns]
2024-06-10 14:04:57,986 - DEBUG - Labelled fixations shape: (339972, 11)
2024-06-10 14:04:57,986 - DEBUG - Labelled spiketimes shape: (1255, 10)
2024-06-10 14:04:58,019 - DEBUG - Processing session: OTNAL_FV_070121
2024-06-10 14:04:58,021 - DEBUG - Session fixations shape: (14444, 11)
2024-06-10 14:04:58,021 - DEBUG - Session neurons shape: (30, 10)
2024-06-10 14:04:58,021 - DEBUG - Processing unit: 70120210121
2024-06-10 14:04:58,034 - DEBUG - Processing unit: 70120210122
2024-06-10 14:04:58,116 - DEBUG - Processing unit: 70120210131
2024-06-10 14:04:58,219 - DEBUG - Processing unit: 70120210132
2024-06-10 14:04:58,308 - DEBUG - Processing unit: 70120210141
2024-06-10 14:04:58,410 - DEBUG - Processing unit: 70120210142
2024-06-10 14:04:58,823 - DEBUG - Processing unit: 70120210231
2024-06-10 14:04:59,037 - DEBUG - Processing unit: 70120210241
2024-06-10 14:04:59,346 - DEBUG - Processing unit: 70120210251
2024-06-10 14:04:59,569 - DEBUG - Processing unit: 70120210252
2024-06-10 14:04:59,767 - DEBUG - Processing unit: 70120210261
2024-06-10 14:05:00,009 - DEBUG - Processing unit: 70120210271
2024-06-10 14:05:00,285 - DEBUG - Processing unit: 70120210281
2024-06-10 14:05:00,798 - DEBUG - Processing unit: 70120210361
2024-06-10 14:05:01,090 - DEBUG - Processing unit: 70120210401
2024-06-10 14:05:01,255 - DEBUG - Processing unit: 70120210431
2024-06-10 14:05:01,433 - DEBUG - Processing unit: 70120210441
2024-06-10 14:05:01,663 - DEBUG - Processing unit: 70120210461
2024-06-10 14:05:02,030 - DEBUG - Processing unit: 70120210471
2024-06-10 14:05:02,255 - DEBUG - Processing unit: 70120210481
2024-06-10 14:05:02,410 - DEBUG - Processing unit: 70120210501
2024-06-10 14:05:02,745 - DEBUG - Processing unit: 70120210502
2024-06-10 14:05:03,275 - DEBUG - Processing unit: 70120210511
2024-06-10 14:05:03,797 - DEBUG - Processing unit: 70120210521
2024-06-10 14:05:04,064 - DEBUG - Processing unit: 70120210531
2024-06-10 14:05:04,543 - DEBUG - Processing unit: 70120210541
2024-06-10 14:05:05,065 - DEBUG - Processing unit: 70120210542
2024-06-10 14:05:05,695 - DEBUG - Processing unit: 70120210561
2024-06-10 14:05:06,002 - DEBUG - Processing unit: 70120210591
2024-06-10 14:05:06,457 - DEBUG - Processing unit: 70120210641
