
CondaError: Run 'conda init' before 'conda deactivate'

2024-06-10 14:20:52,444 - DEBUG - matplotlib data path: /gpfs/milgram/project/chang/pg496/conda_envs/nn_gpu/lib/python3.10/site-packages/matplotlib/mpl-data
2024-06-10 14:20:52,450 - DEBUG - CONFIGDIR=/home/pg496/.config/matplotlib
2024-06-10 14:20:52,451 - DEBUG - interactive is False
2024-06-10 14:20:52,451 - DEBUG - platform is linux
2024-06-10 14:20:52,500 - DEBUG - CACHEDIR=/home/pg496/.cache/matplotlib
2024-06-10 14:20:52,501 - DEBUG - Using fontManager instance from /home/pg496/.cache/matplotlib/fontlist-v330.json
2024-06-10 14:20:52,730 - DEBUG - Creating converter from 7 to 5
2024-06-10 14:20:52,730 - DEBUG - Creating converter from 5 to 7
2024-06-10 14:20:52,730 - DEBUG - Creating converter from 7 to 5
2024-06-10 14:20:52,730 - DEBUG - Creating converter from 5 to 7
2024-06-10 14:20:58,478 - DEBUG - First few rows of labelled fixations: 
   start_time  end_time  category  ...   mean_y_pos     fix_roi  agent
0       0.254     0.402       3.0  ...   203.120805  out_of_roi  Lynch
1       0.407     0.558       3.0  ... -1188.157895  out_of_roi  Lynch
2       0.584     0.769       3.0  ... -1226.191011  out_of_roi  Lynch
3       0.775     0.947       3.0  ... -1221.121387  out_of_roi  Lynch
4       0.973     1.098       3.0  ... -1155.447154  out_of_roi  Lynch

[5 rows x 11 columns]
2024-06-10 14:20:58,488 - DEBUG - First few rows of labelled spiketimes: 
                                              spikeS  ... region
0  [1.044075, 3.13865, 3.474675, 4.42465, 4.92632...  ...    BLA
1  [20.752875, 56.052075, 127.98965, 130.049925, ...  ...    BLA
2  [0.693575, 1.348825, 1.5314, 2.736025, 5.6675,...  ...    BLA
3  [0.7346, 1.21215, 2.80735, 6.401425, 6.4468, 7...  ...    BLA
4  [0.81235, 1.152825, 1.580025, 3.294225, 14.219...  ...    BLA

[5 rows x 10 columns]
2024-06-10 14:20:58,489 - DEBUG - Labelled fixations shape: (339972, 11)
2024-06-10 14:20:58,489 - DEBUG - Labelled spiketimes shape: (1255, 10)
2024-06-10 14:20:58,514 - DEBUG - Processing session: OTNAL_FV_062421
2024-06-10 14:20:58,516 - DEBUG - Session fixations shape: (13027, 11)
2024-06-10 14:20:58,516 - DEBUG - Session neurons shape: (47, 10)
2024-06-10 14:20:58,517 - DEBUG - Processing unit: 62420210011
2024-06-10 14:20:58,539 - DEBUG - Processing unit: 62420210021
2024-06-10 14:20:58,644 - DEBUG - Processing unit: 62420210051
2024-06-10 14:20:58,717 - DEBUG - Processing unit: 62420210061
2024-06-10 14:20:58,803 - DEBUG - Processing unit: 62420210071
2024-06-10 14:20:58,897 - DEBUG - Processing unit: 62420210081
2024-06-10 14:20:59,035 - DEBUG - Processing unit: 62420210091
2024-06-10 14:20:59,235 - DEBUG - Processing unit: 62420210101
2024-06-10 14:20:59,408 - DEBUG - Processing unit: 62420210111
2024-06-10 14:20:59,637 - DEBUG - Processing unit: 62420210121
2024-06-10 14:20:59,904 - DEBUG - Processing unit: 62420210131
2024-06-10 14:21:00,104 - DEBUG - Processing unit: 62420210141
2024-06-10 14:21:00,226 - DEBUG - Processing unit: 62420210161
2024-06-10 14:21:00,463 - DEBUG - Processing unit: 62420210191
2024-06-10 14:21:00,650 - DEBUG - Processing unit: 62420210192
2024-06-10 14:21:00,779 - DEBUG - Processing unit: 62420210193
2024-06-10 14:21:01,007 - DEBUG - Processing unit: 62420210194
2024-06-10 14:21:01,191 - DEBUG - Processing unit: 62420210201
2024-06-10 14:21:01,507 - DEBUG - Processing unit: 62420210202
2024-06-10 14:21:01,843 - DEBUG - Processing unit: 62420210203
2024-06-10 14:21:02,187 - DEBUG - Processing unit: 62420210211
2024-06-10 14:21:02,405 - DEBUG - Processing unit: 62420210212
2024-06-10 14:21:02,788 - DEBUG - Processing unit: 62420210221
2024-06-10 14:21:03,195 - DEBUG - Processing unit: 62420210222
2024-06-10 14:21:03,439 - DEBUG - Processing unit: 62420210223
2024-06-10 14:21:03,736 - DEBUG - Processing unit: 62420210241
2024-06-10 14:21:04,211 - DEBUG - Processing unit: 62420210251
2024-06-10 14:21:04,807 - DEBUG - Processing unit: 62420210261
2024-06-10 14:21:05,167 - DEBUG - Processing unit: 62420210262
2024-06-10 14:21:05,960 - DEBUG - Processing unit: 62420210271
2024-06-10 14:21:06,396 - DEBUG - Processing unit: 62420210272
2024-06-10 14:21:07,160 - DEBUG - Processing unit: 62420210281
/bin/sh: line 1: 3251018 Killed                  python analyze_gaze_signals.py --session /gpfs/milgram/project/chang/pg496/data_dir/otnal/data_source_7point3/OTNAL_FV_062421
slurmstepd: error: Detected 1 oom_kill event in StepId=27009562.batch. Some of the step tasks have been OOM Killed.
