
CondaError: Run 'conda init' before 'conda deactivate'

2024-06-10 15:45:07,598 - DEBUG - matplotlib data path: /gpfs/milgram/project/chang/pg496/conda_envs/nn_gpu/lib/python3.10/site-packages/matplotlib/mpl-data
2024-06-10 15:45:07,602 - DEBUG - CONFIGDIR=/home/pg496/.config/matplotlib
2024-06-10 15:45:07,603 - DEBUG - interactive is False
2024-06-10 15:45:07,604 - DEBUG - platform is linux
2024-06-10 15:45:07,647 - DEBUG - CACHEDIR=/home/pg496/.cache/matplotlib
2024-06-10 15:45:07,648 - DEBUG - Using fontManager instance from /home/pg496/.cache/matplotlib/fontlist-v330.json
2024-06-10 15:45:07,847 - DEBUG - Creating converter from 7 to 5
2024-06-10 15:45:07,847 - DEBUG - Creating converter from 5 to 7
2024-06-10 15:45:07,847 - DEBUG - Creating converter from 7 to 5
2024-06-10 15:45:07,847 - DEBUG - Creating converter from 5 to 7
2024-06-10 15:45:12,941 - DEBUG - First few rows of labelled fixations: 
   start_time  end_time  category  ...   mean_y_pos     fix_roi  agent
0       0.254     0.402       3.0  ...   203.120805  out_of_roi  Lynch
1       0.407     0.558       3.0  ... -1188.157895  out_of_roi  Lynch
2       0.584     0.769       3.0  ... -1226.191011  out_of_roi  Lynch
3       0.775     0.947       3.0  ... -1221.121387  out_of_roi  Lynch
4       0.973     1.098       3.0  ... -1155.447154  out_of_roi  Lynch

[5 rows x 11 columns]
2024-06-10 15:45:12,950 - DEBUG - First few rows of labelled spiketimes: 
                                              spikeS  ... region
0  [1.044075, 3.13865, 3.474675, 4.42465, 4.92632...  ...    BLA
1  [20.752875, 56.052075, 127.98965, 130.049925, ...  ...    BLA
2  [0.693575, 1.348825, 1.5314, 2.736025, 5.6675,...  ...    BLA
3  [0.7346, 1.21215, 2.80735, 6.401425, 6.4468, 7...  ...    BLA
4  [0.81235, 1.152825, 1.580025, 3.294225, 14.219...  ...    BLA

[5 rows x 10 columns]
2024-06-10 15:45:12,950 - DEBUG - Labelled fixations shape: (339972, 11)
2024-06-10 15:45:12,950 - DEBUG - Labelled spiketimes shape: (1255, 10)
2024-06-10 15:45:12,973 - DEBUG - Processing session: OTNAL_FV_062421
2024-06-10 15:45:12,975 - DEBUG - Session fixations shape: (13027, 11)
2024-06-10 15:45:12,975 - DEBUG - Session neurons shape: (47, 10)
2024-06-10 15:45:12,975 - DEBUG - Processing unit: 62420210011
2024-06-10 15:45:12,995 - DEBUG - Processing unit: 62420210021
2024-06-10 15:45:13,051 - DEBUG - Processing unit: 62420210051
2024-06-10 15:45:13,071 - DEBUG - Processing unit: 62420210061
2024-06-10 15:45:13,087 - DEBUG - Processing unit: 62420210071
2024-06-10 15:45:13,102 - DEBUG - Processing unit: 62420210081
2024-06-10 15:45:13,109 - DEBUG - Processing unit: 62420210091
2024-06-10 15:45:13,146 - DEBUG - Processing unit: 62420210101
2024-06-10 15:45:13,210 - DEBUG - Processing unit: 62420210111
2024-06-10 15:45:13,280 - DEBUG - Processing unit: 62420210121
2024-06-10 15:45:13,306 - DEBUG - Processing unit: 62420210131
2024-06-10 15:45:13,362 - DEBUG - Processing unit: 62420210141
2024-06-10 15:45:13,411 - DEBUG - Processing unit: 62420210161
2024-06-10 15:45:13,432 - DEBUG - Processing unit: 62420210191
2024-06-10 15:45:13,475 - DEBUG - Processing unit: 62420210192
2024-06-10 15:45:13,504 - DEBUG - Processing unit: 62420210193
2024-06-10 15:45:13,521 - DEBUG - Processing unit: 62420210194
2024-06-10 15:45:13,550 - DEBUG - Processing unit: 62420210201
2024-06-10 15:45:13,574 - DEBUG - Processing unit: 62420210202
2024-06-10 15:45:13,583 - DEBUG - Processing unit: 62420210203
2024-06-10 15:45:13,662 - DEBUG - Processing unit: 62420210211
2024-06-10 15:45:13,778 - DEBUG - Processing unit: 62420210212
2024-06-10 15:45:13,846 - DEBUG - Processing unit: 62420210221
2024-06-10 15:45:13,879 - DEBUG - Processing unit: 62420210222
2024-06-10 15:45:13,888 - DEBUG - Processing unit: 62420210223
2024-06-10 15:45:14,001 - DEBUG - Processing unit: 62420210241
2024-06-10 15:45:14,127 - DEBUG - Processing unit: 62420210251
2024-06-10 15:45:14,138 - DEBUG - Processing unit: 62420210261
2024-06-10 15:45:14,334 - DEBUG - Processing unit: 62420210262
2024-06-10 15:45:14,427 - DEBUG - Processing unit: 62420210271
2024-06-10 15:45:14,474 - DEBUG - Processing unit: 62420210272
2024-06-10 15:45:14,503 - DEBUG - Processing unit: 62420210281
2024-06-10 15:54:23,502 - DEBUG - Processing unit: 62420210282
2024-06-10 15:54:27,746 - DEBUG - Processing unit: 62420210291
2024-06-10 15:54:31,507 - DEBUG - Processing unit: 62420210301
2024-06-10 15:54:33,132 - DEBUG - Processing unit: 62420210311
2024-06-10 15:58:27,730 - DEBUG - Processing unit: 62420210321
2024-06-10 15:58:31,400 - DEBUG - Processing unit: 62420210461
2024-06-10 15:59:15,626 - DEBUG - Processing unit: 62420210471
2024-06-10 15:59:16,531 - DEBUG - Processing unit: 62420210551
2024-06-10 15:59:16,892 - DEBUG - Processing unit: 62420210571
2024-06-10 15:59:22,859 - DEBUG - Processing unit: 62420210581
2024-06-10 15:59:52,372 - DEBUG - Processing unit: 62420210601
2024-06-10 16:01:16,490 - DEBUG - Processing unit: 62420210611
2024-06-10 16:02:02,379 - DEBUG - Processing unit: 62420210612
2024-06-10 16:06:32,133 - DEBUG - Processing unit: 62420210613
2024-06-10 16:06:55,544 - DEBUG - Processing unit: 62420210621
2024-06-10 16:39:37,474 - INFO - Saved session data for OTNAL_FV_062421 to /gpfs/milgram/project/chang/pg496/data_dir/otnal/processed_data/OTNAL_FV_062421_raster.csv
