
CondaError: Run 'conda init' before 'conda deactivate'

2024-06-10 14:20:52,504 - DEBUG - matplotlib data path: /gpfs/milgram/project/chang/pg496/conda_envs/nn_gpu/lib/python3.10/site-packages/matplotlib/mpl-data
2024-06-10 14:20:52,510 - DEBUG - CONFIGDIR=/home/pg496/.config/matplotlib
2024-06-10 14:20:52,511 - DEBUG - interactive is False
2024-06-10 14:20:52,511 - DEBUG - platform is linux
2024-06-10 14:20:52,560 - DEBUG - CACHEDIR=/home/pg496/.cache/matplotlib
2024-06-10 14:20:52,561 - DEBUG - Using fontManager instance from /home/pg496/.cache/matplotlib/fontlist-v330.json
2024-06-10 14:20:52,793 - DEBUG - Creating converter from 7 to 5
2024-06-10 14:20:52,793 - DEBUG - Creating converter from 5 to 7
2024-06-10 14:20:52,793 - DEBUG - Creating converter from 7 to 5
2024-06-10 14:20:52,793 - DEBUG - Creating converter from 5 to 7
2024-06-10 14:20:58,518 - DEBUG - First few rows of labelled fixations: 
   start_time  end_time  category  ...   mean_y_pos     fix_roi  agent
0       0.254     0.402       3.0  ...   203.120805  out_of_roi  Lynch
1       0.407     0.558       3.0  ... -1188.157895  out_of_roi  Lynch
2       0.584     0.769       3.0  ... -1226.191011  out_of_roi  Lynch
3       0.775     0.947       3.0  ... -1221.121387  out_of_roi  Lynch
4       0.973     1.098       3.0  ... -1155.447154  out_of_roi  Lynch

[5 rows x 11 columns]
2024-06-10 14:20:58,529 - DEBUG - First few rows of labelled spiketimes: 
                                              spikeS  ... region
0  [1.044075, 3.13865, 3.474675, 4.42465, 4.92632...  ...    BLA
1  [20.752875, 56.052075, 127.98965, 130.049925, ...  ...    BLA
2  [0.693575, 1.348825, 1.5314, 2.736025, 5.6675,...  ...    BLA
3  [0.7346, 1.21215, 2.80735, 6.401425, 6.4468, 7...  ...    BLA
4  [0.81235, 1.152825, 1.580025, 3.294225, 14.219...  ...    BLA

[5 rows x 10 columns]
2024-06-10 14:20:58,529 - DEBUG - Labelled fixations shape: (339972, 11)
2024-06-10 14:20:58,529 - DEBUG - Labelled spiketimes shape: (1255, 10)
2024-06-10 14:20:58,556 - DEBUG - Processing session: OTNAL_FV_032221
2024-06-10 14:20:58,558 - DEBUG - Session fixations shape: (11436, 11)
2024-06-10 14:20:58,558 - DEBUG - Session neurons shape: (71, 10)
2024-06-10 14:20:58,558 - DEBUG - Processing unit: 32220210011
2024-06-10 14:20:58,571 - DEBUG - Processing unit: 32220210021
2024-06-10 14:20:58,735 - DEBUG - Processing unit: 32220210022
2024-06-10 14:20:58,880 - DEBUG - Processing unit: 32220210031
2024-06-10 14:20:58,964 - DEBUG - Processing unit: 32220210032
2024-06-10 14:20:59,039 - DEBUG - Processing unit: 32220210041
2024-06-10 14:20:59,253 - DEBUG - Processing unit: 32220210051
2024-06-10 14:20:59,451 - DEBUG - Processing unit: 32220210061
2024-06-10 14:20:59,716 - DEBUG - Processing unit: 32220210071
2024-06-10 14:20:59,941 - DEBUG - Processing unit: 32220210081
2024-06-10 14:21:00,206 - DEBUG - Processing unit: 32220210091
2024-06-10 14:21:00,454 - DEBUG - Processing unit: 32220210101
2024-06-10 14:21:00,720 - DEBUG - Processing unit: 32220210102
2024-06-10 14:21:01,064 - DEBUG - Processing unit: 32220210111
2024-06-10 14:21:01,426 - DEBUG - Processing unit: 32220210121
2024-06-10 14:21:01,699 - DEBUG - Processing unit: 32220210122
2024-06-10 14:21:02,059 - DEBUG - Processing unit: 32220210131
2024-06-10 14:21:02,424 - DEBUG - Processing unit: 32220210141
2024-06-10 14:21:02,577 - DEBUG - Processing unit: 32220210151
2024-06-10 14:21:03,037 - DEBUG - Processing unit: 32220210161
2024-06-10 14:21:03,244 - DEBUG - Processing unit: 32220210171
2024-06-10 14:21:03,586 - DEBUG - Processing unit: 32220210181
2024-06-10 14:21:03,872 - DEBUG - Processing unit: 32220210191
2024-06-10 14:21:04,336 - DEBUG - Processing unit: 32220210201
2024-06-10 14:21:04,634 - DEBUG - Processing unit: 32220210211
2024-06-10 14:21:05,244 - DEBUG - Processing unit: 32220210221
2024-06-10 14:21:05,855 - DEBUG - Processing unit: 32220210231
2024-06-10 14:21:06,352 - DEBUG - Processing unit: 32220210241
2024-06-10 14:21:06,711 - DEBUG - Processing unit: 32220210251
2024-06-10 14:21:07,212 - DEBUG - Processing unit: 32220210261
2024-06-10 14:21:07,880 - DEBUG - Processing unit: 32220210271
2024-06-10 14:21:08,559 - DEBUG - Processing unit: 32220210281
/bin/sh: line 1: 3251084 Killed                  python analyze_gaze_signals.py --session /gpfs/milgram/project/chang/pg496/data_dir/otnal/data_source_7point3/OTNAL_FV_032221
slurmstepd: error: Detected 1 oom_kill event in StepId=27009559.batch. Some of the step tasks have been OOM Killed.
