
CondaError: Run 'conda init' before 'conda deactivate'

2024-06-10 15:25:40,783 - DEBUG - matplotlib data path: /gpfs/milgram/project/chang/pg496/conda_envs/nn_gpu/lib/python3.10/site-packages/matplotlib/mpl-data
2024-06-10 15:25:40,787 - DEBUG - CONFIGDIR=/home/pg496/.config/matplotlib
2024-06-10 15:25:40,789 - DEBUG - interactive is False
2024-06-10 15:25:40,789 - DEBUG - platform is linux
2024-06-10 15:25:40,831 - DEBUG - CACHEDIR=/home/pg496/.cache/matplotlib
2024-06-10 15:25:40,832 - DEBUG - Using fontManager instance from /home/pg496/.cache/matplotlib/fontlist-v330.json
2024-06-10 15:25:41,033 - DEBUG - Creating converter from 7 to 5
2024-06-10 15:25:41,033 - DEBUG - Creating converter from 5 to 7
2024-06-10 15:25:41,033 - DEBUG - Creating converter from 7 to 5
2024-06-10 15:25:41,033 - DEBUG - Creating converter from 5 to 7
2024-06-10 15:25:45,967 - DEBUG - First few rows of labelled fixations: 
   start_time  end_time  category  ...   mean_y_pos     fix_roi  agent
0       0.254     0.402       3.0  ...   203.120805  out_of_roi  Lynch
1       0.407     0.558       3.0  ... -1188.157895  out_of_roi  Lynch
2       0.584     0.769       3.0  ... -1226.191011  out_of_roi  Lynch
3       0.775     0.947       3.0  ... -1221.121387  out_of_roi  Lynch
4       0.973     1.098       3.0  ... -1155.447154  out_of_roi  Lynch

[5 rows x 11 columns]
2024-06-10 15:25:45,976 - DEBUG - First few rows of labelled spiketimes: 
                                              spikeS  ... region
0  [1.044075, 3.13865, 3.474675, 4.42465, 4.92632...  ...    BLA
1  [20.752875, 56.052075, 127.98965, 130.049925, ...  ...    BLA
2  [0.693575, 1.348825, 1.5314, 2.736025, 5.6675,...  ...    BLA
3  [0.7346, 1.21215, 2.80735, 6.401425, 6.4468, 7...  ...    BLA
4  [0.81235, 1.152825, 1.580025, 3.294225, 14.219...  ...    BLA

[5 rows x 10 columns]
2024-06-10 15:25:45,976 - DEBUG - Labelled fixations shape: (339972, 11)
2024-06-10 15:25:45,976 - DEBUG - Labelled spiketimes shape: (1255, 10)
2024-06-10 15:25:46,000 - DEBUG - Processing session: OTNAL_FV_030921
2024-06-10 15:25:46,001 - DEBUG - Session fixations shape: (1735, 11)
2024-06-10 15:25:46,001 - DEBUG - Session neurons shape: (74, 10)
2024-06-10 15:25:46,001 - DEBUG - Processing unit: 30920210011
2024-06-10 15:25:46,009 - DEBUG - Processing unit: 30920210021
2024-06-10 15:25:46,021 - DEBUG - Processing unit: 30920210031
2024-06-10 15:25:46,022 - DEBUG - Processing unit: 30920210041
2024-06-10 15:25:46,086 - DEBUG - Processing unit: 30920210051
2024-06-10 15:25:46,091 - DEBUG - Processing unit: 30920210061
2024-06-10 15:25:46,108 - DEBUG - Processing unit: 30920210071
2024-06-10 15:25:46,125 - DEBUG - Processing unit: 30920210081
2024-06-10 15:25:46,134 - DEBUG - Processing unit: 30920210091
2024-06-10 15:25:46,140 - DEBUG - Processing unit: 30920210101
2024-06-10 15:25:46,142 - DEBUG - Processing unit: 30920210111
2024-06-10 15:25:46,163 - DEBUG - Processing unit: 30920210121
2024-06-10 15:25:46,168 - DEBUG - Processing unit: 30920210131
2024-06-10 15:25:46,171 - DEBUG - Processing unit: 30920210141
2024-06-10 15:25:46,213 - DEBUG - Processing unit: 30920210151
2024-06-10 15:25:46,237 - DEBUG - Processing unit: 30920210161
2024-06-10 15:25:46,335 - DEBUG - Processing unit: 30920210171
2024-06-10 15:25:46,378 - DEBUG - Processing unit: 30920210181
2024-06-10 15:25:46,398 - DEBUG - Processing unit: 30920210191
2024-06-10 15:25:46,419 - DEBUG - Processing unit: 30920210201
2024-06-10 15:25:46,453 - DEBUG - Processing unit: 30920210211
2024-06-10 15:25:46,467 - DEBUG - Processing unit: 30920210221
2024-06-10 15:25:46,510 - DEBUG - Processing unit: 30920210231
2024-06-10 15:25:46,552 - DEBUG - Processing unit: 30920210241
2024-06-10 15:25:46,640 - DEBUG - Processing unit: 30920210251
2024-06-10 15:25:46,664 - DEBUG - Processing unit: 30920210261
2024-06-10 15:25:46,689 - DEBUG - Processing unit: 30920210271
2024-06-10 15:25:46,771 - DEBUG - Processing unit: 30920210281
2024-06-10 15:25:46,805 - DEBUG - Processing unit: 30920210291
2024-06-10 15:25:46,863 - DEBUG - Processing unit: 30920210301
2024-06-10 15:25:46,977 - DEBUG - Processing unit: 30920210311
2024-06-10 15:25:47,053 - DEBUG - Processing unit: 30920210312
2024-06-10 15:27:00,624 - DEBUG - Processing unit: 30920210321
2024-06-10 15:27:03,120 - DEBUG - Processing unit: 30920210331
2024-06-10 15:27:04,443 - DEBUG - Processing unit: 30920210341
2024-06-10 15:27:04,846 - DEBUG - Processing unit: 30920210351
2024-06-10 15:27:59,064 - DEBUG - Processing unit: 30920210361
2024-06-10 15:28:05,512 - DEBUG - Processing unit: 30920210371
2024-06-10 15:28:22,348 - DEBUG - Processing unit: 30920210381
2024-06-10 15:28:27,310 - DEBUG - Processing unit: 30920210391
2024-06-10 15:28:34,064 - DEBUG - Processing unit: 30920210401
2024-06-10 15:28:34,143 - DEBUG - Processing unit: 30920210421
2024-06-10 15:28:37,529 - DEBUG - Processing unit: 30920210431
2024-06-10 15:28:40,918 - DEBUG - Processing unit: 30920210441
2024-06-10 15:28:51,606 - DEBUG - Processing unit: 30920210451
2024-06-10 15:28:53,031 - DEBUG - Processing unit: 30920210461
2024-06-10 15:28:53,724 - DEBUG - Processing unit: 30920210471
2024-06-10 15:28:54,113 - DEBUG - Processing unit: 30920210481
2024-06-10 15:28:55,806 - DEBUG - Processing unit: 30920210482
2024-06-10 15:28:55,887 - DEBUG - Processing unit: 30920210491
2024-06-10 15:28:55,971 - DEBUG - Processing unit: 30920210492
2024-06-10 15:28:58,533 - DEBUG - Processing unit: 30920210501
2024-06-10 15:28:58,700 - DEBUG - Processing unit: 30920210511
2024-06-10 15:28:58,795 - DEBUG - Processing unit: 30920210512
2024-06-10 15:29:00,701 - DEBUG - Processing unit: 30920210521
2024-06-10 15:29:01,308 - DEBUG - Processing unit: 30920210522
2024-06-10 15:29:03,178 - DEBUG - Processing unit: 30920210531
2024-06-10 15:29:03,366 - DEBUG - Processing unit: 30920210541
2024-06-10 15:29:03,537 - DEBUG - Processing unit: 30920210551
2024-06-10 15:29:03,858 - DEBUG - Processing unit: 30920210561
2024-06-10 15:29:26,100 - DEBUG - Processing unit: 30920210571
2024-06-10 15:29:56,699 - DEBUG - Processing unit: 30920210581
2024-06-10 15:30:00,467 - DEBUG - Processing unit: 30920210591
2024-06-10 15:30:02,479 - DEBUG - Processing unit: 30920210601
2024-06-10 15:30:23,733 - DEBUG - Processing unit: 30920210602
2024-06-10 15:30:24,033 - DEBUG - Processing unit: 30920210611
2024-06-10 15:30:35,924 - DEBUG - Processing unit: 30920210612
2024-06-10 15:30:36,547 - DEBUG - Processing unit: 30920210621
2024-06-10 15:30:37,962 - DEBUG - Processing unit: 30920210622
2024-06-10 15:30:45,217 - DEBUG - Processing unit: 30920210631
2024-06-10 15:30:49,972 - DEBUG - Processing unit: 30920210632
2024-06-10 15:30:50,230 - DEBUG - Processing unit: 30920210633
2024-06-10 15:31:00,007 - DEBUG - Processing unit: 30920210641
2024-06-10 15:31:05,008 - DEBUG - Processing unit: 30920210642
2024-06-10 15:37:21,921 - INFO - Saved session data for OTNAL_FV_030921 to /gpfs/milgram/project/chang/pg496/data_dir/otnal/processed_data/OTNAL_FV_030921_raster.csv
