
CondaError: Run 'conda init' before 'conda deactivate'

2024-06-10 15:02:42,439 - DEBUG - matplotlib data path: /gpfs/milgram/project/chang/pg496/conda_envs/nn_gpu/lib/python3.10/site-packages/matplotlib/mpl-data
2024-06-10 15:02:42,444 - DEBUG - CONFIGDIR=/home/pg496/.config/matplotlib
2024-06-10 15:02:42,445 - DEBUG - interactive is False
2024-06-10 15:02:42,445 - DEBUG - platform is linux
2024-06-10 15:02:42,485 - DEBUG - CACHEDIR=/home/pg496/.cache/matplotlib
2024-06-10 15:02:42,486 - DEBUG - Using fontManager instance from /home/pg496/.cache/matplotlib/fontlist-v330.json
2024-06-10 15:02:42,682 - DEBUG - Creating converter from 7 to 5
2024-06-10 15:02:42,682 - DEBUG - Creating converter from 5 to 7
2024-06-10 15:02:42,682 - DEBUG - Creating converter from 7 to 5
2024-06-10 15:02:42,682 - DEBUG - Creating converter from 5 to 7
2024-06-10 15:02:47,486 - DEBUG - First few rows of labelled fixations: 
   start_time  end_time  category  ...   mean_y_pos     fix_roi  agent
0       0.254     0.402       3.0  ...   203.120805  out_of_roi  Lynch
1       0.407     0.558       3.0  ... -1188.157895  out_of_roi  Lynch
2       0.584     0.769       3.0  ... -1226.191011  out_of_roi  Lynch
3       0.775     0.947       3.0  ... -1221.121387  out_of_roi  Lynch
4       0.973     1.098       3.0  ... -1155.447154  out_of_roi  Lynch

[5 rows x 11 columns]
2024-06-10 15:02:47,494 - DEBUG - First few rows of labelled spiketimes: 
                                              spikeS  ... region
0  [1.044075, 3.13865, 3.474675, 4.42465, 4.92632...  ...    BLA
1  [20.752875, 56.052075, 127.98965, 130.049925, ...  ...    BLA
2  [0.693575, 1.348825, 1.5314, 2.736025, 5.6675,...  ...    BLA
3  [0.7346, 1.21215, 2.80735, 6.401425, 6.4468, 7...  ...    BLA
4  [0.81235, 1.152825, 1.580025, 3.294225, 14.219...  ...    BLA

[5 rows x 10 columns]
2024-06-10 15:02:47,494 - DEBUG - Labelled fixations shape: (339972, 11)
2024-06-10 15:02:47,494 - DEBUG - Labelled spiketimes shape: (1255, 10)
2024-06-10 15:02:47,512 - DEBUG - Processing session: OTNAL_FV_062221
2024-06-10 15:02:47,514 - DEBUG - Session fixations shape: (13248, 11)
2024-06-10 15:02:47,514 - DEBUG - Session neurons shape: (72, 10)
2024-06-10 15:02:47,514 - DEBUG - Processing unit: 62220210011
2024-06-10 15:02:47,582 - DEBUG - Processing unit: 62220210021
2024-06-10 15:02:47,614 - DEBUG - Processing unit: 62220210022
2024-06-10 15:02:47,616 - DEBUG - Processing unit: 62220210031
2024-06-10 15:02:47,663 - DEBUG - Processing unit: 62220210032
2024-06-10 15:02:47,702 - DEBUG - Processing unit: 62220210041
2024-06-10 15:02:47,728 - DEBUG - Processing unit: 62220210042
2024-06-10 15:02:47,736 - DEBUG - Processing unit: 62220210051
2024-06-10 15:02:47,746 - DEBUG - Processing unit: 62220210052
2024-06-10 15:02:47,785 - DEBUG - Processing unit: 62220210061
2024-06-10 15:02:47,873 - DEBUG - Processing unit: 62220210062
2024-06-10 15:02:47,894 - DEBUG - Processing unit: 62220210071
2024-06-10 15:02:47,932 - DEBUG - Processing unit: 62220210072
2024-06-10 15:02:47,949 - DEBUG - Processing unit: 62220210081
2024-06-10 15:02:47,972 - DEBUG - Processing unit: 62220210082
2024-06-10 15:02:48,034 - DEBUG - Processing unit: 62220210091
2024-06-10 15:02:48,271 - DEBUG - Processing unit: 62220210092
2024-06-10 15:02:48,299 - DEBUG - Processing unit: 62220210101
2024-06-10 15:02:48,305 - DEBUG - Processing unit: 62220210111
2024-06-10 15:02:48,516 - DEBUG - Processing unit: 62220210121
2024-06-10 15:02:48,581 - DEBUG - Processing unit: 62220210122
2024-06-10 15:02:48,725 - DEBUG - Processing unit: 62220210131
2024-06-10 15:02:48,742 - DEBUG - Processing unit: 62220210132
2024-06-10 15:02:48,750 - DEBUG - Processing unit: 62220210141
2024-06-10 15:02:48,771 - DEBUG - Processing unit: 62220210142
2024-06-10 15:02:48,796 - DEBUG - Processing unit: 62220210151
2024-06-10 15:02:48,924 - DEBUG - Processing unit: 62220210161
2024-06-10 15:02:48,933 - DEBUG - Processing unit: 62220210162
2024-06-10 15:02:49,070 - DEBUG - Processing unit: 62220210171
2024-06-10 15:02:49,246 - DEBUG - Processing unit: 62220210181
2024-06-10 15:02:49,274 - DEBUG - Processing unit: 62220210182
2024-06-10 15:02:49,292 - DEBUG - Processing unit: 62220210191
2024-06-10 15:12:47,268 - DEBUG - Processing unit: 62220210192
2024-06-10 15:12:52,558 - DEBUG - Processing unit: 62220210201
2024-06-10 15:12:54,527 - DEBUG - Processing unit: 62220210202
2024-06-10 15:13:19,120 - DEBUG - Processing unit: 62220210211
2024-06-10 15:13:48,711 - DEBUG - Processing unit: 62220210212
2024-06-10 15:13:49,920 - DEBUG - Processing unit: 62220210221
2024-06-10 15:17:43,351 - DEBUG - Processing unit: 62220210222
2024-06-10 15:20:48,042 - DEBUG - Processing unit: 62220210231
2024-06-10 15:20:57,358 - DEBUG - Processing unit: 62220210232
2024-06-10 15:21:47,744 - DEBUG - Processing unit: 62220210241
2024-06-10 15:24:50,170 - DEBUG - Processing unit: 62220210251
slurmstepd: error: *** JOB 27009722 ON r812u15n01 CANCELLED AT 2024-06-10T15:24:56 ***
