
CondaError: Run 'conda init' before 'conda deactivate'

2024-06-10 15:25:41,786 - DEBUG - matplotlib data path: /gpfs/milgram/project/chang/pg496/conda_envs/nn_gpu/lib/python3.10/site-packages/matplotlib/mpl-data
2024-06-10 15:25:41,790 - DEBUG - CONFIGDIR=/home/pg496/.config/matplotlib
2024-06-10 15:25:41,791 - DEBUG - interactive is False
2024-06-10 15:25:41,791 - DEBUG - platform is linux
2024-06-10 15:25:41,833 - DEBUG - CACHEDIR=/home/pg496/.cache/matplotlib
2024-06-10 15:25:41,834 - DEBUG - Using fontManager instance from /home/pg496/.cache/matplotlib/fontlist-v330.json
2024-06-10 15:25:42,030 - DEBUG - Creating converter from 7 to 5
2024-06-10 15:25:42,030 - DEBUG - Creating converter from 5 to 7
2024-06-10 15:25:42,030 - DEBUG - Creating converter from 7 to 5
2024-06-10 15:25:42,030 - DEBUG - Creating converter from 5 to 7
2024-06-10 15:25:46,887 - DEBUG - First few rows of labelled fixations: 
   start_time  end_time  category  ...   mean_y_pos     fix_roi  agent
0       0.254     0.402       3.0  ...   203.120805  out_of_roi  Lynch
1       0.407     0.558       3.0  ... -1188.157895  out_of_roi  Lynch
2       0.584     0.769       3.0  ... -1226.191011  out_of_roi  Lynch
3       0.775     0.947       3.0  ... -1221.121387  out_of_roi  Lynch
4       0.973     1.098       3.0  ... -1155.447154  out_of_roi  Lynch

[5 rows x 11 columns]
2024-06-10 15:25:46,896 - DEBUG - First few rows of labelled spiketimes: 
                                              spikeS  ... region
0  [1.044075, 3.13865, 3.474675, 4.42465, 4.92632...  ...    BLA
1  [20.752875, 56.052075, 127.98965, 130.049925, ...  ...    BLA
2  [0.693575, 1.348825, 1.5314, 2.736025, 5.6675,...  ...    BLA
3  [0.7346, 1.21215, 2.80735, 6.401425, 6.4468, 7...  ...    BLA
4  [0.81235, 1.152825, 1.580025, 3.294225, 14.219...  ...    BLA

[5 rows x 10 columns]
2024-06-10 15:25:46,896 - DEBUG - Labelled fixations shape: (339972, 11)
2024-06-10 15:25:46,896 - DEBUG - Labelled spiketimes shape: (1255, 10)
2024-06-10 15:25:46,921 - DEBUG - Processing session: OTNAL_FV_032421
2024-06-10 15:25:46,922 - DEBUG - Session fixations shape: (6902, 11)
2024-06-10 15:25:46,922 - DEBUG - Session neurons shape: (79, 10)
2024-06-10 15:25:46,923 - DEBUG - Processing unit: 32420210011
2024-06-10 15:25:46,936 - DEBUG - Processing unit: 32420210021
2024-06-10 15:25:47,016 - DEBUG - Processing unit: 32420210031
2024-06-10 15:25:47,268 - DEBUG - Processing unit: 32420210041
2024-06-10 15:25:47,346 - DEBUG - Processing unit: 32420210051
2024-06-10 15:25:47,370 - DEBUG - Processing unit: 32420210061
2024-06-10 15:25:47,375 - DEBUG - Processing unit: 32420210071
2024-06-10 15:25:47,582 - DEBUG - Processing unit: 32420210081
2024-06-10 15:25:47,644 - DEBUG - Processing unit: 32420210091
2024-06-10 15:25:47,725 - DEBUG - Processing unit: 32420210101
2024-06-10 15:25:47,727 - DEBUG - Processing unit: 32420210111
2024-06-10 15:25:47,888 - DEBUG - Processing unit: 32420210121
2024-06-10 15:25:47,951 - DEBUG - Processing unit: 32420210131
2024-06-10 15:25:48,023 - DEBUG - Processing unit: 32420210141
2024-06-10 15:25:48,045 - DEBUG - Processing unit: 32420210151
2024-06-10 15:25:48,077 - DEBUG - Processing unit: 32420210161
2024-06-10 15:25:48,235 - DEBUG - Processing unit: 32420210162
2024-06-10 15:25:48,244 - DEBUG - Processing unit: 32420210171
2024-06-10 15:25:48,261 - DEBUG - Processing unit: 32420210172
2024-06-10 15:25:48,333 - DEBUG - Processing unit: 32420210173
2024-06-10 15:25:48,348 - DEBUG - Processing unit: 32420210181
2024-06-10 15:25:48,354 - DEBUG - Processing unit: 32420210191
2024-06-10 15:25:48,433 - DEBUG - Processing unit: 32420210201
2024-06-10 15:25:48,478 - DEBUG - Processing unit: 32420210211
2024-06-10 15:25:48,545 - DEBUG - Processing unit: 32420210221
2024-06-10 15:25:48,600 - DEBUG - Processing unit: 32420210231
2024-06-10 15:25:48,685 - DEBUG - Processing unit: 32420210241
2024-06-10 15:25:48,701 - DEBUG - Processing unit: 32420210251
2024-06-10 15:25:48,787 - DEBUG - Processing unit: 32420210252
2024-06-10 15:25:48,798 - DEBUG - Processing unit: 32420210261
2024-06-10 15:25:48,819 - DEBUG - Processing unit: 32420210262
2024-06-10 15:25:48,918 - DEBUG - Processing unit: 32420210263
