
CondaError: Run 'conda init' before 'conda deactivate'

2024-06-10 14:20:45,190 - DEBUG - matplotlib data path: /gpfs/milgram/project/chang/pg496/conda_envs/nn_gpu/lib/python3.10/site-packages/matplotlib/mpl-data
2024-06-10 14:20:45,196 - DEBUG - CONFIGDIR=/home/pg496/.config/matplotlib
2024-06-10 14:20:45,197 - DEBUG - interactive is False
2024-06-10 14:20:45,197 - DEBUG - platform is linux
2024-06-10 14:20:45,245 - DEBUG - CACHEDIR=/home/pg496/.cache/matplotlib
2024-06-10 14:20:45,246 - DEBUG - Using fontManager instance from /home/pg496/.cache/matplotlib/fontlist-v330.json
2024-06-10 14:20:45,479 - DEBUG - Creating converter from 7 to 5
2024-06-10 14:20:45,479 - DEBUG - Creating converter from 5 to 7
2024-06-10 14:20:45,479 - DEBUG - Creating converter from 7 to 5
2024-06-10 14:20:45,479 - DEBUG - Creating converter from 5 to 7
2024-06-10 14:20:51,258 - DEBUG - First few rows of labelled fixations: 
   start_time  end_time  category  ...   mean_y_pos     fix_roi  agent
0       0.254     0.402       3.0  ...   203.120805  out_of_roi  Lynch
1       0.407     0.558       3.0  ... -1188.157895  out_of_roi  Lynch
2       0.584     0.769       3.0  ... -1226.191011  out_of_roi  Lynch
3       0.775     0.947       3.0  ... -1221.121387  out_of_roi  Lynch
4       0.973     1.098       3.0  ... -1155.447154  out_of_roi  Lynch

[5 rows x 11 columns]
2024-06-10 14:20:51,268 - DEBUG - First few rows of labelled spiketimes: 
                                              spikeS  ... region
0  [1.044075, 3.13865, 3.474675, 4.42465, 4.92632...  ...    BLA
1  [20.752875, 56.052075, 127.98965, 130.049925, ...  ...    BLA
2  [0.693575, 1.348825, 1.5314, 2.736025, 5.6675,...  ...    BLA
3  [0.7346, 1.21215, 2.80735, 6.401425, 6.4468, 7...  ...    BLA
4  [0.81235, 1.152825, 1.580025, 3.294225, 14.219...  ...    BLA

[5 rows x 10 columns]
2024-06-10 14:20:51,268 - DEBUG - Labelled fixations shape: (339972, 11)
2024-06-10 14:20:51,268 - DEBUG - Labelled spiketimes shape: (1255, 10)
2024-06-10 14:20:51,297 - DEBUG - Processing session: OTNAL_FV_032421
2024-06-10 14:20:51,298 - DEBUG - Session fixations shape: (6902, 11)
2024-06-10 14:20:51,298 - DEBUG - Session neurons shape: (79, 10)
2024-06-10 14:20:51,299 - DEBUG - Processing unit: 32420210011
2024-06-10 14:20:51,315 - DEBUG - Processing unit: 32420210021
2024-06-10 14:20:51,445 - DEBUG - Processing unit: 32420210031
2024-06-10 14:20:51,760 - DEBUG - Processing unit: 32420210041
2024-06-10 14:20:51,846 - DEBUG - Processing unit: 32420210051
2024-06-10 14:20:51,967 - DEBUG - Processing unit: 32420210061
2024-06-10 14:20:52,167 - DEBUG - Processing unit: 32420210071
2024-06-10 14:20:52,439 - DEBUG - Processing unit: 32420210081
2024-06-10 14:20:52,642 - DEBUG - Processing unit: 32420210091
2024-06-10 14:20:52,885 - DEBUG - Processing unit: 32420210101
2024-06-10 14:20:53,286 - DEBUG - Processing unit: 32420210111
2024-06-10 14:20:53,497 - DEBUG - Processing unit: 32420210121
2024-06-10 14:20:53,824 - DEBUG - Processing unit: 32420210131
2024-06-10 14:20:54,113 - DEBUG - Processing unit: 32420210141
2024-06-10 14:20:54,370 - DEBUG - Processing unit: 32420210151
2024-06-10 14:20:54,561 - DEBUG - Processing unit: 32420210161
2024-06-10 14:20:54,977 - DEBUG - Processing unit: 32420210162
2024-06-10 14:20:55,184 - DEBUG - Processing unit: 32420210171
2024-06-10 14:20:55,391 - DEBUG - Processing unit: 32420210172
2024-06-10 14:20:55,581 - DEBUG - Processing unit: 32420210173
2024-06-10 14:20:55,796 - DEBUG - Processing unit: 32420210181
2024-06-10 14:20:56,319 - DEBUG - Processing unit: 32420210191
2024-06-10 14:20:56,724 - DEBUG - Processing unit: 32420210201
2024-06-10 14:20:57,082 - DEBUG - Processing unit: 32420210211
2024-06-10 14:20:57,542 - DEBUG - Processing unit: 32420210221
2024-06-10 14:20:58,063 - DEBUG - Processing unit: 32420210231
2024-06-10 14:20:58,715 - DEBUG - Processing unit: 32420210241
2024-06-10 14:20:59,206 - DEBUG - Processing unit: 32420210251
2024-06-10 14:20:59,676 - DEBUG - Processing unit: 32420210252
2024-06-10 14:21:00,141 - DEBUG - Processing unit: 32420210261
2024-06-10 14:21:00,501 - DEBUG - Processing unit: 32420210262
2024-06-10 14:21:01,315 - DEBUG - Processing unit: 32420210263
2024-06-10 14:32:26,829 - DEBUG - Processing unit: 32420210271
2024-06-10 14:32:27,228 - DEBUG - Processing unit: 32420210272
2024-06-10 14:32:30,046 - DEBUG - Processing unit: 32420210273
2024-06-10 14:32:32,187 - DEBUG - Processing unit: 32420210281
2024-06-10 14:32:32,493 - DEBUG - Processing unit: 32420210291
2024-06-10 14:32:35,103 - DEBUG - Processing unit: 32420210301
2024-06-10 14:32:37,176 - DEBUG - Processing unit: 32420210302
2024-06-10 14:32:37,414 - DEBUG - Processing unit: 32420210303
2024-06-10 14:32:37,720 - DEBUG - Processing unit: 32420210311
2024-06-10 14:32:37,879 - DEBUG - Processing unit: 32420210312
2024-06-10 14:32:38,012 - DEBUG - Processing unit: 32420210321
2024-06-10 14:32:40,449 - DEBUG - Processing unit: 32420210322
2024-06-10 14:32:41,561 - DEBUG - Processing unit: 32420210323
2024-06-10 14:32:41,720 - DEBUG - Processing unit: 32420210331
2024-06-10 14:32:42,607 - DEBUG - Processing unit: 32420210341
2024-06-10 14:32:44,420 - DEBUG - Processing unit: 32420210351
2024-06-10 14:32:45,569 - DEBUG - Processing unit: 32420210361
2024-06-10 14:32:46,538 - DEBUG - Processing unit: 32420210371
2024-06-10 14:32:46,567 - DEBUG - Processing unit: 32420210381
2024-06-10 14:32:48,627 - DEBUG - Processing unit: 32420210391
2024-06-10 14:32:50,436 - DEBUG - Processing unit: 32420210401
2024-06-10 14:32:50,557 - DEBUG - Processing unit: 32420210411
2024-06-10 14:32:53,382 - DEBUG - Processing unit: 32420210421
2024-06-10 14:32:57,338 - DEBUG - Processing unit: 32420210431
2024-06-10 14:32:58,702 - DEBUG - Processing unit: 32420210441
2024-06-10 14:32:58,782 - DEBUG - Processing unit: 32420210451
2024-06-10 14:32:59,481 - DEBUG - Processing unit: 32420210452
2024-06-10 14:33:01,395 - DEBUG - Processing unit: 32420210461
2024-06-10 14:33:04,509 - DEBUG - Processing unit: 32420210471
2024-06-10 14:33:16,641 - DEBUG - Processing unit: 32420210481
2024-06-10 14:33:19,762 - DEBUG - Processing unit: 32420210491
2024-06-10 14:33:29,646 - DEBUG - Processing unit: 32420210501
/bin/sh: line 1: 1323727 Killed                  python analyze_gaze_signals.py --session /gpfs/milgram/project/chang/pg496/data_dir/otnal/data_source_7point3/OTNAL_FV_032421
slurmstepd: error: Detected 1 oom_kill event in StepId=27009547.batch. Some of the step tasks have been OOM Killed.
