
CondaError: Run 'conda init' before 'conda deactivate'

2024-06-10 15:37:21,330 - DEBUG - matplotlib data path: /gpfs/milgram/project/chang/pg496/conda_envs/nn_gpu/lib/python3.10/site-packages/matplotlib/mpl-data
2024-06-10 15:37:21,334 - DEBUG - CONFIGDIR=/home/pg496/.config/matplotlib
2024-06-10 15:37:21,335 - DEBUG - interactive is False
2024-06-10 15:37:21,335 - DEBUG - platform is linux
2024-06-10 15:37:21,376 - DEBUG - CACHEDIR=/home/pg496/.cache/matplotlib
2024-06-10 15:37:21,377 - DEBUG - Using fontManager instance from /home/pg496/.cache/matplotlib/fontlist-v330.json
2024-06-10 15:37:21,565 - DEBUG - Creating converter from 7 to 5
2024-06-10 15:37:21,565 - DEBUG - Creating converter from 5 to 7
2024-06-10 15:37:21,565 - DEBUG - Creating converter from 7 to 5
2024-06-10 15:37:21,565 - DEBUG - Creating converter from 5 to 7
2024-06-10 15:37:26,437 - DEBUG - First few rows of labelled fixations: 
   start_time  end_time  category  ...   mean_y_pos     fix_roi  agent
0       0.254     0.402       3.0  ...   203.120805  out_of_roi  Lynch
1       0.407     0.558       3.0  ... -1188.157895  out_of_roi  Lynch
2       0.584     0.769       3.0  ... -1226.191011  out_of_roi  Lynch
3       0.775     0.947       3.0  ... -1221.121387  out_of_roi  Lynch
4       0.973     1.098       3.0  ... -1155.447154  out_of_roi  Lynch

[5 rows x 11 columns]
2024-06-10 15:37:26,446 - DEBUG - First few rows of labelled spiketimes: 
                                              spikeS  ... region
0  [1.044075, 3.13865, 3.474675, 4.42465, 4.92632...  ...    BLA
1  [20.752875, 56.052075, 127.98965, 130.049925, ...  ...    BLA
2  [0.693575, 1.348825, 1.5314, 2.736025, 5.6675,...  ...    BLA
3  [0.7346, 1.21215, 2.80735, 6.401425, 6.4468, 7...  ...    BLA
4  [0.81235, 1.152825, 1.580025, 3.294225, 14.219...  ...    BLA

[5 rows x 10 columns]
2024-06-10 15:37:26,446 - DEBUG - Labelled fixations shape: (339972, 11)
2024-06-10 15:37:26,446 - DEBUG - Labelled spiketimes shape: (1255, 10)
2024-06-10 15:37:26,470 - DEBUG - Processing session: OTNAL_FV_062422
2024-06-10 15:37:26,471 - DEBUG - Session fixations shape: (8518, 11)
2024-06-10 15:37:26,471 - DEBUG - Session neurons shape: (48, 10)
2024-06-10 15:37:26,472 - DEBUG - Processing unit: 62420220011
2024-06-10 15:37:26,481 - DEBUG - Processing unit: 62420220051
2024-06-10 15:37:26,493 - DEBUG - Processing unit: 62420220071
2024-06-10 15:37:26,621 - DEBUG - Processing unit: 62420220081
2024-06-10 15:37:26,737 - DEBUG - Processing unit: 62420220101
2024-06-10 15:37:26,809 - DEBUG - Processing unit: 62420220102
2024-06-10 15:37:26,851 - DEBUG - Processing unit: 62420220111
2024-06-10 15:37:26,855 - DEBUG - Processing unit: 62420220112
2024-06-10 15:37:26,983 - DEBUG - Processing unit: 62420220113
2024-06-10 15:37:26,989 - DEBUG - Processing unit: 62420220121
2024-06-10 15:37:27,020 - DEBUG - Processing unit: 62420220122
2024-06-10 15:37:27,022 - DEBUG - Processing unit: 62420220123
2024-06-10 15:37:27,028 - DEBUG - Processing unit: 62420220131
2024-06-10 15:37:27,071 - DEBUG - Processing unit: 62420220132
2024-06-10 15:37:27,073 - DEBUG - Processing unit: 62420220151
2024-06-10 15:37:27,147 - DEBUG - Processing unit: 62420220152
2024-06-10 15:37:27,220 - DEBUG - Processing unit: 62420220161
2024-06-10 15:37:27,243 - DEBUG - Processing unit: 62420220171
2024-06-10 15:37:27,257 - DEBUG - Processing unit: 62420220172
2024-06-10 15:37:27,368 - DEBUG - Processing unit: 62420220181
2024-06-10 15:37:27,378 - DEBUG - Processing unit: 62420220182
2024-06-10 15:37:27,424 - DEBUG - Processing unit: 62420220191
2024-06-10 15:37:27,517 - DEBUG - Processing unit: 62420220192
2024-06-10 15:37:27,557 - DEBUG - Processing unit: 62420220201
2024-06-10 15:37:27,576 - DEBUG - Processing unit: 62420220202
2024-06-10 15:37:27,583 - DEBUG - Processing unit: 62420220211
2024-06-10 15:37:27,593 - DEBUG - Processing unit: 62420220212
2024-06-10 15:37:27,766 - DEBUG - Processing unit: 62420220221
2024-06-10 15:37:27,790 - DEBUG - Processing unit: 62420220222
2024-06-10 15:37:27,804 - DEBUG - Processing unit: 62420220231
2024-06-10 15:37:27,895 - DEBUG - Processing unit: 62420220232
2024-06-10 15:37:27,921 - DEBUG - Processing unit: 62420220241
2024-06-10 15:41:29,993 - DEBUG - Processing unit: 62420220242
2024-06-10 15:44:29,116 - DEBUG - Processing unit: 62420220251
2024-06-10 15:44:33,602 - DEBUG - Processing unit: 62420220261
2024-06-10 15:44:47,193 - DEBUG - Processing unit: 62420220262
2024-06-10 15:44:53,694 - DEBUG - Processing unit: 62420220271
2024-06-10 15:44:59,558 - DEBUG - Processing unit: 62420220281
2024-06-10 15:45:28,963 - DEBUG - Processing unit: 62420220282
2024-06-10 15:46:36,915 - DEBUG - Processing unit: 62420220291
2024-06-10 15:46:50,082 - DEBUG - Processing unit: 62420220292
2024-06-10 15:47:15,322 - DEBUG - Processing unit: 62420220301
2024-06-10 15:49:07,385 - DEBUG - Processing unit: 62420220302
2024-06-10 15:49:33,095 - DEBUG - Processing unit: 62420220311
2024-06-10 15:50:47,747 - DEBUG - Processing unit: 62420220312
2024-06-10 15:51:45,263 - DEBUG - Processing unit: 62420220313
2024-06-10 15:53:43,568 - DEBUG - Processing unit: 62420220321
2024-06-10 15:53:49,127 - DEBUG - Processing unit: 62420220322
2024-06-10 16:14:24,423 - INFO - Saved session data for OTNAL_FV_062422 to /gpfs/milgram/project/chang/pg496/data_dir/otnal/processed_data/OTNAL_FV_062422_raster.csv
