
CondaError: Run 'conda init' before 'conda deactivate'

2024-06-10 14:45:03,483 - DEBUG - matplotlib data path: /gpfs/milgram/project/chang/pg496/conda_envs/nn_gpu/lib/python3.10/site-packages/matplotlib/mpl-data
2024-06-10 14:45:03,487 - DEBUG - CONFIGDIR=/home/pg496/.config/matplotlib
2024-06-10 14:45:03,489 - DEBUG - interactive is False
2024-06-10 14:45:03,489 - DEBUG - platform is linux
2024-06-10 14:45:03,531 - DEBUG - CACHEDIR=/home/pg496/.cache/matplotlib
2024-06-10 14:45:03,532 - DEBUG - Using fontManager instance from /home/pg496/.cache/matplotlib/fontlist-v330.json
2024-06-10 14:45:03,723 - DEBUG - Creating converter from 7 to 5
2024-06-10 14:45:03,723 - DEBUG - Creating converter from 5 to 7
2024-06-10 14:45:03,723 - DEBUG - Creating converter from 7 to 5
2024-06-10 14:45:03,723 - DEBUG - Creating converter from 5 to 7
2024-06-10 14:45:08,689 - DEBUG - First few rows of labelled fixations: 
   start_time  end_time  category  ...   mean_y_pos     fix_roi  agent
0       0.254     0.402       3.0  ...   203.120805  out_of_roi  Lynch
1       0.407     0.558       3.0  ... -1188.157895  out_of_roi  Lynch
2       0.584     0.769       3.0  ... -1226.191011  out_of_roi  Lynch
3       0.775     0.947       3.0  ... -1221.121387  out_of_roi  Lynch
4       0.973     1.098       3.0  ... -1155.447154  out_of_roi  Lynch

[5 rows x 11 columns]
2024-06-10 14:45:08,697 - DEBUG - First few rows of labelled spiketimes: 
                                              spikeS  ... region
0  [1.044075, 3.13865, 3.474675, 4.42465, 4.92632...  ...    BLA
1  [20.752875, 56.052075, 127.98965, 130.049925, ...  ...    BLA
2  [0.693575, 1.348825, 1.5314, 2.736025, 5.6675,...  ...    BLA
3  [0.7346, 1.21215, 2.80735, 6.401425, 6.4468, 7...  ...    BLA
4  [0.81235, 1.152825, 1.580025, 3.294225, 14.219...  ...    BLA

[5 rows x 10 columns]
2024-06-10 14:45:08,698 - DEBUG - Labelled fixations shape: (339972, 11)
2024-06-10 14:45:08,698 - DEBUG - Labelled spiketimes shape: (1255, 10)
2024-06-10 14:45:08,721 - DEBUG - Processing session: OTNAL_FV_062322
2024-06-10 14:45:08,723 - DEBUG - Session fixations shape: (9757, 11)
2024-06-10 14:45:08,723 - DEBUG - Session neurons shape: (43, 10)
2024-06-10 14:45:08,723 - DEBUG - Processing unit: 62320220021
2024-06-10 14:45:08,728 - DEBUG - Processing unit: 62320220031
2024-06-10 14:45:08,734 - DEBUG - Processing unit: 62320220032
2024-06-10 14:45:08,762 - DEBUG - Processing unit: 62320220033
2024-06-10 14:45:08,824 - DEBUG - Processing unit: 62320220041
2024-06-10 14:45:08,837 - DEBUG - Processing unit: 62320220042
2024-06-10 14:45:08,885 - DEBUG - Processing unit: 62320220051
2024-06-10 14:45:08,900 - DEBUG - Processing unit: 62320220061
2024-06-10 14:45:08,919 - DEBUG - Processing unit: 62320220062
2024-06-10 14:45:08,920 - DEBUG - Processing unit: 62320220071
2024-06-10 14:45:08,937 - DEBUG - Processing unit: 62320220072
2024-06-10 14:45:08,944 - DEBUG - Processing unit: 62320220081
2024-06-10 14:45:09,032 - DEBUG - Processing unit: 62320220082
2024-06-10 14:45:09,172 - DEBUG - Processing unit: 62320220091
2024-06-10 14:45:09,351 - DEBUG - Processing unit: 62320220201
2024-06-10 14:45:09,418 - DEBUG - Processing unit: 62320220221
2024-06-10 14:45:09,444 - DEBUG - Processing unit: 62320220222
2024-06-10 14:45:09,468 - DEBUG - Processing unit: 62320220231
2024-06-10 14:45:09,600 - DEBUG - Processing unit: 62320220232
2024-06-10 14:45:09,682 - DEBUG - Processing unit: 62320220233
2024-06-10 14:45:09,695 - DEBUG - Processing unit: 62320220234
2024-06-10 14:45:09,697 - DEBUG - Processing unit: 62320220241
2024-06-10 14:45:09,892 - DEBUG - Processing unit: 62320220251
2024-06-10 14:45:10,025 - DEBUG - Processing unit: 62320220261
2024-06-10 14:45:10,031 - DEBUG - Processing unit: 62320220262
2024-06-10 14:45:10,291 - DEBUG - Processing unit: 62320220263
2024-06-10 14:45:10,302 - DEBUG - Processing unit: 62320220271
2024-06-10 14:45:10,404 - DEBUG - Processing unit: 62320220272
2024-06-10 14:45:10,465 - DEBUG - Processing unit: 62320220281
2024-06-10 14:45:10,518 - DEBUG - Processing unit: 62320220282
2024-06-10 14:45:10,630 - DEBUG - Processing unit: 62320220291
2024-06-10 14:45:10,679 - DEBUG - Processing unit: 62320220292
2024-06-10 14:49:48,933 - DEBUG - Processing unit: 62320220293
2024-06-10 14:52:52,875 - DEBUG - Processing unit: 62320220301
2024-06-10 14:53:12,094 - DEBUG - Processing unit: 62320220311
2024-06-10 14:53:15,574 - DEBUG - Processing unit: 62320220312
2024-06-10 14:53:31,304 - DEBUG - Processing unit: 62320220313
2024-06-10 14:53:41,447 - DEBUG - Processing unit: 62320220321
2024-06-10 14:53:53,384 - DEBUG - Processing unit: 62320220322
2024-06-10 14:54:34,893 - DEBUG - Processing unit: 62320220371
2024-06-10 14:54:55,564 - DEBUG - Processing unit: 62320220501
2024-06-10 14:55:38,532 - DEBUG - Processing unit: 62320220601
2024-06-10 15:00:19,726 - DEBUG - Processing unit: 62320220641
