
CondaError: Run 'conda init' before 'conda deactivate'

2024-06-10 14:20:52,636 - DEBUG - matplotlib data path: /gpfs/milgram/project/chang/pg496/conda_envs/nn_gpu/lib/python3.10/site-packages/matplotlib/mpl-data
2024-06-10 14:20:52,642 - DEBUG - CONFIGDIR=/home/pg496/.config/matplotlib
2024-06-10 14:20:52,643 - DEBUG - interactive is False
2024-06-10 14:20:52,643 - DEBUG - platform is linux
2024-06-10 14:20:52,692 - DEBUG - CACHEDIR=/home/pg496/.cache/matplotlib
2024-06-10 14:20:52,694 - DEBUG - Using fontManager instance from /home/pg496/.cache/matplotlib/fontlist-v330.json
2024-06-10 14:20:52,932 - DEBUG - Creating converter from 7 to 5
2024-06-10 14:20:52,932 - DEBUG - Creating converter from 5 to 7
2024-06-10 14:20:52,932 - DEBUG - Creating converter from 7 to 5
2024-06-10 14:20:52,932 - DEBUG - Creating converter from 5 to 7
2024-06-10 14:20:58,667 - DEBUG - First few rows of labelled fixations: 
   start_time  end_time  category  ...   mean_y_pos     fix_roi  agent
0       0.254     0.402       3.0  ...   203.120805  out_of_roi  Lynch
1       0.407     0.558       3.0  ... -1188.157895  out_of_roi  Lynch
2       0.584     0.769       3.0  ... -1226.191011  out_of_roi  Lynch
3       0.775     0.947       3.0  ... -1221.121387  out_of_roi  Lynch
4       0.973     1.098       3.0  ... -1155.447154  out_of_roi  Lynch

[5 rows x 11 columns]
2024-06-10 14:20:58,677 - DEBUG - First few rows of labelled spiketimes: 
                                              spikeS  ... region
0  [1.044075, 3.13865, 3.474675, 4.42465, 4.92632...  ...    BLA
1  [20.752875, 56.052075, 127.98965, 130.049925, ...  ...    BLA
2  [0.693575, 1.348825, 1.5314, 2.736025, 5.6675,...  ...    BLA
3  [0.7346, 1.21215, 2.80735, 6.401425, 6.4468, 7...  ...    BLA
4  [0.81235, 1.152825, 1.580025, 3.294225, 14.219...  ...    BLA

[5 rows x 10 columns]
2024-06-10 14:20:58,677 - DEBUG - Labelled fixations shape: (339972, 11)
2024-06-10 14:20:58,677 - DEBUG - Labelled spiketimes shape: (1255, 10)
2024-06-10 14:20:58,705 - DEBUG - Processing session: OTNAL_FV_062422
2024-06-10 14:20:58,707 - DEBUG - Session fixations shape: (8518, 11)
2024-06-10 14:20:58,707 - DEBUG - Session neurons shape: (48, 10)
2024-06-10 14:20:58,708 - DEBUG - Processing unit: 62420220011
2024-06-10 14:20:58,720 - DEBUG - Processing unit: 62420220051
2024-06-10 14:20:58,747 - DEBUG - Processing unit: 62420220071
2024-06-10 14:20:58,950 - DEBUG - Processing unit: 62420220081
2024-06-10 14:20:59,145 - DEBUG - Processing unit: 62420220101
2024-06-10 14:20:59,331 - DEBUG - Processing unit: 62420220102
2024-06-10 14:20:59,477 - DEBUG - Processing unit: 62420220111
2024-06-10 14:20:59,686 - DEBUG - Processing unit: 62420220112
2024-06-10 14:20:59,871 - DEBUG - Processing unit: 62420220113
2024-06-10 14:21:00,046 - DEBUG - Processing unit: 62420220121
2024-06-10 14:21:00,359 - DEBUG - Processing unit: 62420220122
2024-06-10 14:21:00,595 - DEBUG - Processing unit: 62420220123
2024-06-10 14:21:00,747 - DEBUG - Processing unit: 62420220131
2024-06-10 14:21:01,064 - DEBUG - Processing unit: 62420220132
2024-06-10 14:21:01,406 - DEBUG - Processing unit: 62420220151
2024-06-10 14:21:01,776 - DEBUG - Processing unit: 62420220152
2024-06-10 14:21:02,047 - DEBUG - Processing unit: 62420220161
2024-06-10 14:21:02,256 - DEBUG - Processing unit: 62420220171
2024-06-10 14:21:02,569 - DEBUG - Processing unit: 62420220172
2024-06-10 14:21:02,798 - DEBUG - Processing unit: 62420220181
2024-06-10 14:21:03,313 - DEBUG - Processing unit: 62420220182
2024-06-10 14:21:03,706 - DEBUG - Processing unit: 62420220191
2024-06-10 14:21:04,111 - DEBUG - Processing unit: 62420220192
2024-06-10 14:21:04,596 - DEBUG - Processing unit: 62420220201
2024-06-10 14:21:05,235 - DEBUG - Processing unit: 62420220202
2024-06-10 14:21:05,721 - DEBUG - Processing unit: 62420220211
2024-06-10 14:21:06,200 - DEBUG - Processing unit: 62420220212
2024-06-10 14:21:06,545 - DEBUG - Processing unit: 62420220221
2024-06-10 14:21:07,160 - DEBUG - Processing unit: 62420220222
2024-06-10 14:21:07,495 - DEBUG - Processing unit: 62420220231
2024-06-10 14:21:07,919 - DEBUG - Processing unit: 62420220232
2024-06-10 14:21:08,508 - DEBUG - Processing unit: 62420220241
2024-06-10 14:35:18,268 - DEBUG - Processing unit: 62420220242
2024-06-10 14:35:20,988 - DEBUG - Processing unit: 62420220251
2024-06-10 14:35:21,802 - DEBUG - Processing unit: 62420220261
2024-06-10 14:35:22,345 - DEBUG - Processing unit: 62420220262
2024-06-10 14:35:22,809 - DEBUG - Processing unit: 62420220271
2024-06-10 14:35:22,885 - DEBUG - Processing unit: 62420220281
2024-06-10 14:35:23,013 - DEBUG - Processing unit: 62420220282
2024-06-10 14:35:23,085 - DEBUG - Processing unit: 62420220291
2024-06-10 14:35:30,979 - DEBUG - Processing unit: 62420220292
2024-06-10 14:35:33,717 - DEBUG - Processing unit: 62420220301
2024-06-10 14:35:34,536 - DEBUG - Processing unit: 62420220302
2024-06-10 14:35:35,493 - DEBUG - Processing unit: 62420220311
2024-06-10 14:35:35,910 - DEBUG - Processing unit: 62420220312
2024-06-10 14:35:36,409 - DEBUG - Processing unit: 62420220313
2024-06-10 14:35:36,478 - DEBUG - Processing unit: 62420220321
2024-06-10 14:35:37,019 - DEBUG - Processing unit: 62420220322
/bin/sh: line 1: 3251130 Killed                  python analyze_gaze_signals.py --session /gpfs/milgram/project/chang/pg496/data_dir/otnal/data_source_7point3/OTNAL_FV_062422
slurmstepd: error: Detected 1 oom_kill event in StepId=27009558.batch. Some of the step tasks have been OOM Killed.
