
CondaError: Run 'conda init' before 'conda deactivate'

2024-06-10 15:25:40,914 - DEBUG - matplotlib data path: /gpfs/milgram/project/chang/pg496/conda_envs/nn_gpu/lib/python3.10/site-packages/matplotlib/mpl-data
2024-06-10 15:25:40,918 - DEBUG - CONFIGDIR=/home/pg496/.config/matplotlib
2024-06-10 15:25:40,919 - DEBUG - interactive is False
2024-06-10 15:25:40,919 - DEBUG - platform is linux
2024-06-10 15:25:40,961 - DEBUG - CACHEDIR=/home/pg496/.cache/matplotlib
2024-06-10 15:25:40,962 - DEBUG - Using fontManager instance from /home/pg496/.cache/matplotlib/fontlist-v330.json
2024-06-10 15:25:41,158 - DEBUG - Creating converter from 7 to 5
2024-06-10 15:25:41,158 - DEBUG - Creating converter from 5 to 7
2024-06-10 15:25:41,158 - DEBUG - Creating converter from 7 to 5
2024-06-10 15:25:41,158 - DEBUG - Creating converter from 5 to 7
2024-06-10 15:25:46,281 - DEBUG - First few rows of labelled fixations: 
   start_time  end_time  category  ...   mean_y_pos     fix_roi  agent
0       0.254     0.402       3.0  ...   203.120805  out_of_roi  Lynch
1       0.407     0.558       3.0  ... -1188.157895  out_of_roi  Lynch
2       0.584     0.769       3.0  ... -1226.191011  out_of_roi  Lynch
3       0.775     0.947       3.0  ... -1221.121387  out_of_roi  Lynch
4       0.973     1.098       3.0  ... -1155.447154  out_of_roi  Lynch

[5 rows x 11 columns]
2024-06-10 15:25:46,290 - DEBUG - First few rows of labelled spiketimes: 
                                              spikeS  ... region
0  [1.044075, 3.13865, 3.474675, 4.42465, 4.92632...  ...    BLA
1  [20.752875, 56.052075, 127.98965, 130.049925, ...  ...    BLA
2  [0.693575, 1.348825, 1.5314, 2.736025, 5.6675,...  ...    BLA
3  [0.7346, 1.21215, 2.80735, 6.401425, 6.4468, 7...  ...    BLA
4  [0.81235, 1.152825, 1.580025, 3.294225, 14.219...  ...    BLA

[5 rows x 10 columns]
2024-06-10 15:25:46,290 - DEBUG - Labelled fixations shape: (339972, 11)
2024-06-10 15:25:46,290 - DEBUG - Labelled spiketimes shape: (1255, 10)
2024-06-10 15:25:46,313 - DEBUG - Processing session: OTNAL_FV_070622
2024-06-10 15:25:46,314 - DEBUG - Session fixations shape: (10346, 11)
2024-06-10 15:25:46,314 - DEBUG - Session neurons shape: (51, 10)
2024-06-10 15:25:46,315 - DEBUG - Processing unit: 70620220011
2024-06-10 15:25:46,330 - DEBUG - Processing unit: 70620220021
2024-06-10 15:25:46,377 - DEBUG - Processing unit: 70620220041
2024-06-10 15:25:46,388 - DEBUG - Processing unit: 70620220051
2024-06-10 15:25:46,413 - DEBUG - Processing unit: 70620220061
2024-06-10 15:25:46,465 - DEBUG - Processing unit: 70620220101
2024-06-10 15:25:46,523 - DEBUG - Processing unit: 70620220111
2024-06-10 15:25:46,536 - DEBUG - Processing unit: 70620220121
2024-06-10 15:25:46,586 - DEBUG - Processing unit: 70620220122
2024-06-10 15:25:46,629 - DEBUG - Processing unit: 70620220131
2024-06-10 15:25:46,702 - DEBUG - Processing unit: 70620220141
2024-06-10 15:25:46,712 - DEBUG - Processing unit: 70620220151
2024-06-10 15:25:46,749 - DEBUG - Processing unit: 70620220152
2024-06-10 15:25:46,772 - DEBUG - Processing unit: 70620220171
2024-06-10 15:25:46,876 - DEBUG - Processing unit: 70620220181
2024-06-10 15:25:46,899 - DEBUG - Processing unit: 70620220191
2024-06-10 15:25:46,928 - DEBUG - Processing unit: 70620220192
2024-06-10 15:25:46,975 - DEBUG - Processing unit: 70620220201
2024-06-10 15:25:47,102 - DEBUG - Processing unit: 70620220211
2024-06-10 15:25:47,130 - DEBUG - Processing unit: 70620220221
2024-06-10 15:25:47,196 - DEBUG - Processing unit: 70620220231
2024-06-10 15:25:47,241 - DEBUG - Processing unit: 70620220241
2024-06-10 15:25:47,348 - DEBUG - Processing unit: 70620220242
2024-06-10 15:25:47,405 - DEBUG - Processing unit: 70620220251
2024-06-10 15:25:47,452 - DEBUG - Processing unit: 70620220261
2024-06-10 15:25:47,471 - DEBUG - Processing unit: 70620220262
2024-06-10 15:25:47,543 - DEBUG - Processing unit: 70620220271
2024-06-10 15:25:47,563 - DEBUG - Processing unit: 70620220272
2024-06-10 15:25:47,609 - DEBUG - Processing unit: 70620220281
2024-06-10 15:25:47,667 - DEBUG - Processing unit: 70620220291
2024-06-10 15:25:47,672 - DEBUG - Processing unit: 70620220292
2024-06-10 15:25:47,748 - DEBUG - Processing unit: 70620220411
