
CondaError: Run 'conda init' before 'conda deactivate'

2024-06-10 15:07:38,950 - DEBUG - matplotlib data path: /gpfs/milgram/project/chang/pg496/conda_envs/nn_gpu/lib/python3.10/site-packages/matplotlib/mpl-data
2024-06-10 15:07:38,954 - DEBUG - CONFIGDIR=/home/pg496/.config/matplotlib
2024-06-10 15:07:38,956 - DEBUG - interactive is False
2024-06-10 15:07:38,956 - DEBUG - platform is linux
2024-06-10 15:07:38,998 - DEBUG - CACHEDIR=/home/pg496/.cache/matplotlib
2024-06-10 15:07:38,999 - DEBUG - Using fontManager instance from /home/pg496/.cache/matplotlib/fontlist-v330.json
2024-06-10 15:07:39,198 - DEBUG - Creating converter from 7 to 5
2024-06-10 15:07:39,198 - DEBUG - Creating converter from 5 to 7
2024-06-10 15:07:39,198 - DEBUG - Creating converter from 7 to 5
2024-06-10 15:07:39,198 - DEBUG - Creating converter from 5 to 7
2024-06-10 15:07:44,577 - DEBUG - First few rows of labelled fixations: 
   start_time  end_time  category  ...   mean_y_pos     fix_roi  agent
0       0.254     0.402       3.0  ...   203.120805  out_of_roi  Lynch
1       0.407     0.558       3.0  ... -1188.157895  out_of_roi  Lynch
2       0.584     0.769       3.0  ... -1226.191011  out_of_roi  Lynch
3       0.775     0.947       3.0  ... -1221.121387  out_of_roi  Lynch
4       0.973     1.098       3.0  ... -1155.447154  out_of_roi  Lynch

[5 rows x 11 columns]
2024-06-10 15:07:44,585 - DEBUG - First few rows of labelled spiketimes: 
                                              spikeS  ... region
0  [1.044075, 3.13865, 3.474675, 4.42465, 4.92632...  ...    BLA
1  [20.752875, 56.052075, 127.98965, 130.049925, ...  ...    BLA
2  [0.693575, 1.348825, 1.5314, 2.736025, 5.6675,...  ...    BLA
3  [0.7346, 1.21215, 2.80735, 6.401425, 6.4468, 7...  ...    BLA
4  [0.81235, 1.152825, 1.580025, 3.294225, 14.219...  ...    BLA

[5 rows x 10 columns]
2024-06-10 15:07:44,585 - DEBUG - Labelled fixations shape: (339972, 11)
2024-06-10 15:07:44,585 - DEBUG - Labelled spiketimes shape: (1255, 10)
2024-06-10 15:07:44,605 - DEBUG - Processing session: OTNAL_FV_061821
2024-06-10 15:07:44,606 - DEBUG - Session fixations shape: (11853, 11)
2024-06-10 15:07:44,606 - DEBUG - Session neurons shape: (76, 10)
2024-06-10 15:07:44,607 - DEBUG - Processing unit: 61820210011
2024-06-10 15:07:44,618 - DEBUG - Processing unit: 61820210021
2024-06-10 15:07:44,667 - DEBUG - Processing unit: 61820210031
2024-06-10 15:07:44,683 - DEBUG - Processing unit: 61820210041
2024-06-10 15:07:44,699 - DEBUG - Processing unit: 61820210051
2024-06-10 15:07:44,713 - DEBUG - Processing unit: 61820210061
2024-06-10 15:07:44,734 - DEBUG - Processing unit: 61820210071
2024-06-10 15:07:44,742 - DEBUG - Processing unit: 61820210072
2024-06-10 15:07:44,755 - DEBUG - Processing unit: 61820210081
2024-06-10 15:07:44,759 - DEBUG - Processing unit: 61820210091
2024-06-10 15:07:44,790 - DEBUG - Processing unit: 61820210101
2024-06-10 15:07:44,847 - DEBUG - Processing unit: 61820210111
2024-06-10 15:07:44,885 - DEBUG - Processing unit: 61820210121
2024-06-10 15:07:44,925 - DEBUG - Processing unit: 61820210131
2024-06-10 15:07:44,931 - DEBUG - Processing unit: 61820210141
2024-06-10 15:07:44,975 - DEBUG - Processing unit: 61820210142
2024-06-10 15:07:45,091 - DEBUG - Processing unit: 61820210151
2024-06-10 15:07:45,118 - DEBUG - Processing unit: 61820210152
2024-06-10 15:07:45,128 - DEBUG - Processing unit: 61820210161
2024-06-10 15:07:45,138 - DEBUG - Processing unit: 61820210171
2024-06-10 15:07:45,189 - DEBUG - Processing unit: 61820210181
2024-06-10 15:07:45,207 - DEBUG - Processing unit: 61820210182
2024-06-10 15:07:45,299 - DEBUG - Processing unit: 61820210191
2024-06-10 15:07:45,301 - DEBUG - Processing unit: 61820210201
2024-06-10 15:07:45,346 - DEBUG - Processing unit: 61820210202
2024-06-10 15:07:45,370 - DEBUG - Processing unit: 61820210211
2024-06-10 15:07:45,400 - DEBUG - Processing unit: 61820210212
2024-06-10 15:07:45,428 - DEBUG - Processing unit: 61820210221
2024-06-10 15:07:45,485 - DEBUG - Processing unit: 61820210222
2024-06-10 15:07:45,513 - DEBUG - Processing unit: 61820210231
2024-06-10 15:07:45,585 - DEBUG - Processing unit: 61820210241
2024-06-10 15:07:45,613 - DEBUG - Processing unit: 61820210242
2024-06-10 15:14:29,658 - DEBUG - Processing unit: 61820210251
2024-06-10 15:19:34,195 - DEBUG - Processing unit: 61820210261
2024-06-10 15:19:52,410 - DEBUG - Processing unit: 61820210271
2024-06-10 15:20:48,850 - DEBUG - Processing unit: 61820210281
2024-06-10 15:21:13,725 - DEBUG - Processing unit: 61820210291
2024-06-10 15:22:21,206 - DEBUG - Processing unit: 61820210301
2024-06-10 15:22:55,702 - DEBUG - Processing unit: 61820210311
2024-06-10 15:23:06,762 - DEBUG - Processing unit: 61820210321
2024-06-10 15:23:07,081 - DEBUG - Processing unit: 61820210322
2024-06-10 15:23:10,568 - DEBUG - Processing unit: 61820210331
2024-06-10 15:23:27,602 - DEBUG - Processing unit: 61820210341
2024-06-10 15:23:36,331 - DEBUG - Processing unit: 61820210351
2024-06-10 15:23:52,455 - DEBUG - Processing unit: 61820210361
2024-06-10 15:24:10,411 - DEBUG - Processing unit: 61820210371
slurmstepd: error: *** JOB 27009604 ON r811u15n04 CANCELLED AT 2024-06-10T15:24:56 ***
