
CondaError: Run 'conda init' before 'conda deactivate'

2024-06-10 14:20:45,156 - DEBUG - matplotlib data path: /gpfs/milgram/project/chang/pg496/conda_envs/nn_gpu/lib/python3.10/site-packages/matplotlib/mpl-data
2024-06-10 14:20:45,161 - DEBUG - CONFIGDIR=/home/pg496/.config/matplotlib
2024-06-10 14:20:45,162 - DEBUG - interactive is False
2024-06-10 14:20:45,162 - DEBUG - platform is linux
2024-06-10 14:20:45,210 - DEBUG - CACHEDIR=/home/pg496/.cache/matplotlib
2024-06-10 14:20:45,211 - DEBUG - Using fontManager instance from /home/pg496/.cache/matplotlib/fontlist-v330.json
2024-06-10 14:20:45,441 - DEBUG - Creating converter from 7 to 5
2024-06-10 14:20:45,441 - DEBUG - Creating converter from 5 to 7
2024-06-10 14:20:45,441 - DEBUG - Creating converter from 7 to 5
2024-06-10 14:20:45,441 - DEBUG - Creating converter from 5 to 7
2024-06-10 14:20:51,190 - DEBUG - First few rows of labelled fixations: 
   start_time  end_time  category  ...   mean_y_pos     fix_roi  agent
0       0.254     0.402       3.0  ...   203.120805  out_of_roi  Lynch
1       0.407     0.558       3.0  ... -1188.157895  out_of_roi  Lynch
2       0.584     0.769       3.0  ... -1226.191011  out_of_roi  Lynch
3       0.775     0.947       3.0  ... -1221.121387  out_of_roi  Lynch
4       0.973     1.098       3.0  ... -1155.447154  out_of_roi  Lynch

[5 rows x 11 columns]
2024-06-10 14:20:51,200 - DEBUG - First few rows of labelled spiketimes: 
                                              spikeS  ... region
0  [1.044075, 3.13865, 3.474675, 4.42465, 4.92632...  ...    BLA
1  [20.752875, 56.052075, 127.98965, 130.049925, ...  ...    BLA
2  [0.693575, 1.348825, 1.5314, 2.736025, 5.6675,...  ...    BLA
3  [0.7346, 1.21215, 2.80735, 6.401425, 6.4468, 7...  ...    BLA
4  [0.81235, 1.152825, 1.580025, 3.294225, 14.219...  ...    BLA

[5 rows x 10 columns]
2024-06-10 14:20:51,200 - DEBUG - Labelled fixations shape: (339972, 11)
2024-06-10 14:20:51,200 - DEBUG - Labelled spiketimes shape: (1255, 10)
2024-06-10 14:20:51,249 - DEBUG - Processing session: OTNAL_FV_062322
2024-06-10 14:20:51,251 - DEBUG - Session fixations shape: (9757, 11)
2024-06-10 14:20:51,251 - DEBUG - Session neurons shape: (43, 10)
2024-06-10 14:20:51,251 - DEBUG - Processing unit: 62320220021
2024-06-10 14:20:51,264 - DEBUG - Processing unit: 62320220031
2024-06-10 14:20:51,291 - DEBUG - Processing unit: 62320220032
2024-06-10 14:20:51,350 - DEBUG - Processing unit: 62320220033
2024-06-10 14:20:51,477 - DEBUG - Processing unit: 62320220041
2024-06-10 14:20:51,543 - DEBUG - Processing unit: 62320220042
2024-06-10 14:20:51,705 - DEBUG - Processing unit: 62320220051
2024-06-10 14:20:51,784 - DEBUG - Processing unit: 62320220061
2024-06-10 14:20:51,864 - DEBUG - Processing unit: 62320220062
2024-06-10 14:20:51,981 - DEBUG - Processing unit: 62320220071
2024-06-10 14:20:52,093 - DEBUG - Processing unit: 62320220072
2024-06-10 14:20:52,250 - DEBUG - Processing unit: 62320220081
2024-06-10 14:20:52,676 - DEBUG - Processing unit: 62320220082
2024-06-10 14:20:52,897 - DEBUG - Processing unit: 62320220091
2024-06-10 14:20:53,127 - DEBUG - Processing unit: 62320220201
2024-06-10 14:20:53,371 - DEBUG - Processing unit: 62320220221
2024-06-10 14:20:53,621 - DEBUG - Processing unit: 62320220222
2024-06-10 14:20:53,988 - DEBUG - Processing unit: 62320220231
2024-06-10 14:20:54,486 - DEBUG - Processing unit: 62320220232
2024-06-10 14:20:54,848 - DEBUG - Processing unit: 62320220233
2024-06-10 14:20:55,250 - DEBUG - Processing unit: 62320220234
2024-06-10 14:20:55,501 - DEBUG - Processing unit: 62320220241
2024-06-10 14:20:55,981 - DEBUG - Processing unit: 62320220251
2024-06-10 14:20:56,661 - DEBUG - Processing unit: 62320220261
2024-06-10 14:20:57,316 - DEBUG - Processing unit: 62320220262
2024-06-10 14:20:57,832 - DEBUG - Processing unit: 62320220263
2024-06-10 14:20:58,300 - DEBUG - Processing unit: 62320220271
2024-06-10 14:20:58,630 - DEBUG - Processing unit: 62320220272
2024-06-10 14:20:59,225 - DEBUG - Processing unit: 62320220281
2024-06-10 14:20:59,368 - DEBUG - Processing unit: 62320220282
2024-06-10 14:21:00,109 - DEBUG - Processing unit: 62320220291
2024-06-10 14:21:00,774 - DEBUG - Processing unit: 62320220292
/bin/sh: line 1: 1323732 Killed                  python analyze_gaze_signals.py --session /gpfs/milgram/project/chang/pg496/data_dir/otnal/data_source_7point3/OTNAL_FV_062322
slurmstepd: error: Detected 1 oom_kill event in StepId=27009541.batch. Some of the step tasks have been OOM Killed.
