
CondaError: Run 'conda init' before 'conda deactivate'

2024-06-10 14:04:59,954 - DEBUG - matplotlib data path: /gpfs/milgram/project/chang/pg496/conda_envs/nn_gpu/lib/python3.10/site-packages/matplotlib/mpl-data
2024-06-10 14:04:59,960 - DEBUG - CONFIGDIR=/home/pg496/.config/matplotlib
2024-06-10 14:04:59,961 - DEBUG - interactive is False
2024-06-10 14:04:59,961 - DEBUG - platform is linux
2024-06-10 14:05:00,013 - DEBUG - CACHEDIR=/home/pg496/.cache/matplotlib
2024-06-10 14:05:00,014 - DEBUG - Using fontManager instance from /home/pg496/.cache/matplotlib/fontlist-v330.json
2024-06-10 14:05:00,254 - DEBUG - Creating converter from 7 to 5
2024-06-10 14:05:00,254 - DEBUG - Creating converter from 5 to 7
2024-06-10 14:05:00,254 - DEBUG - Creating converter from 7 to 5
2024-06-10 14:05:00,254 - DEBUG - Creating converter from 5 to 7
2024-06-10 14:05:06,074 - DEBUG - First few rows of labelled fixations: 
   start_time  end_time  category  ...   mean_y_pos     fix_roi  agent
0       0.254     0.402       3.0  ...   203.120805  out_of_roi  Lynch
1       0.407     0.558       3.0  ... -1188.157895  out_of_roi  Lynch
2       0.584     0.769       3.0  ... -1226.191011  out_of_roi  Lynch
3       0.775     0.947       3.0  ... -1221.121387  out_of_roi  Lynch
4       0.973     1.098       3.0  ... -1155.447154  out_of_roi  Lynch

[5 rows x 11 columns]
2024-06-10 14:05:06,085 - DEBUG - First few rows of labelled spiketimes: 
                                              spikeS  ... region
0  [1.044075, 3.13865, 3.474675, 4.42465, 4.92632...  ...    BLA
1  [20.752875, 56.052075, 127.98965, 130.049925, ...  ...    BLA
2  [0.693575, 1.348825, 1.5314, 2.736025, 5.6675,...  ...    BLA
3  [0.7346, 1.21215, 2.80735, 6.401425, 6.4468, 7...  ...    BLA
4  [0.81235, 1.152825, 1.580025, 3.294225, 14.219...  ...    BLA

[5 rows x 10 columns]
2024-06-10 14:05:06,085 - DEBUG - Labelled fixations shape: (339972, 11)
2024-06-10 14:05:06,085 - DEBUG - Labelled spiketimes shape: (1255, 10)
2024-06-10 14:05:06,112 - DEBUG - Processing session: OTNAL_FV_062222
2024-06-10 14:05:06,114 - DEBUG - Session fixations shape: (8749, 11)
2024-06-10 14:05:06,114 - DEBUG - Session neurons shape: (37, 10)
2024-06-10 14:05:06,115 - DEBUG - Processing unit: 62220220011
2024-06-10 14:05:06,127 - DEBUG - Processing unit: 62220220021
2024-06-10 14:05:06,156 - DEBUG - Processing unit: 62220220031
2024-06-10 14:05:06,300 - DEBUG - Processing unit: 62220220041
2024-06-10 14:05:06,384 - DEBUG - Processing unit: 62220220061
2024-06-10 14:05:06,481 - DEBUG - Processing unit: 62220220062
2024-06-10 14:05:06,565 - DEBUG - Processing unit: 62220220063
2024-06-10 14:05:06,744 - DEBUG - Processing unit: 62220220071
2024-06-10 14:05:06,915 - DEBUG - Processing unit: 62220220072
2024-06-10 14:05:07,155 - DEBUG - Processing unit: 62220220073
2024-06-10 14:05:07,284 - DEBUG - Processing unit: 62220220081
2024-06-10 14:05:07,529 - DEBUG - Processing unit: 62220220082
2024-06-10 14:05:07,720 - DEBUG - Processing unit: 62220220091
2024-06-10 14:05:07,919 - DEBUG - Processing unit: 62220220101
2024-06-10 14:05:08,171 - DEBUG - Processing unit: 62220220111
2024-06-10 14:05:08,507 - DEBUG - Processing unit: 62220220112
2024-06-10 14:05:08,692 - DEBUG - Processing unit: 62220220113
2024-06-10 14:05:09,059 - DEBUG - Processing unit: 62220220121
2024-06-10 14:05:09,519 - DEBUG - Processing unit: 62220220122
2024-06-10 14:05:09,759 - DEBUG - Processing unit: 62220220131
2024-06-10 14:05:10,113 - DEBUG - Processing unit: 62220220132
2024-06-10 14:05:10,403 - DEBUG - Processing unit: 62220220141
2024-06-10 14:05:10,996 - DEBUG - Processing unit: 62220220151
2024-06-10 14:05:11,423 - DEBUG - Processing unit: 62220220152
2024-06-10 14:05:11,716 - DEBUG - Processing unit: 62220220171
2024-06-10 14:05:12,016 - DEBUG - Processing unit: 62220220351
2024-06-10 14:05:12,453 - DEBUG - Processing unit: 62220220381
2024-06-10 14:05:12,937 - DEBUG - Processing unit: 62220220411
2024-06-10 14:05:13,587 - DEBUG - Processing unit: 62220220461
2024-06-10 14:05:14,097 - DEBUG - Processing unit: 62220220481
2024-06-10 14:05:14,796 - DEBUG - Processing unit: 62220220491
2024-06-10 14:05:15,439 - DEBUG - Processing unit: 62220220501
