
CondaError: Run 'conda init' before 'conda deactivate'

2024-06-10 14:20:44,926 - DEBUG - matplotlib data path: /gpfs/milgram/project/chang/pg496/conda_envs/nn_gpu/lib/python3.10/site-packages/matplotlib/mpl-data
2024-06-10 14:20:44,931 - DEBUG - CONFIGDIR=/home/pg496/.config/matplotlib
2024-06-10 14:20:44,932 - DEBUG - interactive is False
2024-06-10 14:20:44,932 - DEBUG - platform is linux
2024-06-10 14:20:44,978 - DEBUG - CACHEDIR=/home/pg496/.cache/matplotlib
2024-06-10 14:20:44,980 - DEBUG - Using fontManager instance from /home/pg496/.cache/matplotlib/fontlist-v330.json
2024-06-10 14:20:45,203 - DEBUG - Creating converter from 7 to 5
2024-06-10 14:20:45,203 - DEBUG - Creating converter from 5 to 7
2024-06-10 14:20:45,203 - DEBUG - Creating converter from 7 to 5
2024-06-10 14:20:45,203 - DEBUG - Creating converter from 5 to 7
2024-06-10 14:20:51,196 - DEBUG - First few rows of labelled fixations: 
   start_time  end_time  category  ...   mean_y_pos     fix_roi  agent
0       0.254     0.402       3.0  ...   203.120805  out_of_roi  Lynch
1       0.407     0.558       3.0  ... -1188.157895  out_of_roi  Lynch
2       0.584     0.769       3.0  ... -1226.191011  out_of_roi  Lynch
3       0.775     0.947       3.0  ... -1221.121387  out_of_roi  Lynch
4       0.973     1.098       3.0  ... -1155.447154  out_of_roi  Lynch

[5 rows x 11 columns]
2024-06-10 14:20:51,206 - DEBUG - First few rows of labelled spiketimes: 
                                              spikeS  ... region
0  [1.044075, 3.13865, 3.474675, 4.42465, 4.92632...  ...    BLA
1  [20.752875, 56.052075, 127.98965, 130.049925, ...  ...    BLA
2  [0.693575, 1.348825, 1.5314, 2.736025, 5.6675,...  ...    BLA
3  [0.7346, 1.21215, 2.80735, 6.401425, 6.4468, 7...  ...    BLA
4  [0.81235, 1.152825, 1.580025, 3.294225, 14.219...  ...    BLA

[5 rows x 10 columns]
2024-06-10 14:20:51,206 - DEBUG - Labelled fixations shape: (339972, 11)
2024-06-10 14:20:51,206 - DEBUG - Labelled spiketimes shape: (1255, 10)
2024-06-10 14:20:51,244 - DEBUG - Processing session: OTNAL_FV_030921
2024-06-10 14:20:51,245 - DEBUG - Session fixations shape: (1735, 11)
2024-06-10 14:20:51,245 - DEBUG - Session neurons shape: (74, 10)
2024-06-10 14:20:51,245 - DEBUG - Processing unit: 30920210011
2024-06-10 14:20:51,258 - DEBUG - Processing unit: 30920210021
2024-06-10 14:20:51,285 - DEBUG - Processing unit: 30920210031
2024-06-10 14:20:51,406 - DEBUG - Processing unit: 30920210041
2024-06-10 14:20:51,507 - DEBUG - Processing unit: 30920210051
2024-06-10 14:20:51,571 - DEBUG - Processing unit: 30920210061
2024-06-10 14:20:51,689 - DEBUG - Processing unit: 30920210071
2024-06-10 14:20:51,774 - DEBUG - Processing unit: 30920210081
2024-06-10 14:20:51,851 - DEBUG - Processing unit: 30920210091
2024-06-10 14:20:52,001 - DEBUG - Processing unit: 30920210101
2024-06-10 14:20:52,105 - DEBUG - Processing unit: 30920210111
2024-06-10 14:20:52,255 - DEBUG - Processing unit: 30920210121
2024-06-10 14:20:52,541 - DEBUG - Processing unit: 30920210131
2024-06-10 14:20:52,697 - DEBUG - Processing unit: 30920210141
2024-06-10 14:20:52,875 - DEBUG - Processing unit: 30920210151
2024-06-10 14:20:53,133 - DEBUG - Processing unit: 30920210161
2024-06-10 14:20:53,369 - DEBUG - Processing unit: 30920210171
2024-06-10 14:20:53,790 - DEBUG - Processing unit: 30920210181
2024-06-10 14:20:54,055 - DEBUG - Processing unit: 30920210191
2024-06-10 14:20:54,285 - DEBUG - Processing unit: 30920210201
2024-06-10 14:20:54,509 - DEBUG - Processing unit: 30920210211
2024-06-10 14:20:54,731 - DEBUG - Processing unit: 30920210221
2024-06-10 14:20:55,057 - DEBUG - Processing unit: 30920210231
2024-06-10 14:20:55,493 - DEBUG - Processing unit: 30920210241
2024-06-10 14:20:55,745 - DEBUG - Processing unit: 30920210251
2024-06-10 14:20:56,042 - DEBUG - Processing unit: 30920210261
2024-06-10 14:20:56,489 - DEBUG - Processing unit: 30920210271
2024-06-10 14:20:57,025 - DEBUG - Processing unit: 30920210281
2024-06-10 14:20:57,473 - DEBUG - Processing unit: 30920210291
2024-06-10 14:20:57,810 - DEBUG - Processing unit: 30920210301
2024-06-10 14:20:58,381 - DEBUG - Processing unit: 30920210311
2024-06-10 14:20:58,859 - DEBUG - Processing unit: 30920210312
2024-06-10 14:23:39,181 - DEBUG - Processing unit: 30920210321
2024-06-10 14:23:39,662 - DEBUG - Processing unit: 30920210331
2024-06-10 14:23:40,098 - DEBUG - Processing unit: 30920210341
2024-06-10 14:23:40,305 - DEBUG - Processing unit: 30920210351
2024-06-10 14:23:40,678 - DEBUG - Processing unit: 30920210361
2024-06-10 14:23:40,948 - DEBUG - Processing unit: 30920210371
2024-06-10 14:23:41,027 - DEBUG - Processing unit: 30920210381
2024-06-10 14:23:41,148 - DEBUG - Processing unit: 30920210391
2024-06-10 14:23:41,374 - DEBUG - Processing unit: 30920210401
2024-06-10 14:23:41,420 - DEBUG - Processing unit: 30920210421
2024-06-10 14:23:42,071 - DEBUG - Processing unit: 30920210431
2024-06-10 14:23:42,297 - DEBUG - Processing unit: 30920210441
2024-06-10 14:23:44,797 - DEBUG - Processing unit: 30920210451
2024-06-10 14:23:44,973 - DEBUG - Processing unit: 30920210461
2024-06-10 14:23:45,141 - DEBUG - Processing unit: 30920210471
2024-06-10 14:23:45,436 - DEBUG - Processing unit: 30920210481
2024-06-10 14:23:46,250 - DEBUG - Processing unit: 30920210482
2024-06-10 14:23:47,295 - DEBUG - Processing unit: 30920210491
2024-06-10 14:23:47,582 - DEBUG - Processing unit: 30920210492
2024-06-10 14:23:47,832 - DEBUG - Processing unit: 30920210501
2024-06-10 14:23:48,650 - DEBUG - Processing unit: 30920210511
2024-06-10 14:23:49,524 - DEBUG - Processing unit: 30920210512
2024-06-10 14:23:49,790 - DEBUG - Processing unit: 30920210521
2024-06-10 14:23:49,800 - DEBUG - Processing unit: 30920210522
2024-06-10 14:23:50,802 - DEBUG - Processing unit: 30920210531
2024-06-10 14:23:51,784 - DEBUG - Processing unit: 30920210541
2024-06-10 14:23:52,418 - DEBUG - Processing unit: 30920210551
2024-06-10 14:23:53,268 - DEBUG - Processing unit: 30920210561
2024-06-10 14:23:53,703 - DEBUG - Processing unit: 30920210571
2024-06-10 14:23:54,215 - DEBUG - Processing unit: 30920210581
2024-06-10 14:23:54,500 - DEBUG - Processing unit: 30920210591
2024-06-10 14:23:56,108 - DEBUG - Processing unit: 30920210601
2024-06-10 14:26:32,401 - DEBUG - Processing unit: 30920210602
2024-06-10 14:26:33,498 - DEBUG - Processing unit: 30920210611
2024-06-10 14:26:33,997 - DEBUG - Processing unit: 30920210612
2024-06-10 14:26:34,744 - DEBUG - Processing unit: 30920210621
2024-06-10 14:26:34,782 - DEBUG - Processing unit: 30920210622
2024-06-10 14:26:35,807 - DEBUG - Processing unit: 30920210631
2024-06-10 14:26:36,301 - DEBUG - Processing unit: 30920210632
2024-06-10 14:26:36,829 - DEBUG - Processing unit: 30920210633
2024-06-10 14:26:37,441 - DEBUG - Processing unit: 30920210641
2024-06-10 14:26:37,951 - DEBUG - Processing unit: 30920210642
