
CondaError: Run 'conda init' before 'conda deactivate'

2024-06-10 15:25:41,713 - DEBUG - matplotlib data path: /gpfs/milgram/project/chang/pg496/conda_envs/nn_gpu/lib/python3.10/site-packages/matplotlib/mpl-data
2024-06-10 15:25:41,718 - DEBUG - CONFIGDIR=/home/pg496/.config/matplotlib
2024-06-10 15:25:41,719 - DEBUG - interactive is False
2024-06-10 15:25:41,719 - DEBUG - platform is linux
2024-06-10 15:25:41,761 - DEBUG - CACHEDIR=/home/pg496/.cache/matplotlib
2024-06-10 15:25:41,763 - DEBUG - Using fontManager instance from /home/pg496/.cache/matplotlib/fontlist-v330.json
2024-06-10 15:25:41,950 - DEBUG - Creating converter from 7 to 5
2024-06-10 15:25:41,951 - DEBUG - Creating converter from 5 to 7
2024-06-10 15:25:41,951 - DEBUG - Creating converter from 7 to 5
2024-06-10 15:25:41,951 - DEBUG - Creating converter from 5 to 7
2024-06-10 15:25:46,718 - DEBUG - First few rows of labelled fixations: 
   start_time  end_time  category  ...   mean_y_pos     fix_roi  agent
0       0.254     0.402       3.0  ...   203.120805  out_of_roi  Lynch
1       0.407     0.558       3.0  ... -1188.157895  out_of_roi  Lynch
2       0.584     0.769       3.0  ... -1226.191011  out_of_roi  Lynch
3       0.775     0.947       3.0  ... -1221.121387  out_of_roi  Lynch
4       0.973     1.098       3.0  ... -1155.447154  out_of_roi  Lynch

[5 rows x 11 columns]
2024-06-10 15:25:46,727 - DEBUG - First few rows of labelled spiketimes: 
                                              spikeS  ... region
0  [1.044075, 3.13865, 3.474675, 4.42465, 4.92632...  ...    BLA
1  [20.752875, 56.052075, 127.98965, 130.049925, ...  ...    BLA
2  [0.693575, 1.348825, 1.5314, 2.736025, 5.6675,...  ...    BLA
3  [0.7346, 1.21215, 2.80735, 6.401425, 6.4468, 7...  ...    BLA
4  [0.81235, 1.152825, 1.580025, 3.294225, 14.219...  ...    BLA

[5 rows x 10 columns]
2024-06-10 15:25:46,727 - DEBUG - Labelled fixations shape: (339972, 11)
2024-06-10 15:25:46,727 - DEBUG - Labelled spiketimes shape: (1255, 10)
2024-06-10 15:25:46,753 - DEBUG - Processing session: OTNAL_FV_062322
2024-06-10 15:25:46,754 - DEBUG - Session fixations shape: (9757, 11)
2024-06-10 15:25:46,754 - DEBUG - Session neurons shape: (43, 10)
2024-06-10 15:25:46,755 - DEBUG - Processing unit: 62320220021
2024-06-10 15:25:46,760 - DEBUG - Processing unit: 62320220031
2024-06-10 15:25:46,766 - DEBUG - Processing unit: 62320220032
2024-06-10 15:25:46,783 - DEBUG - Processing unit: 62320220033
2024-06-10 15:25:46,795 - DEBUG - Processing unit: 62320220041
2024-06-10 15:25:46,857 - DEBUG - Processing unit: 62320220042
2024-06-10 15:25:46,864 - DEBUG - Processing unit: 62320220051
2024-06-10 15:25:46,926 - DEBUG - Processing unit: 62320220061
2024-06-10 15:25:46,931 - DEBUG - Processing unit: 62320220062
2024-06-10 15:25:46,938 - DEBUG - Processing unit: 62320220071
2024-06-10 15:25:47,028 - DEBUG - Processing unit: 62320220072
2024-06-10 15:25:47,074 - DEBUG - Processing unit: 62320220081
2024-06-10 15:25:47,247 - DEBUG - Processing unit: 62320220082
2024-06-10 15:25:47,386 - DEBUG - Processing unit: 62320220091
2024-06-10 15:25:47,387 - DEBUG - Processing unit: 62320220201
2024-06-10 15:25:47,418 - DEBUG - Processing unit: 62320220221
2024-06-10 15:25:47,475 - DEBUG - Processing unit: 62320220222
2024-06-10 15:25:47,513 - DEBUG - Processing unit: 62320220231
2024-06-10 15:25:47,642 - DEBUG - Processing unit: 62320220232
2024-06-10 15:25:47,730 - DEBUG - Processing unit: 62320220233
2024-06-10 15:25:47,745 - DEBUG - Processing unit: 62320220234
2024-06-10 15:25:47,783 - DEBUG - Processing unit: 62320220241
2024-06-10 15:25:47,849 - DEBUG - Processing unit: 62320220251
2024-06-10 15:25:47,983 - DEBUG - Processing unit: 62320220261
2024-06-10 15:25:48,230 - DEBUG - Processing unit: 62320220262
2024-06-10 15:25:48,302 - DEBUG - Processing unit: 62320220263
2024-06-10 15:25:48,317 - DEBUG - Processing unit: 62320220271
2024-06-10 15:25:48,350 - DEBUG - Processing unit: 62320220272
2024-06-10 15:25:48,407 - DEBUG - Processing unit: 62320220281
2024-06-10 15:25:48,424 - DEBUG - Processing unit: 62320220282
2024-06-10 15:25:48,603 - DEBUG - Processing unit: 62320220291
2024-06-10 15:25:48,666 - DEBUG - Processing unit: 62320220292
2024-06-10 15:30:35,308 - DEBUG - Processing unit: 62320220293
2024-06-10 15:33:21,926 - DEBUG - Processing unit: 62320220301
2024-06-10 15:34:06,714 - DEBUG - Processing unit: 62320220311
2024-06-10 15:34:08,829 - DEBUG - Processing unit: 62320220312
2024-06-10 15:34:20,003 - DEBUG - Processing unit: 62320220313
2024-06-10 15:34:21,178 - DEBUG - Processing unit: 62320220321
2024-06-10 15:34:26,820 - DEBUG - Processing unit: 62320220322
2024-06-10 15:35:16,740 - DEBUG - Processing unit: 62320220371
2024-06-10 15:35:32,435 - DEBUG - Processing unit: 62320220501
2024-06-10 15:36:20,549 - DEBUG - Processing unit: 62320220601
2024-06-10 15:40:51,038 - DEBUG - Processing unit: 62320220641
2024-06-10 16:03:11,720 - INFO - Saved session data for OTNAL_FV_062322 to /gpfs/milgram/project/chang/pg496/data_dir/otnal/processed_data/OTNAL_FV_062322_raster.csv
