
CondaError: Run 'conda init' before 'conda deactivate'

2024-06-10 15:06:46,928 - DEBUG - matplotlib data path: /gpfs/milgram/project/chang/pg496/conda_envs/nn_gpu/lib/python3.10/site-packages/matplotlib/mpl-data
2024-06-10 15:06:46,932 - DEBUG - CONFIGDIR=/home/pg496/.config/matplotlib
2024-06-10 15:06:46,933 - DEBUG - interactive is False
2024-06-10 15:06:46,933 - DEBUG - platform is linux
2024-06-10 15:06:46,976 - DEBUG - CACHEDIR=/home/pg496/.cache/matplotlib
2024-06-10 15:06:46,977 - DEBUG - Using fontManager instance from /home/pg496/.cache/matplotlib/fontlist-v330.json
2024-06-10 15:06:47,185 - DEBUG - Creating converter from 7 to 5
2024-06-10 15:06:47,185 - DEBUG - Creating converter from 5 to 7
2024-06-10 15:06:47,185 - DEBUG - Creating converter from 7 to 5
2024-06-10 15:06:47,185 - DEBUG - Creating converter from 5 to 7
2024-06-10 15:06:52,322 - DEBUG - First few rows of labelled fixations: 
   start_time  end_time  category  ...   mean_y_pos     fix_roi  agent
0       0.254     0.402       3.0  ...   203.120805  out_of_roi  Lynch
1       0.407     0.558       3.0  ... -1188.157895  out_of_roi  Lynch
2       0.584     0.769       3.0  ... -1226.191011  out_of_roi  Lynch
3       0.775     0.947       3.0  ... -1221.121387  out_of_roi  Lynch
4       0.973     1.098       3.0  ... -1155.447154  out_of_roi  Lynch

[5 rows x 11 columns]
2024-06-10 15:06:52,330 - DEBUG - First few rows of labelled spiketimes: 
                                              spikeS  ... region
0  [1.044075, 3.13865, 3.474675, 4.42465, 4.92632...  ...    BLA
1  [20.752875, 56.052075, 127.98965, 130.049925, ...  ...    BLA
2  [0.693575, 1.348825, 1.5314, 2.736025, 5.6675,...  ...    BLA
3  [0.7346, 1.21215, 2.80735, 6.401425, 6.4468, 7...  ...    BLA
4  [0.81235, 1.152825, 1.580025, 3.294225, 14.219...  ...    BLA

[5 rows x 10 columns]
2024-06-10 15:06:52,330 - DEBUG - Labelled fixations shape: (339972, 11)
2024-06-10 15:06:52,330 - DEBUG - Labelled spiketimes shape: (1255, 10)
2024-06-10 15:06:52,350 - DEBUG - Processing session: OTNAL_FV_121621
2024-06-10 15:06:52,352 - DEBUG - Session fixations shape: (12829, 11)
2024-06-10 15:06:52,352 - DEBUG - Session neurons shape: (42, 10)
2024-06-10 15:06:52,352 - DEBUG - Processing unit: 121620210021
2024-06-10 15:06:52,363 - DEBUG - Processing unit: 121620210041
2024-06-10 15:06:52,376 - DEBUG - Processing unit: 121620210042
2024-06-10 15:06:52,379 - DEBUG - Processing unit: 121620210051
2024-06-10 15:06:52,380 - DEBUG - Processing unit: 121620210052
2024-06-10 15:06:52,416 - DEBUG - Processing unit: 121620210061
2024-06-10 15:06:52,447 - DEBUG - Processing unit: 121620210071
2024-06-10 15:06:52,475 - DEBUG - Processing unit: 121620210072
2024-06-10 15:06:52,517 - DEBUG - Processing unit: 121620210081
2024-06-10 15:06:52,526 - DEBUG - Processing unit: 121620210091
2024-06-10 15:06:52,531 - DEBUG - Processing unit: 121620210101
2024-06-10 15:06:52,635 - DEBUG - Processing unit: 121620210111
2024-06-10 15:06:52,640 - DEBUG - Processing unit: 121620210131
2024-06-10 15:06:52,704 - DEBUG - Processing unit: 121620210141
2024-06-10 15:06:52,721 - DEBUG - Processing unit: 121620210151
2024-06-10 15:06:52,766 - DEBUG - Processing unit: 121620210152
2024-06-10 15:06:52,797 - DEBUG - Processing unit: 121620210161
2024-06-10 15:06:52,855 - DEBUG - Processing unit: 121620210171
2024-06-10 15:06:53,022 - DEBUG - Processing unit: 121620210181
2024-06-10 15:06:53,091 - DEBUG - Processing unit: 121620210191
2024-06-10 15:06:53,142 - DEBUG - Processing unit: 121620210201
2024-06-10 15:06:53,152 - DEBUG - Processing unit: 121620210211
2024-06-10 15:06:53,283 - DEBUG - Processing unit: 121620210221
2024-06-10 15:06:53,329 - DEBUG - Processing unit: 121620210251
2024-06-10 15:06:53,536 - DEBUG - Processing unit: 121620210252
2024-06-10 15:06:53,568 - DEBUG - Processing unit: 121620210261
2024-06-10 15:06:53,661 - DEBUG - Processing unit: 121620210262
2024-06-10 15:06:53,733 - DEBUG - Processing unit: 121620210301
2024-06-10 15:06:53,799 - DEBUG - Processing unit: 121620210302
2024-06-10 15:06:53,870 - DEBUG - Processing unit: 121620210311
2024-06-10 15:06:53,942 - DEBUG - Processing unit: 121620210312
2024-06-10 15:06:54,027 - DEBUG - Processing unit: 121620210321
2024-06-10 15:14:49,629 - DEBUG - Processing unit: 121620210322
2024-06-10 15:14:59,110 - DEBUG - Processing unit: 121620210431
2024-06-10 15:15:01,802 - DEBUG - Processing unit: 121620210441
2024-06-10 15:17:56,101 - DEBUG - Processing unit: 121620210451
2024-06-10 15:19:21,300 - DEBUG - Processing unit: 121620210461
2024-06-10 15:20:05,359 - DEBUG - Processing unit: 121620210471
2024-06-10 15:20:14,104 - DEBUG - Processing unit: 121620210481
2024-06-10 15:20:26,217 - DEBUG - Processing unit: 121620210501
2024-06-10 15:20:35,060 - DEBUG - Processing unit: 121620210511
2024-06-10 15:21:16,438 - DEBUG - Processing unit: 121620210521
slurmstepd: error: *** JOB 27009762 ON r812u15n03 CANCELLED AT 2024-06-10T15:24:56 ***
