
CondaError: Run 'conda init' before 'conda deactivate'

2024-06-10 14:05:01,017 - DEBUG - matplotlib data path: /gpfs/milgram/project/chang/pg496/conda_envs/nn_gpu/lib/python3.10/site-packages/matplotlib/mpl-data
2024-06-10 14:05:01,023 - DEBUG - CONFIGDIR=/home/pg496/.config/matplotlib
2024-06-10 14:05:01,024 - DEBUG - interactive is False
2024-06-10 14:05:01,024 - DEBUG - platform is linux
2024-06-10 14:05:01,074 - DEBUG - CACHEDIR=/home/pg496/.cache/matplotlib
2024-06-10 14:05:01,075 - DEBUG - Using fontManager instance from /home/pg496/.cache/matplotlib/fontlist-v330.json
2024-06-10 14:05:01,310 - DEBUG - Creating converter from 7 to 5
2024-06-10 14:05:01,310 - DEBUG - Creating converter from 5 to 7
2024-06-10 14:05:01,310 - DEBUG - Creating converter from 7 to 5
2024-06-10 14:05:01,310 - DEBUG - Creating converter from 5 to 7
2024-06-10 14:05:07,019 - DEBUG - First few rows of labelled fixations: 
   start_time  end_time  category  ...   mean_y_pos     fix_roi  agent
0       0.254     0.402       3.0  ...   203.120805  out_of_roi  Lynch
1       0.407     0.558       3.0  ... -1188.157895  out_of_roi  Lynch
2       0.584     0.769       3.0  ... -1226.191011  out_of_roi  Lynch
3       0.775     0.947       3.0  ... -1221.121387  out_of_roi  Lynch
4       0.973     1.098       3.0  ... -1155.447154  out_of_roi  Lynch

[5 rows x 11 columns]
2024-06-10 14:05:07,029 - DEBUG - First few rows of labelled spiketimes: 
                                              spikeS  ... region
0  [1.044075, 3.13865, 3.474675, 4.42465, 4.92632...  ...    BLA
1  [20.752875, 56.052075, 127.98965, 130.049925, ...  ...    BLA
2  [0.693575, 1.348825, 1.5314, 2.736025, 5.6675,...  ...    BLA
3  [0.7346, 1.21215, 2.80735, 6.401425, 6.4468, 7...  ...    BLA
4  [0.81235, 1.152825, 1.580025, 3.294225, 14.219...  ...    BLA

[5 rows x 10 columns]
2024-06-10 14:05:07,029 - DEBUG - Labelled fixations shape: (339972, 11)
2024-06-10 14:05:07,029 - DEBUG - Labelled spiketimes shape: (1255, 10)
2024-06-10 14:05:07,054 - DEBUG - Processing session: OTNAL_FV_063022
2024-06-10 14:05:07,055 - DEBUG - Session fixations shape: (8950, 11)
2024-06-10 14:05:07,056 - DEBUG - Session neurons shape: (50, 10)
2024-06-10 14:05:07,056 - DEBUG - Processing unit: 63020220011
2024-06-10 14:05:07,132 - DEBUG - Processing unit: 63020220041
2024-06-10 14:05:07,179 - DEBUG - Processing unit: 63020220042
2024-06-10 14:05:07,232 - DEBUG - Processing unit: 63020220081
2024-06-10 14:05:07,346 - DEBUG - Processing unit: 63020220121
2024-06-10 14:05:07,433 - DEBUG - Processing unit: 63020220151
2024-06-10 14:05:07,631 - DEBUG - Processing unit: 63020220191
2024-06-10 14:05:07,711 - DEBUG - Processing unit: 63020220201
2024-06-10 14:05:07,823 - DEBUG - Processing unit: 63020220231
2024-06-10 14:05:07,977 - DEBUG - Processing unit: 63020220241
2024-06-10 14:05:08,103 - DEBUG - Processing unit: 63020220242
2024-06-10 14:05:08,345 - DEBUG - Processing unit: 63020220243
2024-06-10 14:05:08,571 - DEBUG - Processing unit: 63020220251
2024-06-10 14:05:08,749 - DEBUG - Processing unit: 63020220252
2024-06-10 14:05:09,043 - DEBUG - Processing unit: 63020220253
2024-06-10 14:05:09,189 - DEBUG - Processing unit: 63020220261
2024-06-10 14:05:09,503 - DEBUG - Processing unit: 63020220262
2024-06-10 14:05:09,730 - DEBUG - Processing unit: 63020220271
2024-06-10 14:05:10,260 - DEBUG - Processing unit: 63020220272
2024-06-10 14:05:11,147 - DEBUG - Processing unit: 63020220281
2024-06-10 14:05:11,556 - DEBUG - Processing unit: 63020220291
2024-06-10 14:05:11,993 - DEBUG - Processing unit: 63020220292
2024-06-10 14:05:12,631 - DEBUG - Processing unit: 63020220293
2024-06-10 14:05:12,877 - DEBUG - Processing unit: 63020220301
2024-06-10 14:05:13,416 - DEBUG - Processing unit: 63020220302
2024-06-10 14:05:13,788 - DEBUG - Processing unit: 63020220311
2024-06-10 14:05:14,423 - DEBUG - Processing unit: 63020220312
2024-06-10 14:05:14,960 - DEBUG - Processing unit: 63020220321
2024-06-10 14:05:15,831 - DEBUG - Processing unit: 63020220322
2024-06-10 14:05:16,293 - DEBUG - Processing unit: 63020220323
2024-06-10 14:05:16,552 - DEBUG - Processing unit: 63020220341
2024-06-10 14:05:17,148 - DEBUG - Processing unit: 63020220351
