
CondaError: Run 'conda init' before 'conda deactivate'

2024-06-10 15:47:39,629 - DEBUG - matplotlib data path: /gpfs/milgram/project/chang/pg496/conda_envs/nn_gpu/lib/python3.10/site-packages/matplotlib/mpl-data
2024-06-10 15:47:39,633 - DEBUG - CONFIGDIR=/home/pg496/.config/matplotlib
2024-06-10 15:47:39,635 - DEBUG - interactive is False
2024-06-10 15:47:39,635 - DEBUG - platform is linux
2024-06-10 15:47:39,677 - DEBUG - CACHEDIR=/home/pg496/.cache/matplotlib
2024-06-10 15:47:39,678 - DEBUG - Using fontManager instance from /home/pg496/.cache/matplotlib/fontlist-v330.json
2024-06-10 15:47:39,877 - DEBUG - Creating converter from 7 to 5
2024-06-10 15:47:39,877 - DEBUG - Creating converter from 5 to 7
2024-06-10 15:47:39,877 - DEBUG - Creating converter from 7 to 5
2024-06-10 15:47:39,877 - DEBUG - Creating converter from 5 to 7
2024-06-10 15:47:44,948 - DEBUG - First few rows of labelled fixations: 
   start_time  end_time  category  ...   mean_y_pos     fix_roi  agent
0       0.254     0.402       3.0  ...   203.120805  out_of_roi  Lynch
1       0.407     0.558       3.0  ... -1188.157895  out_of_roi  Lynch
2       0.584     0.769       3.0  ... -1226.191011  out_of_roi  Lynch
3       0.775     0.947       3.0  ... -1221.121387  out_of_roi  Lynch
4       0.973     1.098       3.0  ... -1155.447154  out_of_roi  Lynch

[5 rows x 11 columns]
2024-06-10 15:47:44,956 - DEBUG - First few rows of labelled spiketimes: 
                                              spikeS  ... region
0  [1.044075, 3.13865, 3.474675, 4.42465, 4.92632...  ...    BLA
1  [20.752875, 56.052075, 127.98965, 130.049925, ...  ...    BLA
2  [0.693575, 1.348825, 1.5314, 2.736025, 5.6675,...  ...    BLA
3  [0.7346, 1.21215, 2.80735, 6.401425, 6.4468, 7...  ...    BLA
4  [0.81235, 1.152825, 1.580025, 3.294225, 14.219...  ...    BLA

[5 rows x 10 columns]
2024-06-10 15:47:44,956 - DEBUG - Labelled fixations shape: (339972, 11)
2024-06-10 15:47:44,956 - DEBUG - Labelled spiketimes shape: (1255, 10)
2024-06-10 15:47:44,979 - DEBUG - Processing session: OTNAL_FV_063022
2024-06-10 15:47:44,980 - DEBUG - Session fixations shape: (8950, 11)
2024-06-10 15:47:44,980 - DEBUG - Session neurons shape: (50, 10)
2024-06-10 15:47:44,980 - DEBUG - Processing unit: 63020220011
2024-06-10 15:47:45,040 - DEBUG - Processing unit: 63020220041
2024-06-10 15:47:45,056 - DEBUG - Processing unit: 63020220042
2024-06-10 15:47:45,068 - DEBUG - Processing unit: 63020220081
2024-06-10 15:47:45,102 - DEBUG - Processing unit: 63020220121
2024-06-10 15:47:45,123 - DEBUG - Processing unit: 63020220151
2024-06-10 15:47:45,180 - DEBUG - Processing unit: 63020220191
2024-06-10 15:47:45,196 - DEBUG - Processing unit: 63020220201
2024-06-10 15:47:45,208 - DEBUG - Processing unit: 63020220231
2024-06-10 15:47:45,237 - DEBUG - Processing unit: 63020220241
2024-06-10 15:47:45,249 - DEBUG - Processing unit: 63020220242
2024-06-10 15:47:45,257 - DEBUG - Processing unit: 63020220243
2024-06-10 15:47:45,262 - DEBUG - Processing unit: 63020220251
2024-06-10 15:47:45,287 - DEBUG - Processing unit: 63020220252
2024-06-10 15:47:45,293 - DEBUG - Processing unit: 63020220253
2024-06-10 15:47:45,361 - DEBUG - Processing unit: 63020220261
2024-06-10 15:47:45,507 - DEBUG - Processing unit: 63020220262
2024-06-10 15:47:45,529 - DEBUG - Processing unit: 63020220271
2024-06-10 15:47:45,611 - DEBUG - Processing unit: 63020220272
2024-06-10 15:47:46,045 - DEBUG - Processing unit: 63020220281
2024-06-10 15:47:46,127 - DEBUG - Processing unit: 63020220291
2024-06-10 15:47:46,193 - DEBUG - Processing unit: 63020220292
2024-06-10 15:47:46,230 - DEBUG - Processing unit: 63020220293
2024-06-10 15:47:46,263 - DEBUG - Processing unit: 63020220301
2024-06-10 15:47:46,295 - DEBUG - Processing unit: 63020220302
2024-06-10 15:47:46,415 - DEBUG - Processing unit: 63020220311
2024-06-10 15:47:46,553 - DEBUG - Processing unit: 63020220312
2024-06-10 15:47:46,605 - DEBUG - Processing unit: 63020220321
2024-06-10 15:47:46,876 - DEBUG - Processing unit: 63020220322
2024-06-10 15:47:46,968 - DEBUG - Processing unit: 63020220323
2024-06-10 15:47:47,023 - DEBUG - Processing unit: 63020220341
2024-06-10 15:47:47,037 - DEBUG - Processing unit: 63020220351
2024-06-10 15:53:06,084 - DEBUG - Processing unit: 63020220391
2024-06-10 15:55:46,058 - DEBUG - Processing unit: 63020220392
2024-06-10 15:56:08,166 - DEBUG - Processing unit: 63020220401
2024-06-10 15:56:11,428 - DEBUG - Processing unit: 63020220411
2024-06-10 15:56:16,517 - DEBUG - Processing unit: 63020220421
2024-06-10 15:56:31,589 - DEBUG - Processing unit: 63020220441
2024-06-10 15:56:41,146 - DEBUG - Processing unit: 63020220442
2024-06-10 15:56:53,829 - DEBUG - Processing unit: 63020220451
2024-06-10 15:57:28,874 - DEBUG - Processing unit: 63020220461
2024-06-10 15:57:37,633 - DEBUG - Processing unit: 63020220462
2024-06-10 15:59:34,041 - DEBUG - Processing unit: 63020220471
2024-06-10 15:59:46,022 - DEBUG - Processing unit: 63020220472
2024-06-10 16:01:35,237 - DEBUG - Processing unit: 63020220561
2024-06-10 16:01:51,338 - DEBUG - Processing unit: 63020220571
2024-06-10 16:01:59,812 - DEBUG - Processing unit: 63020220611
2024-06-10 16:02:17,347 - DEBUG - Processing unit: 63020220612
2024-06-10 16:03:06,205 - DEBUG - Processing unit: 63020220621
2024-06-10 16:03:35,118 - DEBUG - Processing unit: 63020220631
2024-06-10 16:27:01,009 - INFO - Saved session data for OTNAL_FV_063022 to /gpfs/milgram/project/chang/pg496/data_dir/otnal/processed_data/OTNAL_FV_063022_raster.csv
