
CondaError: Run 'conda init' before 'conda deactivate'

2024-06-10 14:20:52,316 - DEBUG - matplotlib data path: /gpfs/milgram/project/chang/pg496/conda_envs/nn_gpu/lib/python3.10/site-packages/matplotlib/mpl-data
2024-06-10 14:20:52,322 - DEBUG - CONFIGDIR=/home/pg496/.config/matplotlib
2024-06-10 14:20:52,323 - DEBUG - interactive is False
2024-06-10 14:20:52,323 - DEBUG - platform is linux
2024-06-10 14:20:52,374 - DEBUG - CACHEDIR=/home/pg496/.cache/matplotlib
2024-06-10 14:20:52,376 - DEBUG - Using fontManager instance from /home/pg496/.cache/matplotlib/fontlist-v330.json
2024-06-10 14:20:52,607 - DEBUG - Creating converter from 7 to 5
2024-06-10 14:20:52,607 - DEBUG - Creating converter from 5 to 7
2024-06-10 14:20:52,607 - DEBUG - Creating converter from 7 to 5
2024-06-10 14:20:52,607 - DEBUG - Creating converter from 5 to 7
2024-06-10 14:20:58,390 - DEBUG - First few rows of labelled fixations: 
   start_time  end_time  category  ...   mean_y_pos     fix_roi  agent
0       0.254     0.402       3.0  ...   203.120805  out_of_roi  Lynch
1       0.407     0.558       3.0  ... -1188.157895  out_of_roi  Lynch
2       0.584     0.769       3.0  ... -1226.191011  out_of_roi  Lynch
3       0.775     0.947       3.0  ... -1221.121387  out_of_roi  Lynch
4       0.973     1.098       3.0  ... -1155.447154  out_of_roi  Lynch

[5 rows x 11 columns]
2024-06-10 14:20:58,400 - DEBUG - First few rows of labelled spiketimes: 
                                              spikeS  ... region
0  [1.044075, 3.13865, 3.474675, 4.42465, 4.92632...  ...    BLA
1  [20.752875, 56.052075, 127.98965, 130.049925, ...  ...    BLA
2  [0.693575, 1.348825, 1.5314, 2.736025, 5.6675,...  ...    BLA
3  [0.7346, 1.21215, 2.80735, 6.401425, 6.4468, 7...  ...    BLA
4  [0.81235, 1.152825, 1.580025, 3.294225, 14.219...  ...    BLA

[5 rows x 10 columns]
2024-06-10 14:20:58,400 - DEBUG - Labelled fixations shape: (339972, 11)
2024-06-10 14:20:58,400 - DEBUG - Labelled spiketimes shape: (1255, 10)
2024-06-10 14:20:58,427 - DEBUG - Processing session: OTNAL_FV_070522
2024-06-10 14:20:58,429 - DEBUG - Session fixations shape: (8135, 11)
2024-06-10 14:20:58,429 - DEBUG - Session neurons shape: (26, 10)
2024-06-10 14:20:58,430 - DEBUG - Processing unit: 70520220211
2024-06-10 14:20:58,442 - DEBUG - Processing unit: 70520220221
2024-06-10 14:20:58,469 - DEBUG - Processing unit: 70520220251
2024-06-10 14:20:58,599 - DEBUG - Processing unit: 70520220271
2024-06-10 14:20:58,700 - DEBUG - Processing unit: 70520220272
2024-06-10 14:20:58,811 - DEBUG - Processing unit: 70520220273
2024-06-10 14:20:58,881 - DEBUG - Processing unit: 70520220281
2024-06-10 14:20:59,068 - DEBUG - Processing unit: 70520220291
2024-06-10 14:20:59,277 - DEBUG - Processing unit: 70520220301
2024-06-10 14:20:59,494 - DEBUG - Processing unit: 70520220302
2024-06-10 14:20:59,637 - DEBUG - Processing unit: 70520220311
2024-06-10 14:20:59,746 - DEBUG - Processing unit: 70520220312
2024-06-10 14:20:59,968 - DEBUG - Processing unit: 70520220321
2024-06-10 14:21:00,379 - DEBUG - Processing unit: 70520220322
2024-06-10 14:21:00,757 - DEBUG - Processing unit: 70520220461
2024-06-10 14:21:01,095 - DEBUG - Processing unit: 70520220471
2024-06-10 14:21:01,434 - DEBUG - Processing unit: 70520220481
2024-06-10 14:21:01,935 - DEBUG - Processing unit: 70520220511
2024-06-10 14:21:02,336 - DEBUG - Processing unit: 70520220521
2024-06-10 14:21:02,700 - DEBUG - Processing unit: 70520220531
2024-06-10 14:21:03,193 - DEBUG - Processing unit: 70520220541
2024-06-10 14:21:03,414 - DEBUG - Processing unit: 70520220551
2024-06-10 14:21:03,814 - DEBUG - Processing unit: 70520220561
2024-06-10 14:21:04,376 - DEBUG - Processing unit: 70520220571
2024-06-10 14:21:05,027 - DEBUG - Processing unit: 70520220581
2024-06-10 14:21:05,563 - DEBUG - Processing unit: 70520220631
