
CondaError: Run 'conda init' before 'conda deactivate'

2024-06-10 14:04:52,122 - DEBUG - matplotlib data path: /gpfs/milgram/project/chang/pg496/conda_envs/nn_gpu/lib/python3.10/site-packages/matplotlib/mpl-data
2024-06-10 14:04:52,127 - DEBUG - CONFIGDIR=/home/pg496/.config/matplotlib
2024-06-10 14:04:52,129 - DEBUG - interactive is False
2024-06-10 14:04:52,129 - DEBUG - platform is linux
2024-06-10 14:04:52,176 - DEBUG - CACHEDIR=/home/pg496/.cache/matplotlib
2024-06-10 14:04:52,177 - DEBUG - Using fontManager instance from /home/pg496/.cache/matplotlib/fontlist-v330.json
2024-06-10 14:04:52,407 - DEBUG - Creating converter from 7 to 5
2024-06-10 14:04:52,408 - DEBUG - Creating converter from 5 to 7
2024-06-10 14:04:52,408 - DEBUG - Creating converter from 7 to 5
2024-06-10 14:04:52,408 - DEBUG - Creating converter from 5 to 7
2024-06-10 14:04:58,077 - DEBUG - First few rows of labelled fixations: 
   start_time  end_time  category  ...   mean_y_pos     fix_roi  agent
0       0.254     0.402       3.0  ...   203.120805  out_of_roi  Lynch
1       0.407     0.558       3.0  ... -1188.157895  out_of_roi  Lynch
2       0.584     0.769       3.0  ... -1226.191011  out_of_roi  Lynch
3       0.775     0.947       3.0  ... -1221.121387  out_of_roi  Lynch
4       0.973     1.098       3.0  ... -1155.447154  out_of_roi  Lynch

[5 rows x 11 columns]
2024-06-10 14:04:58,087 - DEBUG - First few rows of labelled spiketimes: 
                                              spikeS  ... region
0  [1.044075, 3.13865, 3.474675, 4.42465, 4.92632...  ...    BLA
1  [20.752875, 56.052075, 127.98965, 130.049925, ...  ...    BLA
2  [0.693575, 1.348825, 1.5314, 2.736025, 5.6675,...  ...    BLA
3  [0.7346, 1.21215, 2.80735, 6.401425, 6.4468, 7...  ...    BLA
4  [0.81235, 1.152825, 1.580025, 3.294225, 14.219...  ...    BLA

[5 rows x 10 columns]
2024-06-10 14:04:58,087 - DEBUG - Labelled fixations shape: (339972, 11)
2024-06-10 14:04:58,087 - DEBUG - Labelled spiketimes shape: (1255, 10)
2024-06-10 14:04:58,117 - DEBUG - Processing session: OTNAL_FV_070622
2024-06-10 14:04:58,119 - DEBUG - Session fixations shape: (10346, 11)
2024-06-10 14:04:58,119 - DEBUG - Session neurons shape: (51, 10)
2024-06-10 14:04:58,119 - DEBUG - Processing unit: 70620220011
2024-06-10 14:04:58,137 - DEBUG - Processing unit: 70620220021
2024-06-10 14:04:58,226 - DEBUG - Processing unit: 70620220041
2024-06-10 14:04:58,283 - DEBUG - Processing unit: 70620220051
2024-06-10 14:04:58,379 - DEBUG - Processing unit: 70620220061
2024-06-10 14:04:58,521 - DEBUG - Processing unit: 70620220101
2024-06-10 14:04:58,696 - DEBUG - Processing unit: 70620220111
2024-06-10 14:04:58,815 - DEBUG - Processing unit: 70620220121
2024-06-10 14:04:59,015 - DEBUG - Processing unit: 70620220122
2024-06-10 14:04:59,187 - DEBUG - Processing unit: 70620220131
2024-06-10 14:04:59,487 - DEBUG - Processing unit: 70620220141
2024-06-10 14:04:59,726 - DEBUG - Processing unit: 70620220151
2024-06-10 14:04:59,931 - DEBUG - Processing unit: 70620220152
2024-06-10 14:05:00,102 - DEBUG - Processing unit: 70620220171
2024-06-10 14:05:00,440 - DEBUG - Processing unit: 70620220181
2024-06-10 14:05:00,805 - DEBUG - Processing unit: 70620220191
2024-06-10 14:05:00,984 - DEBUG - Processing unit: 70620220192
2024-06-10 14:05:01,338 - DEBUG - Processing unit: 70620220201
2024-06-10 14:05:01,814 - DEBUG - Processing unit: 70620220211
2024-06-10 14:05:02,266 - DEBUG - Processing unit: 70620220221
2024-06-10 14:05:02,623 - DEBUG - Processing unit: 70620220231
2024-06-10 14:05:03,008 - DEBUG - Processing unit: 70620220241
2024-06-10 14:05:03,553 - DEBUG - Processing unit: 70620220242
2024-06-10 14:05:03,966 - DEBUG - Processing unit: 70620220251
2024-06-10 14:05:04,378 - DEBUG - Processing unit: 70620220261
2024-06-10 14:05:04,807 - DEBUG - Processing unit: 70620220262
2024-06-10 14:05:05,370 - DEBUG - Processing unit: 70620220271
2024-06-10 14:05:05,653 - DEBUG - Processing unit: 70620220272
2024-06-10 14:05:06,057 - DEBUG - Processing unit: 70620220281
2024-06-10 14:05:06,771 - DEBUG - Processing unit: 70620220291
2024-06-10 14:05:07,263 - DEBUG - Processing unit: 70620220292
2024-06-10 14:05:07,883 - DEBUG - Processing unit: 70620220411
