
CondaError: Run 'conda init' before 'conda deactivate'

2024-06-10 14:45:09,834 - DEBUG - matplotlib data path: /gpfs/milgram/project/chang/pg496/conda_envs/nn_gpu/lib/python3.10/site-packages/matplotlib/mpl-data
2024-06-10 14:45:09,841 - DEBUG - CONFIGDIR=/home/pg496/.config/matplotlib
2024-06-10 14:45:09,842 - DEBUG - interactive is False
2024-06-10 14:45:09,842 - DEBUG - platform is linux
2024-06-10 14:45:09,906 - DEBUG - CACHEDIR=/home/pg496/.cache/matplotlib
2024-06-10 14:45:09,908 - DEBUG - Using fontManager instance from /home/pg496/.cache/matplotlib/fontlist-v330.json
2024-06-10 14:45:10,291 - DEBUG - Creating converter from 7 to 5
2024-06-10 14:45:10,291 - DEBUG - Creating converter from 5 to 7
2024-06-10 14:45:10,291 - DEBUG - Creating converter from 7 to 5
2024-06-10 14:45:10,291 - DEBUG - Creating converter from 5 to 7
2024-06-10 14:45:16,331 - DEBUG - First few rows of labelled fixations: 
   start_time  end_time  category  ...   mean_y_pos     fix_roi  agent
0       0.254     0.402       3.0  ...   203.120805  out_of_roi  Lynch
1       0.407     0.558       3.0  ... -1188.157895  out_of_roi  Lynch
2       0.584     0.769       3.0  ... -1226.191011  out_of_roi  Lynch
3       0.775     0.947       3.0  ... -1221.121387  out_of_roi  Lynch
4       0.973     1.098       3.0  ... -1155.447154  out_of_roi  Lynch

[5 rows x 11 columns]
2024-06-10 14:45:16,339 - DEBUG - First few rows of labelled spiketimes: 
                                              spikeS  ... region
0  [1.044075, 3.13865, 3.474675, 4.42465, 4.92632...  ...    BLA
1  [20.752875, 56.052075, 127.98965, 130.049925, ...  ...    BLA
2  [0.693575, 1.348825, 1.5314, 2.736025, 5.6675,...  ...    BLA
3  [0.7346, 1.21215, 2.80735, 6.401425, 6.4468, 7...  ...    BLA
4  [0.81235, 1.152825, 1.580025, 3.294225, 14.219...  ...    BLA

[5 rows x 10 columns]
2024-06-10 14:45:16,339 - DEBUG - Labelled fixations shape: (339972, 11)
2024-06-10 14:45:16,339 - DEBUG - Labelled spiketimes shape: (1255, 10)
2024-06-10 14:45:16,363 - DEBUG - Processing session: OTNAL_FV_070822
2024-06-10 14:45:16,364 - DEBUG - Session fixations shape: (10509, 11)
2024-06-10 14:45:16,364 - DEBUG - Session neurons shape: (66, 10)
2024-06-10 14:45:16,365 - DEBUG - Processing unit: 70820220011
2024-06-10 14:45:16,444 - DEBUG - Processing unit: 70820220021
2024-06-10 14:45:16,455 - DEBUG - Processing unit: 70820220022
2024-06-10 14:45:16,456 - DEBUG - Processing unit: 70820220031
2024-06-10 14:45:16,472 - DEBUG - Processing unit: 70820220032
2024-06-10 14:45:16,478 - DEBUG - Processing unit: 70820220033
2024-06-10 14:45:16,496 - DEBUG - Processing unit: 70820220041
2024-06-10 14:45:16,519 - DEBUG - Processing unit: 70820220051
2024-06-10 14:45:16,591 - DEBUG - Processing unit: 70820220052
2024-06-10 14:45:16,597 - DEBUG - Processing unit: 70820220061
2024-06-10 14:45:16,700 - DEBUG - Processing unit: 70820220062
2024-06-10 14:45:16,866 - DEBUG - Processing unit: 70820220063
2024-06-10 14:45:17,005 - DEBUG - Processing unit: 70820220071
2024-06-10 14:45:17,052 - DEBUG - Processing unit: 70820220072
2024-06-10 14:45:17,108 - DEBUG - Processing unit: 70820220081
2024-06-10 14:45:17,180 - DEBUG - Processing unit: 70820220091
2024-06-10 14:45:17,234 - DEBUG - Processing unit: 70820220092
2024-06-10 14:45:17,280 - DEBUG - Processing unit: 70820220093
2024-06-10 14:45:17,304 - DEBUG - Processing unit: 70820220101
2024-06-10 14:45:17,359 - DEBUG - Processing unit: 70820220102
2024-06-10 14:45:17,437 - DEBUG - Processing unit: 70820220103
2024-06-10 14:45:17,460 - DEBUG - Processing unit: 70820220104
2024-06-10 14:45:17,753 - DEBUG - Processing unit: 70820220111
2024-06-10 14:45:17,811 - DEBUG - Processing unit: 70820220121
2024-06-10 14:45:17,889 - DEBUG - Processing unit: 70820220122
2024-06-10 14:45:18,156 - DEBUG - Processing unit: 70820220131
2024-06-10 14:45:18,206 - DEBUG - Processing unit: 70820220132
2024-06-10 14:45:18,505 - DEBUG - Processing unit: 70820220133
2024-06-10 14:45:18,517 - DEBUG - Processing unit: 70820220141
2024-06-10 14:45:18,556 - DEBUG - Processing unit: 70820220142
2024-06-10 14:45:18,563 - DEBUG - Processing unit: 70820220143
2024-06-10 14:45:18,566 - DEBUG - Processing unit: 70820220161
2024-06-10 14:50:52,426 - DEBUG - Processing unit: 70820220171
2024-06-10 14:55:09,770 - DEBUG - Processing unit: 70820220181
2024-06-10 14:55:24,077 - DEBUG - Processing unit: 70820220191
2024-06-10 14:55:26,726 - DEBUG - Processing unit: 70820220192
2024-06-10 14:55:38,024 - DEBUG - Processing unit: 70820220201
2024-06-10 14:55:40,815 - DEBUG - Processing unit: 70820220211
2024-06-10 14:55:57,761 - DEBUG - Processing unit: 70820220212
2024-06-10 14:56:00,884 - DEBUG - Processing unit: 70820220213
2024-06-10 14:56:10,815 - DEBUG - Processing unit: 70820220221
2024-06-10 14:59:16,917 - DEBUG - Processing unit: 70820220231
2024-06-10 14:59:50,451 - DEBUG - Processing unit: 70820220232
2024-06-10 15:00:24,213 - DEBUG - Processing unit: 70820220233
2024-06-10 15:00:52,088 - DEBUG - Processing unit: 70820220241
2024-06-10 15:01:55,944 - DEBUG - Processing unit: 70820220242
2024-06-10 15:03:38,095 - DEBUG - Processing unit: 70820220281
2024-06-10 15:04:55,696 - DEBUG - Processing unit: 70820220282
2024-06-10 15:05:18,226 - DEBUG - Processing unit: 70820220341
2024-06-10 15:06:09,310 - DEBUG - Processing unit: 70820220351
2024-06-10 15:06:15,094 - DEBUG - Processing unit: 70820220401
2024-06-10 15:06:21,596 - DEBUG - Processing unit: 70820220461
2024-06-10 15:06:27,983 - DEBUG - Processing unit: 70820220462
2024-06-10 15:08:42,431 - DEBUG - Processing unit: 70820220463
2024-06-10 15:09:57,060 - DEBUG - Processing unit: 70820220471
2024-06-10 15:09:59,038 - DEBUG - Processing unit: 70820220472
2024-06-10 15:11:36,353 - DEBUG - Processing unit: 70820220491
2024-06-10 15:11:48,747 - DEBUG - Processing unit: 70820220501
2024-06-10 15:11:52,381 - DEBUG - Processing unit: 70820220511
2024-06-10 15:12:02,147 - DEBUG - Processing unit: 70820220512
2024-06-10 15:12:33,163 - DEBUG - Processing unit: 70820220521
2024-06-10 15:13:26,337 - DEBUG - Processing unit: 70820220522
2024-06-10 15:13:55,164 - DEBUG - Processing unit: 70820220531
2024-06-10 15:14:04,385 - DEBUG - Processing unit: 70820220551
2024-06-10 15:14:26,635 - DEBUG - Processing unit: 70820220571
2024-06-10 15:14:34,087 - DEBUG - Processing unit: 70820220591
