
CondaError: Run 'conda init' before 'conda deactivate'

2024-06-10 14:20:52,645 - DEBUG - matplotlib data path: /gpfs/milgram/project/chang/pg496/conda_envs/nn_gpu/lib/python3.10/site-packages/matplotlib/mpl-data
2024-06-10 14:20:52,650 - DEBUG - CONFIGDIR=/home/pg496/.config/matplotlib
2024-06-10 14:20:52,651 - DEBUG - interactive is False
2024-06-10 14:20:52,652 - DEBUG - platform is linux
2024-06-10 14:20:52,701 - DEBUG - CACHEDIR=/home/pg496/.cache/matplotlib
2024-06-10 14:20:52,703 - DEBUG - Using fontManager instance from /home/pg496/.cache/matplotlib/fontlist-v330.json
2024-06-10 14:20:52,943 - DEBUG - Creating converter from 7 to 5
2024-06-10 14:20:52,943 - DEBUG - Creating converter from 5 to 7
2024-06-10 14:20:52,944 - DEBUG - Creating converter from 7 to 5
2024-06-10 14:20:52,944 - DEBUG - Creating converter from 5 to 7
2024-06-10 14:20:58,698 - DEBUG - First few rows of labelled fixations: 
   start_time  end_time  category  ...   mean_y_pos     fix_roi  agent
0       0.254     0.402       3.0  ...   203.120805  out_of_roi  Lynch
1       0.407     0.558       3.0  ... -1188.157895  out_of_roi  Lynch
2       0.584     0.769       3.0  ... -1226.191011  out_of_roi  Lynch
3       0.775     0.947       3.0  ... -1221.121387  out_of_roi  Lynch
4       0.973     1.098       3.0  ... -1155.447154  out_of_roi  Lynch

[5 rows x 11 columns]
2024-06-10 14:20:58,709 - DEBUG - First few rows of labelled spiketimes: 
                                              spikeS  ... region
0  [1.044075, 3.13865, 3.474675, 4.42465, 4.92632...  ...    BLA
1  [20.752875, 56.052075, 127.98965, 130.049925, ...  ...    BLA
2  [0.693575, 1.348825, 1.5314, 2.736025, 5.6675,...  ...    BLA
3  [0.7346, 1.21215, 2.80735, 6.401425, 6.4468, 7...  ...    BLA
4  [0.81235, 1.152825, 1.580025, 3.294225, 14.219...  ...    BLA

[5 rows x 10 columns]
2024-06-10 14:20:58,709 - DEBUG - Labelled fixations shape: (339972, 11)
2024-06-10 14:20:58,709 - DEBUG - Labelled spiketimes shape: (1255, 10)
2024-06-10 14:20:58,737 - DEBUG - Processing session: OTNAL_FV_030321
2024-06-10 14:20:58,739 - DEBUG - Session fixations shape: (11787, 11)
2024-06-10 14:20:58,739 - DEBUG - Session neurons shape: (17, 10)
2024-06-10 14:20:58,739 - DEBUG - Processing unit: 30320210011
2024-06-10 14:20:58,752 - DEBUG - Processing unit: 30320210021
2024-06-10 14:20:58,785 - DEBUG - Processing unit: 30320210031
2024-06-10 14:20:59,118 - DEBUG - Processing unit: 30320210041
2024-06-10 14:20:59,835 - DEBUG - Processing unit: 30320210051
2024-06-10 14:21:00,016 - DEBUG - Processing unit: 30320210061
2024-06-10 14:21:00,551 - DEBUG - Processing unit: 30320210071
2024-06-10 14:21:00,768 - DEBUG - Processing unit: 30320210081
2024-06-10 14:21:01,293 - DEBUG - Processing unit: 30320210091
2024-06-10 14:21:01,754 - DEBUG - Processing unit: 30320210101
2024-06-10 14:21:02,296 - DEBUG - Processing unit: 30320210111
2024-06-10 14:21:02,650 - DEBUG - Processing unit: 30320210121
2024-06-10 14:21:02,974 - DEBUG - Processing unit: 30320210131
2024-06-10 14:21:03,230 - DEBUG - Processing unit: 30320210132
2024-06-10 14:21:03,464 - DEBUG - Processing unit: 30320210141
2024-06-10 14:21:03,820 - DEBUG - Processing unit: 30320210151
2024-06-10 14:21:04,179 - DEBUG - Processing unit: 30320210161
