
CondaError: Run 'conda init' before 'conda deactivate'

2024-06-10 14:45:03,397 - DEBUG - matplotlib data path: /gpfs/milgram/project/chang/pg496/conda_envs/nn_gpu/lib/python3.10/site-packages/matplotlib/mpl-data
2024-06-10 14:45:03,401 - DEBUG - CONFIGDIR=/home/pg496/.config/matplotlib
2024-06-10 14:45:03,402 - DEBUG - interactive is False
2024-06-10 14:45:03,402 - DEBUG - platform is linux
2024-06-10 14:45:03,444 - DEBUG - CACHEDIR=/home/pg496/.cache/matplotlib
2024-06-10 14:45:03,445 - DEBUG - Using fontManager instance from /home/pg496/.cache/matplotlib/fontlist-v330.json
2024-06-10 14:45:03,640 - DEBUG - Creating converter from 7 to 5
2024-06-10 14:45:03,641 - DEBUG - Creating converter from 5 to 7
2024-06-10 14:45:03,641 - DEBUG - Creating converter from 7 to 5
2024-06-10 14:45:03,641 - DEBUG - Creating converter from 5 to 7
2024-06-10 14:45:08,828 - DEBUG - First few rows of labelled fixations: 
   start_time  end_time  category  ...   mean_y_pos     fix_roi  agent
0       0.254     0.402       3.0  ...   203.120805  out_of_roi  Lynch
1       0.407     0.558       3.0  ... -1188.157895  out_of_roi  Lynch
2       0.584     0.769       3.0  ... -1226.191011  out_of_roi  Lynch
3       0.775     0.947       3.0  ... -1221.121387  out_of_roi  Lynch
4       0.973     1.098       3.0  ... -1155.447154  out_of_roi  Lynch

[5 rows x 11 columns]
2024-06-10 14:45:08,836 - DEBUG - First few rows of labelled spiketimes: 
                                              spikeS  ... region
0  [1.044075, 3.13865, 3.474675, 4.42465, 4.92632...  ...    BLA
1  [20.752875, 56.052075, 127.98965, 130.049925, ...  ...    BLA
2  [0.693575, 1.348825, 1.5314, 2.736025, 5.6675,...  ...    BLA
3  [0.7346, 1.21215, 2.80735, 6.401425, 6.4468, 7...  ...    BLA
4  [0.81235, 1.152825, 1.580025, 3.294225, 14.219...  ...    BLA

[5 rows x 10 columns]
2024-06-10 14:45:08,836 - DEBUG - Labelled fixations shape: (339972, 11)
2024-06-10 14:45:08,836 - DEBUG - Labelled spiketimes shape: (1255, 10)
2024-06-10 14:45:08,860 - DEBUG - Processing session: OTNAL_FV_121021
2024-06-10 14:45:08,861 - DEBUG - Session fixations shape: (13097, 11)
2024-06-10 14:45:08,861 - DEBUG - Session neurons shape: (10, 10)
2024-06-10 14:45:08,862 - DEBUG - Processing unit: 121020210131
2024-06-10 14:45:08,872 - DEBUG - Processing unit: 121020210141
2024-06-10 14:45:08,923 - DEBUG - Processing unit: 121020210142
2024-06-10 14:45:08,937 - DEBUG - Processing unit: 121020210171
2024-06-10 14:45:08,957 - DEBUG - Processing unit: 121020210172
2024-06-10 14:45:08,970 - DEBUG - Processing unit: 121020210173
2024-06-10 14:45:09,068 - DEBUG - Processing unit: 121020210201
2024-06-10 14:45:09,074 - DEBUG - Processing unit: 121020210202
2024-06-10 14:45:09,225 - DEBUG - Processing unit: 121020210371
2024-06-10 14:45:09,320 - DEBUG - Processing unit: 121020210401
