
CondaError: Run 'conda init' before 'conda deactivate'

2024-06-10 14:38:24,709 - DEBUG - matplotlib data path: /gpfs/milgram/project/chang/pg496/conda_envs/nn_gpu/lib/python3.10/site-packages/matplotlib/mpl-data
2024-06-10 14:38:24,715 - DEBUG - CONFIGDIR=/home/pg496/.config/matplotlib
2024-06-10 14:38:24,716 - DEBUG - interactive is False
2024-06-10 14:38:24,716 - DEBUG - platform is linux
2024-06-10 14:38:24,763 - DEBUG - CACHEDIR=/home/pg496/.cache/matplotlib
2024-06-10 14:38:24,764 - DEBUG - Using fontManager instance from /home/pg496/.cache/matplotlib/fontlist-v330.json
2024-06-10 14:38:24,980 - DEBUG - Creating converter from 7 to 5
2024-06-10 14:38:24,980 - DEBUG - Creating converter from 5 to 7
2024-06-10 14:38:24,980 - DEBUG - Creating converter from 7 to 5
2024-06-10 14:38:24,980 - DEBUG - Creating converter from 5 to 7
2024-06-10 14:38:30,134 - DEBUG - First few rows of labelled fixations: 
   start_time  end_time  category  ...   mean_y_pos     fix_roi  agent
0       0.254     0.402       3.0  ...   203.120805  out_of_roi  Lynch
1       0.407     0.558       3.0  ... -1188.157895  out_of_roi  Lynch
2       0.584     0.769       3.0  ... -1226.191011  out_of_roi  Lynch
3       0.775     0.947       3.0  ... -1221.121387  out_of_roi  Lynch
4       0.973     1.098       3.0  ... -1155.447154  out_of_roi  Lynch

[5 rows x 11 columns]
2024-06-10 14:38:30,144 - DEBUG - First few rows of labelled spiketimes: 
                                              spikeS  ... region
0  [1.044075, 3.13865, 3.474675, 4.42465, 4.92632...  ...    BLA
1  [20.752875, 56.052075, 127.98965, 130.049925, ...  ...    BLA
2  [0.693575, 1.348825, 1.5314, 2.736025, 5.6675,...  ...    BLA
3  [0.7346, 1.21215, 2.80735, 6.401425, 6.4468, 7...  ...    BLA
4  [0.81235, 1.152825, 1.580025, 3.294225, 14.219...  ...    BLA

[5 rows x 10 columns]
2024-06-10 14:38:30,144 - DEBUG - Labelled fixations shape: (339972, 11)
2024-06-10 14:38:30,144 - DEBUG - Labelled spiketimes shape: (1255, 10)
2024-06-10 14:38:30,171 - DEBUG - Processing session: OTNAL_FV_070121
2024-06-10 14:38:30,173 - DEBUG - Session fixations shape: (14444, 11)
2024-06-10 14:38:30,173 - DEBUG - Session neurons shape: (30, 10)
2024-06-10 14:38:30,173 - DEBUG - Processing unit: 70120210121
2024-06-10 14:38:30,186 - DEBUG - Processing unit: 70120210122
2024-06-10 14:38:30,265 - DEBUG - Processing unit: 70120210131
2024-06-10 14:38:30,366 - DEBUG - Processing unit: 70120210132
2024-06-10 14:38:30,447 - DEBUG - Processing unit: 70120210141
2024-06-10 14:38:30,558 - DEBUG - Processing unit: 70120210142
2024-06-10 14:38:30,953 - DEBUG - Processing unit: 70120210231
2024-06-10 14:38:31,160 - DEBUG - Processing unit: 70120210241
2024-06-10 14:38:31,463 - DEBUG - Processing unit: 70120210251
2024-06-10 14:38:31,690 - DEBUG - Processing unit: 70120210252
2024-06-10 14:38:31,922 - DEBUG - Processing unit: 70120210261
2024-06-10 14:38:32,172 - DEBUG - Processing unit: 70120210271
2024-06-10 14:38:32,496 - DEBUG - Processing unit: 70120210281
2024-06-10 14:38:32,929 - DEBUG - Processing unit: 70120210361
2024-06-10 14:38:33,299 - DEBUG - Processing unit: 70120210401
2024-06-10 14:38:33,536 - DEBUG - Processing unit: 70120210431
2024-06-10 14:38:33,816 - DEBUG - Processing unit: 70120210441
2024-06-10 14:38:34,028 - DEBUG - Processing unit: 70120210461
2024-06-10 14:38:34,152 - DEBUG - Processing unit: 70120210471
2024-06-10 14:38:34,546 - DEBUG - Processing unit: 70120210481
2024-06-10 14:38:34,939 - DEBUG - Processing unit: 70120210501
2024-06-10 14:38:35,296 - DEBUG - Processing unit: 70120210502
2024-06-10 14:38:35,740 - DEBUG - Processing unit: 70120210511
2024-06-10 14:38:36,188 - DEBUG - Processing unit: 70120210521
2024-06-10 14:38:36,458 - DEBUG - Processing unit: 70120210531
2024-06-10 14:38:36,924 - DEBUG - Processing unit: 70120210541
2024-06-10 14:38:37,448 - DEBUG - Processing unit: 70120210542
2024-06-10 14:38:38,044 - DEBUG - Processing unit: 70120210561
2024-06-10 14:38:38,372 - DEBUG - Processing unit: 70120210591
2024-06-10 14:38:38,807 - DEBUG - Processing unit: 70120210641
slurmstepd: error: *** JOB 27009581 ON r812u15n02 CANCELLED AT 2024-06-10T14:40:46 ***
