
CondaError: Run 'conda init' before 'conda deactivate'

2024-06-10 14:20:44,906 - DEBUG - matplotlib data path: /gpfs/milgram/project/chang/pg496/conda_envs/nn_gpu/lib/python3.10/site-packages/matplotlib/mpl-data
2024-06-10 14:20:44,911 - DEBUG - CONFIGDIR=/home/pg496/.config/matplotlib
2024-06-10 14:20:44,912 - DEBUG - interactive is False
2024-06-10 14:20:44,912 - DEBUG - platform is linux
2024-06-10 14:20:44,959 - DEBUG - CACHEDIR=/home/pg496/.cache/matplotlib
2024-06-10 14:20:44,960 - DEBUG - Using fontManager instance from /home/pg496/.cache/matplotlib/fontlist-v330.json
2024-06-10 14:20:45,183 - DEBUG - Creating converter from 7 to 5
2024-06-10 14:20:45,183 - DEBUG - Creating converter from 5 to 7
2024-06-10 14:20:45,184 - DEBUG - Creating converter from 7 to 5
2024-06-10 14:20:45,184 - DEBUG - Creating converter from 5 to 7
2024-06-10 14:20:51,197 - DEBUG - First few rows of labelled fixations: 
   start_time  end_time  category  ...   mean_y_pos     fix_roi  agent
0       0.254     0.402       3.0  ...   203.120805  out_of_roi  Lynch
1       0.407     0.558       3.0  ... -1188.157895  out_of_roi  Lynch
2       0.584     0.769       3.0  ... -1226.191011  out_of_roi  Lynch
3       0.775     0.947       3.0  ... -1221.121387  out_of_roi  Lynch
4       0.973     1.098       3.0  ... -1155.447154  out_of_roi  Lynch

[5 rows x 11 columns]
2024-06-10 14:20:51,207 - DEBUG - First few rows of labelled spiketimes: 
                                              spikeS  ... region
0  [1.044075, 3.13865, 3.474675, 4.42465, 4.92632...  ...    BLA
1  [20.752875, 56.052075, 127.98965, 130.049925, ...  ...    BLA
2  [0.693575, 1.348825, 1.5314, 2.736025, 5.6675,...  ...    BLA
3  [0.7346, 1.21215, 2.80735, 6.401425, 6.4468, 7...  ...    BLA
4  [0.81235, 1.152825, 1.580025, 3.294225, 14.219...  ...    BLA

[5 rows x 10 columns]
2024-06-10 14:20:51,207 - DEBUG - Labelled fixations shape: (339972, 11)
2024-06-10 14:20:51,207 - DEBUG - Labelled spiketimes shape: (1255, 10)
2024-06-10 14:20:51,245 - DEBUG - Processing session: OTNAL_FV_062921
2024-06-10 14:20:51,247 - DEBUG - Session fixations shape: (13119, 11)
2024-06-10 14:20:51,247 - DEBUG - Session neurons shape: (35, 10)
2024-06-10 14:20:51,247 - DEBUG - Processing unit: 62920210031
2024-06-10 14:20:51,260 - DEBUG - Processing unit: 62920210061
2024-06-10 14:20:51,292 - DEBUG - Processing unit: 62920210071
2024-06-10 14:20:51,324 - DEBUG - Processing unit: 62920210141
2024-06-10 14:20:51,458 - DEBUG - Processing unit: 62920210161
2024-06-10 14:20:51,543 - DEBUG - Processing unit: 62920210251
2024-06-10 14:20:51,615 - DEBUG - Processing unit: 62920210252
2024-06-10 14:20:51,711 - DEBUG - Processing unit: 62920210261
2024-06-10 14:20:51,827 - DEBUG - Processing unit: 62920210271
2024-06-10 14:20:51,912 - DEBUG - Processing unit: 62920210272
2024-06-10 14:20:52,041 - DEBUG - Processing unit: 62920210281
2024-06-10 14:20:52,198 - DEBUG - Processing unit: 62920210291
2024-06-10 14:20:52,326 - DEBUG - Processing unit: 62920210301
2024-06-10 14:20:52,678 - DEBUG - Processing unit: 62920210311
2024-06-10 14:20:53,044 - DEBUG - Processing unit: 62920210321
2024-06-10 14:20:53,326 - DEBUG - Processing unit: 62920210391
2024-06-10 14:20:53,529 - DEBUG - Processing unit: 62920210401
2024-06-10 14:20:53,738 - DEBUG - Processing unit: 62920210421
2024-06-10 14:20:53,929 - DEBUG - Processing unit: 62920210431
2024-06-10 14:20:54,133 - DEBUG - Processing unit: 62920210451
2024-06-10 14:20:54,363 - DEBUG - Processing unit: 62920210481
2024-06-10 14:20:54,605 - DEBUG - Processing unit: 62920210491
2024-06-10 14:20:54,827 - DEBUG - Processing unit: 62920210501
2024-06-10 14:20:55,072 - DEBUG - Processing unit: 62920210511
2024-06-10 14:20:55,649 - DEBUG - Processing unit: 62920210521
2024-06-10 14:20:56,072 - DEBUG - Processing unit: 62920210531
2024-06-10 14:20:56,696 - DEBUG - Processing unit: 62920210541
2024-06-10 14:20:57,184 - DEBUG - Processing unit: 62920210551
2024-06-10 14:20:57,347 - DEBUG - Processing unit: 62920210561
2024-06-10 14:20:57,876 - DEBUG - Processing unit: 62920210571
2024-06-10 14:20:58,601 - DEBUG - Processing unit: 62920210581
2024-06-10 14:20:58,892 - DEBUG - Processing unit: 62920210582
/bin/sh: line 1: 1323621 Killed                  python analyze_gaze_signals.py --session /gpfs/milgram/project/chang/pg496/data_dir/otnal/data_source_7point3/OTNAL_FV_062921
slurmstepd: error: Detected 1 oom_kill event in StepId=27009543.batch. Some of the step tasks have been OOM Killed.
