
CondaError: Run 'conda init' before 'conda deactivate'

2024-06-10 14:20:51,552 - DEBUG - matplotlib data path: /gpfs/milgram/project/chang/pg496/conda_envs/nn_gpu/lib/python3.10/site-packages/matplotlib/mpl-data
2024-06-10 14:20:51,558 - DEBUG - CONFIGDIR=/home/pg496/.config/matplotlib
2024-06-10 14:20:51,559 - DEBUG - interactive is False
2024-06-10 14:20:51,560 - DEBUG - platform is linux
2024-06-10 14:20:51,611 - DEBUG - CACHEDIR=/home/pg496/.cache/matplotlib
2024-06-10 14:20:51,613 - DEBUG - Using fontManager instance from /home/pg496/.cache/matplotlib/fontlist-v330.json
2024-06-10 14:20:51,855 - DEBUG - Creating converter from 7 to 5
2024-06-10 14:20:51,856 - DEBUG - Creating converter from 5 to 7
2024-06-10 14:20:51,856 - DEBUG - Creating converter from 7 to 5
2024-06-10 14:20:51,856 - DEBUG - Creating converter from 5 to 7
2024-06-10 14:20:57,719 - DEBUG - First few rows of labelled fixations: 
   start_time  end_time  category  ...   mean_y_pos     fix_roi  agent
0       0.254     0.402       3.0  ...   203.120805  out_of_roi  Lynch
1       0.407     0.558       3.0  ... -1188.157895  out_of_roi  Lynch
2       0.584     0.769       3.0  ... -1226.191011  out_of_roi  Lynch
3       0.775     0.947       3.0  ... -1221.121387  out_of_roi  Lynch
4       0.973     1.098       3.0  ... -1155.447154  out_of_roi  Lynch

[5 rows x 11 columns]
2024-06-10 14:20:57,730 - DEBUG - First few rows of labelled spiketimes: 
                                              spikeS  ... region
0  [1.044075, 3.13865, 3.474675, 4.42465, 4.92632...  ...    BLA
1  [20.752875, 56.052075, 127.98965, 130.049925, ...  ...    BLA
2  [0.693575, 1.348825, 1.5314, 2.736025, 5.6675,...  ...    BLA
3  [0.7346, 1.21215, 2.80735, 6.401425, 6.4468, 7...  ...    BLA
4  [0.81235, 1.152825, 1.580025, 3.294225, 14.219...  ...    BLA

[5 rows x 10 columns]
2024-06-10 14:20:57,730 - DEBUG - Labelled fixations shape: (339972, 11)
2024-06-10 14:20:57,730 - DEBUG - Labelled spiketimes shape: (1255, 10)
2024-06-10 14:20:57,757 - DEBUG - Processing session: OTNAL_FV_061521
2024-06-10 14:20:57,759 - DEBUG - Session fixations shape: (12821, 11)
2024-06-10 14:20:57,759 - DEBUG - Session neurons shape: (19, 10)
2024-06-10 14:20:57,760 - DEBUG - Processing unit: 61520210011
2024-06-10 14:20:57,776 - DEBUG - Processing unit: 61520210021
2024-06-10 14:20:57,870 - DEBUG - Processing unit: 61520210051
2024-06-10 14:20:57,944 - DEBUG - Processing unit: 61520210061
2024-06-10 14:20:58,015 - DEBUG - Processing unit: 61520210111
2024-06-10 14:20:58,087 - DEBUG - Processing unit: 61520210121
2024-06-10 14:20:58,197 - DEBUG - Processing unit: 61520210151
2024-06-10 14:20:58,377 - DEBUG - Processing unit: 61520210181
2024-06-10 14:20:58,475 - DEBUG - Processing unit: 61520210201
2024-06-10 14:20:58,607 - DEBUG - Processing unit: 61520210211
2024-06-10 14:20:58,911 - DEBUG - Processing unit: 61520210221
2024-06-10 14:20:59,068 - DEBUG - Processing unit: 61520210231
2024-06-10 14:20:59,304 - DEBUG - Processing unit: 61520210241
2024-06-10 14:20:59,435 - DEBUG - Processing unit: 61520210251
2024-06-10 14:20:59,600 - DEBUG - Processing unit: 61520210261
2024-06-10 14:20:59,764 - DEBUG - Processing unit: 61520210271
2024-06-10 14:21:00,037 - DEBUG - Processing unit: 61520210291
2024-06-10 14:21:00,460 - DEBUG - Processing unit: 61520210301
2024-06-10 14:21:00,662 - DEBUG - Processing unit: 61520210311
