
CondaError: Run 'conda init' before 'conda deactivate'

2024-06-10 14:05:00,640 - DEBUG - matplotlib data path: /gpfs/milgram/project/chang/pg496/conda_envs/nn_gpu/lib/python3.10/site-packages/matplotlib/mpl-data
2024-06-10 14:05:00,645 - DEBUG - CONFIGDIR=/home/pg496/.config/matplotlib
2024-06-10 14:05:00,647 - DEBUG - interactive is False
2024-06-10 14:05:00,647 - DEBUG - platform is linux
2024-06-10 14:05:00,697 - DEBUG - CACHEDIR=/home/pg496/.cache/matplotlib
2024-06-10 14:05:00,699 - DEBUG - Using fontManager instance from /home/pg496/.cache/matplotlib/fontlist-v330.json
2024-06-10 14:05:00,937 - DEBUG - Creating converter from 7 to 5
2024-06-10 14:05:00,937 - DEBUG - Creating converter from 5 to 7
2024-06-10 14:05:00,937 - DEBUG - Creating converter from 7 to 5
2024-06-10 14:05:00,937 - DEBUG - Creating converter from 5 to 7
2024-06-10 14:05:06,656 - DEBUG - First few rows of labelled fixations: 
   start_time  end_time  category  ...   mean_y_pos     fix_roi  agent
0       0.254     0.402       3.0  ...   203.120805  out_of_roi  Lynch
1       0.407     0.558       3.0  ... -1188.157895  out_of_roi  Lynch
2       0.584     0.769       3.0  ... -1226.191011  out_of_roi  Lynch
3       0.775     0.947       3.0  ... -1221.121387  out_of_roi  Lynch
4       0.973     1.098       3.0  ... -1155.447154  out_of_roi  Lynch

[5 rows x 11 columns]
2024-06-10 14:05:06,667 - DEBUG - First few rows of labelled spiketimes: 
                                              spikeS  ... region
0  [1.044075, 3.13865, 3.474675, 4.42465, 4.92632...  ...    BLA
1  [20.752875, 56.052075, 127.98965, 130.049925, ...  ...    BLA
2  [0.693575, 1.348825, 1.5314, 2.736025, 5.6675,...  ...    BLA
3  [0.7346, 1.21215, 2.80735, 6.401425, 6.4468, 7...  ...    BLA
4  [0.81235, 1.152825, 1.580025, 3.294225, 14.219...  ...    BLA

[5 rows x 10 columns]
2024-06-10 14:05:06,667 - DEBUG - Labelled fixations shape: (339972, 11)
2024-06-10 14:05:06,667 - DEBUG - Labelled spiketimes shape: (1255, 10)
2024-06-10 14:05:06,694 - DEBUG - Processing session: OTNAL_FV_070122
2024-06-10 14:05:06,696 - DEBUG - Session fixations shape: (10302, 11)
2024-06-10 14:05:06,696 - DEBUG - Session neurons shape: (80, 10)
2024-06-10 14:05:06,696 - DEBUG - Processing unit: 70120220041
2024-06-10 14:05:06,773 - DEBUG - Processing unit: 70120220091
2024-06-10 14:05:06,839 - DEBUG - Processing unit: 70120220111
2024-06-10 14:05:07,100 - DEBUG - Processing unit: 70120220121
2024-06-10 14:05:07,226 - DEBUG - Processing unit: 70120220131
2024-06-10 14:05:07,316 - DEBUG - Processing unit: 70120220151
2024-06-10 14:05:07,537 - DEBUG - Processing unit: 70120220161
2024-06-10 14:05:07,863 - DEBUG - Processing unit: 70120220171
2024-06-10 14:05:07,943 - DEBUG - Processing unit: 70120220172
2024-06-10 14:05:08,404 - DEBUG - Processing unit: 70120220191
2024-06-10 14:05:08,503 - DEBUG - Processing unit: 70120220201
2024-06-10 14:05:08,797 - DEBUG - Processing unit: 70120220211
2024-06-10 14:05:08,939 - DEBUG - Processing unit: 70120220212
2024-06-10 14:05:09,217 - DEBUG - Processing unit: 70120220221
2024-06-10 14:05:09,498 - DEBUG - Processing unit: 70120220222
2024-06-10 14:05:09,930 - DEBUG - Processing unit: 70120220231
2024-06-10 14:05:10,283 - DEBUG - Processing unit: 70120220232
2024-06-10 14:05:10,655 - DEBUG - Processing unit: 70120220241
2024-06-10 14:05:11,031 - DEBUG - Processing unit: 70120220242
2024-06-10 14:05:11,404 - DEBUG - Processing unit: 70120220243
2024-06-10 14:05:11,716 - DEBUG - Processing unit: 70120220251
2024-06-10 14:05:11,963 - DEBUG - Processing unit: 70120220252
2024-06-10 14:05:12,175 - DEBUG - Processing unit: 70120220271
2024-06-10 14:05:12,523 - DEBUG - Processing unit: 70120220272
2024-06-10 14:05:13,047 - DEBUG - Processing unit: 70120220273
2024-06-10 14:05:13,635 - DEBUG - Processing unit: 70120220281
2024-06-10 14:05:13,928 - DEBUG - Processing unit: 70120220282
2024-06-10 14:05:14,841 - DEBUG - Processing unit: 70120220291
2024-06-10 14:05:14,980 - DEBUG - Processing unit: 70120220292
2024-06-10 14:05:15,567 - DEBUG - Processing unit: 70120220293
2024-06-10 14:05:16,132 - DEBUG - Processing unit: 70120220301
2024-06-10 14:05:16,395 - DEBUG - Processing unit: 70120220302
