
CondaError: Run 'conda init' before 'conda deactivate'

2024-06-10 14:38:20,302 - DEBUG - matplotlib data path: /gpfs/milgram/project/chang/pg496/conda_envs/nn_gpu/lib/python3.10/site-packages/matplotlib/mpl-data
2024-06-10 14:38:20,307 - DEBUG - CONFIGDIR=/home/pg496/.config/matplotlib
2024-06-10 14:38:20,308 - DEBUG - interactive is False
2024-06-10 14:38:20,308 - DEBUG - platform is linux
2024-06-10 14:38:20,351 - DEBUG - CACHEDIR=/home/pg496/.cache/matplotlib
2024-06-10 14:38:20,353 - DEBUG - Using fontManager instance from /home/pg496/.cache/matplotlib/fontlist-v330.json
2024-06-10 14:38:20,557 - DEBUG - Creating converter from 7 to 5
2024-06-10 14:38:20,557 - DEBUG - Creating converter from 5 to 7
2024-06-10 14:38:20,557 - DEBUG - Creating converter from 7 to 5
2024-06-10 14:38:20,557 - DEBUG - Creating converter from 5 to 7
2024-06-10 14:38:25,748 - DEBUG - First few rows of labelled fixations: 
   start_time  end_time  category  ...   mean_y_pos     fix_roi  agent
0       0.254     0.402       3.0  ...   203.120805  out_of_roi  Lynch
1       0.407     0.558       3.0  ... -1188.157895  out_of_roi  Lynch
2       0.584     0.769       3.0  ... -1226.191011  out_of_roi  Lynch
3       0.775     0.947       3.0  ... -1221.121387  out_of_roi  Lynch
4       0.973     1.098       3.0  ... -1155.447154  out_of_roi  Lynch

[5 rows x 11 columns]
2024-06-10 14:38:25,757 - DEBUG - First few rows of labelled spiketimes: 
                                              spikeS  ... region
0  [1.044075, 3.13865, 3.474675, 4.42465, 4.92632...  ...    BLA
1  [20.752875, 56.052075, 127.98965, 130.049925, ...  ...    BLA
2  [0.693575, 1.348825, 1.5314, 2.736025, 5.6675,...  ...    BLA
3  [0.7346, 1.21215, 2.80735, 6.401425, 6.4468, 7...  ...    BLA
4  [0.81235, 1.152825, 1.580025, 3.294225, 14.219...  ...    BLA

[5 rows x 10 columns]
2024-06-10 14:38:25,757 - DEBUG - Labelled fixations shape: (339972, 11)
2024-06-10 14:38:25,757 - DEBUG - Labelled spiketimes shape: (1255, 10)
2024-06-10 14:38:25,781 - DEBUG - Processing session: OTNAL_FV_031521
2024-06-10 14:38:25,783 - DEBUG - Session fixations shape: (11993, 11)
2024-06-10 14:38:25,783 - DEBUG - Session neurons shape: (55, 10)
2024-06-10 14:38:25,783 - DEBUG - Processing unit: 31520210011
2024-06-10 14:38:25,855 - DEBUG - Processing unit: 31520210012
2024-06-10 14:38:25,927 - DEBUG - Processing unit: 31520210013
2024-06-10 14:38:26,017 - DEBUG - Processing unit: 31520210014
2024-06-10 14:38:26,160 - DEBUG - Processing unit: 31520210021
2024-06-10 14:38:26,237 - DEBUG - Processing unit: 31520210022
2024-06-10 14:38:26,383 - DEBUG - Processing unit: 31520210031
2024-06-10 14:38:26,462 - DEBUG - Processing unit: 31520210032
2024-06-10 14:38:26,561 - DEBUG - Processing unit: 31520210041
2024-06-10 14:38:26,685 - DEBUG - Processing unit: 31520210042
2024-06-10 14:38:26,868 - DEBUG - Processing unit: 31520210043
2024-06-10 14:38:27,030 - DEBUG - Processing unit: 31520210051
2024-06-10 14:38:27,190 - DEBUG - Processing unit: 31520210061
2024-06-10 14:38:27,363 - DEBUG - Processing unit: 31520210071
2024-06-10 14:38:27,530 - DEBUG - Processing unit: 31520210072
2024-06-10 14:38:27,747 - DEBUG - Processing unit: 31520210081
2024-06-10 14:38:28,143 - DEBUG - Processing unit: 31520210082
2024-06-10 14:38:28,311 - DEBUG - Processing unit: 31520210091
2024-06-10 14:38:28,667 - DEBUG - Processing unit: 31520210101
2024-06-10 14:38:29,135 - DEBUG - Processing unit: 31520210102
2024-06-10 14:38:29,382 - DEBUG - Processing unit: 31520210103
2024-06-10 14:38:29,786 - DEBUG - Processing unit: 31520210111
2024-06-10 14:38:30,239 - DEBUG - Processing unit: 31520210121
2024-06-10 14:38:30,505 - DEBUG - Processing unit: 31520210122
2024-06-10 14:38:30,758 - DEBUG - Processing unit: 31520210131
2024-06-10 14:38:31,179 - DEBUG - Processing unit: 31520210141
2024-06-10 14:38:31,697 - DEBUG - Processing unit: 31520210151
2024-06-10 14:38:32,026 - DEBUG - Processing unit: 31520210161
2024-06-10 14:38:32,319 - DEBUG - Processing unit: 31520210171
2024-06-10 14:38:32,693 - DEBUG - Processing unit: 31520210181
2024-06-10 14:38:33,107 - DEBUG - Processing unit: 31520210191
2024-06-10 14:38:33,565 - DEBUG - Processing unit: 31520210201
slurmstepd: error: *** JOB 27009573 ON r812u15n01 CANCELLED AT 2024-06-10T14:40:46 ***
