
CondaError: Run 'conda init' before 'conda deactivate'

2024-06-10 15:00:09,333 - DEBUG - matplotlib data path: /gpfs/milgram/project/chang/pg496/conda_envs/nn_gpu/lib/python3.10/site-packages/matplotlib/mpl-data
2024-06-10 15:00:09,337 - DEBUG - CONFIGDIR=/home/pg496/.config/matplotlib
2024-06-10 15:00:09,338 - DEBUG - interactive is False
2024-06-10 15:00:09,338 - DEBUG - platform is linux
2024-06-10 15:00:09,381 - DEBUG - CACHEDIR=/home/pg496/.cache/matplotlib
2024-06-10 15:00:09,382 - DEBUG - Using fontManager instance from /home/pg496/.cache/matplotlib/fontlist-v330.json
2024-06-10 15:00:09,579 - DEBUG - Creating converter from 7 to 5
2024-06-10 15:00:09,579 - DEBUG - Creating converter from 5 to 7
2024-06-10 15:00:09,580 - DEBUG - Creating converter from 7 to 5
2024-06-10 15:00:09,580 - DEBUG - Creating converter from 5 to 7
2024-06-10 15:00:14,587 - DEBUG - First few rows of labelled fixations: 
   start_time  end_time  category  ...   mean_y_pos     fix_roi  agent
0       0.254     0.402       3.0  ...   203.120805  out_of_roi  Lynch
1       0.407     0.558       3.0  ... -1188.157895  out_of_roi  Lynch
2       0.584     0.769       3.0  ... -1226.191011  out_of_roi  Lynch
3       0.775     0.947       3.0  ... -1221.121387  out_of_roi  Lynch
4       0.973     1.098       3.0  ... -1155.447154  out_of_roi  Lynch

[5 rows x 11 columns]
2024-06-10 15:00:14,596 - DEBUG - First few rows of labelled spiketimes: 
                                              spikeS  ... region
0  [1.044075, 3.13865, 3.474675, 4.42465, 4.92632...  ...    BLA
1  [20.752875, 56.052075, 127.98965, 130.049925, ...  ...    BLA
2  [0.693575, 1.348825, 1.5314, 2.736025, 5.6675,...  ...    BLA
3  [0.7346, 1.21215, 2.80735, 6.401425, 6.4468, 7...  ...    BLA
4  [0.81235, 1.152825, 1.580025, 3.294225, 14.219...  ...    BLA

[5 rows x 10 columns]
2024-06-10 15:00:14,596 - DEBUG - Labelled fixations shape: (339972, 11)
2024-06-10 15:00:14,596 - DEBUG - Labelled spiketimes shape: (1255, 10)
2024-06-10 15:00:14,618 - DEBUG - Processing session: OTNAL_FV_063022
2024-06-10 15:00:14,619 - DEBUG - Session fixations shape: (8950, 11)
2024-06-10 15:00:14,619 - DEBUG - Session neurons shape: (50, 10)
2024-06-10 15:00:14,620 - DEBUG - Processing unit: 63020220011
2024-06-10 15:00:14,679 - DEBUG - Processing unit: 63020220041
2024-06-10 15:00:14,695 - DEBUG - Processing unit: 63020220042
2024-06-10 15:00:14,707 - DEBUG - Processing unit: 63020220081
2024-06-10 15:00:14,708 - DEBUG - Processing unit: 63020220121
2024-06-10 15:00:14,745 - DEBUG - Processing unit: 63020220151
2024-06-10 15:00:14,819 - DEBUG - Processing unit: 63020220191
2024-06-10 15:00:14,829 - DEBUG - Processing unit: 63020220201
2024-06-10 15:00:14,856 - DEBUG - Processing unit: 63020220231
2024-06-10 15:00:14,863 - DEBUG - Processing unit: 63020220241
2024-06-10 15:00:14,885 - DEBUG - Processing unit: 63020220242
2024-06-10 15:00:14,894 - DEBUG - Processing unit: 63020220243
2024-06-10 15:00:14,900 - DEBUG - Processing unit: 63020220251
2024-06-10 15:00:14,906 - DEBUG - Processing unit: 63020220252
2024-06-10 15:00:14,959 - DEBUG - Processing unit: 63020220253
2024-06-10 15:00:14,984 - DEBUG - Processing unit: 63020220261
2024-06-10 15:00:15,026 - DEBUG - Processing unit: 63020220262
2024-06-10 15:00:15,164 - DEBUG - Processing unit: 63020220271
2024-06-10 15:00:15,171 - DEBUG - Processing unit: 63020220272
2024-06-10 15:00:15,287 - DEBUG - Processing unit: 63020220281
2024-06-10 15:00:15,737 - DEBUG - Processing unit: 63020220291
2024-06-10 15:00:15,823 - DEBUG - Processing unit: 63020220292
2024-06-10 15:00:15,894 - DEBUG - Processing unit: 63020220293
2024-06-10 15:00:15,945 - DEBUG - Processing unit: 63020220301
2024-06-10 15:00:16,008 - DEBUG - Processing unit: 63020220302
2024-06-10 15:00:16,062 - DEBUG - Processing unit: 63020220311
2024-06-10 15:00:16,118 - DEBUG - Processing unit: 63020220312
2024-06-10 15:00:16,328 - DEBUG - Processing unit: 63020220321
2024-06-10 15:00:16,337 - DEBUG - Processing unit: 63020220322
2024-06-10 15:00:16,621 - DEBUG - Processing unit: 63020220323
2024-06-10 15:00:16,672 - DEBUG - Processing unit: 63020220341
2024-06-10 15:00:16,698 - DEBUG - Processing unit: 63020220351
2024-06-10 15:05:33,121 - DEBUG - Processing unit: 63020220391
2024-06-10 15:08:38,675 - DEBUG - Processing unit: 63020220392
2024-06-10 15:08:51,607 - DEBUG - Processing unit: 63020220401
2024-06-10 15:08:52,519 - DEBUG - Processing unit: 63020220411
2024-06-10 15:09:05,554 - DEBUG - Processing unit: 63020220421
2024-06-10 15:09:12,701 - DEBUG - Processing unit: 63020220441
2024-06-10 15:09:29,040 - DEBUG - Processing unit: 63020220442
2024-06-10 15:09:33,283 - DEBUG - Processing unit: 63020220451
2024-06-10 15:10:17,846 - DEBUG - Processing unit: 63020220461
2024-06-10 15:10:20,309 - DEBUG - Processing unit: 63020220462
2024-06-10 15:12:38,925 - DEBUG - Processing unit: 63020220471
2024-06-10 15:13:00,317 - DEBUG - Processing unit: 63020220472
2024-06-10 15:14:31,378 - DEBUG - Processing unit: 63020220561
2024-06-10 15:14:51,086 - DEBUG - Processing unit: 63020220571
2024-06-10 15:14:59,624 - DEBUG - Processing unit: 63020220611
2024-06-10 15:15:36,635 - DEBUG - Processing unit: 63020220612
2024-06-10 15:16:08,126 - DEBUG - Processing unit: 63020220621
2024-06-10 15:16:28,076 - DEBUG - Processing unit: 63020220631
