
CondaError: Run 'conda init' before 'conda deactivate'

2024-06-10 14:04:51,903 - DEBUG - matplotlib data path: /gpfs/milgram/project/chang/pg496/conda_envs/nn_gpu/lib/python3.10/site-packages/matplotlib/mpl-data
2024-06-10 14:04:51,908 - DEBUG - CONFIGDIR=/home/pg496/.config/matplotlib
2024-06-10 14:04:51,910 - DEBUG - interactive is False
2024-06-10 14:04:51,910 - DEBUG - platform is linux
2024-06-10 14:04:51,958 - DEBUG - CACHEDIR=/home/pg496/.cache/matplotlib
2024-06-10 14:04:51,959 - DEBUG - Using fontManager instance from /home/pg496/.cache/matplotlib/fontlist-v330.json
2024-06-10 14:04:52,185 - DEBUG - Creating converter from 7 to 5
2024-06-10 14:04:52,186 - DEBUG - Creating converter from 5 to 7
2024-06-10 14:04:52,186 - DEBUG - Creating converter from 7 to 5
2024-06-10 14:04:52,186 - DEBUG - Creating converter from 5 to 7
2024-06-10 14:04:57,774 - DEBUG - First few rows of labelled fixations: 
   start_time  end_time  category  ...   mean_y_pos     fix_roi  agent
0       0.254     0.402       3.0  ...   203.120805  out_of_roi  Lynch
1       0.407     0.558       3.0  ... -1188.157895  out_of_roi  Lynch
2       0.584     0.769       3.0  ... -1226.191011  out_of_roi  Lynch
3       0.775     0.947       3.0  ... -1221.121387  out_of_roi  Lynch
4       0.973     1.098       3.0  ... -1155.447154  out_of_roi  Lynch

[5 rows x 11 columns]
2024-06-10 14:04:57,784 - DEBUG - First few rows of labelled spiketimes: 
                                              spikeS  ... region
0  [1.044075, 3.13865, 3.474675, 4.42465, 4.92632...  ...    BLA
1  [20.752875, 56.052075, 127.98965, 130.049925, ...  ...    BLA
2  [0.693575, 1.348825, 1.5314, 2.736025, 5.6675,...  ...    BLA
3  [0.7346, 1.21215, 2.80735, 6.401425, 6.4468, 7...  ...    BLA
4  [0.81235, 1.152825, 1.580025, 3.294225, 14.219...  ...    BLA

[5 rows x 10 columns]
2024-06-10 14:04:57,784 - DEBUG - Labelled fixations shape: (339972, 11)
2024-06-10 14:04:57,784 - DEBUG - Labelled spiketimes shape: (1255, 10)
2024-06-10 14:04:57,810 - DEBUG - Processing session: OTNAL_FV_062722
2024-06-10 14:04:57,812 - DEBUG - Session fixations shape: (8873, 11)
2024-06-10 14:04:57,812 - DEBUG - Session neurons shape: (30, 10)
2024-06-10 14:04:57,813 - DEBUG - Processing unit: 62720220011
2024-06-10 14:04:57,891 - DEBUG - Processing unit: 62720220012
2024-06-10 14:04:57,927 - DEBUG - Processing unit: 62720220021
2024-06-10 14:04:57,973 - DEBUG - Processing unit: 62720220022
2024-06-10 14:04:58,058 - DEBUG - Processing unit: 62720220031
2024-06-10 14:04:58,257 - DEBUG - Processing unit: 62720220041
2024-06-10 14:04:58,411 - DEBUG - Processing unit: 62720220042
2024-06-10 14:04:58,567 - DEBUG - Processing unit: 62720220043
2024-06-10 14:04:58,817 - DEBUG - Processing unit: 62720220051
2024-06-10 14:04:59,031 - DEBUG - Processing unit: 62720220052
2024-06-10 14:04:59,256 - DEBUG - Processing unit: 62720220061
2024-06-10 14:04:59,714 - DEBUG - Processing unit: 62720220081
2024-06-10 14:05:00,001 - DEBUG - Processing unit: 62720220091
2024-06-10 14:05:00,338 - DEBUG - Processing unit: 62720220101
2024-06-10 14:05:00,675 - DEBUG - Processing unit: 62720220111
2024-06-10 14:05:01,061 - DEBUG - Processing unit: 62720220151
2024-06-10 14:05:01,344 - DEBUG - Processing unit: 62720220161
2024-06-10 14:05:01,737 - DEBUG - Processing unit: 62720220162
2024-06-10 14:05:02,234 - DEBUG - Processing unit: 62720220171
2024-06-10 14:05:02,602 - DEBUG - Processing unit: 62720220181
2024-06-10 14:05:03,007 - DEBUG - Processing unit: 62720220201
2024-06-10 14:05:03,392 - DEBUG - Processing unit: 62720220221
2024-06-10 14:05:03,643 - DEBUG - Processing unit: 62720220231
2024-06-10 14:05:03,947 - DEBUG - Processing unit: 62720220232
2024-06-10 14:05:04,197 - DEBUG - Processing unit: 62720220371
2024-06-10 14:05:05,809 - DEBUG - Processing unit: 62720220381
2024-06-10 14:05:07,358 - DEBUG - Processing unit: 62720220391
2024-06-10 14:05:08,103 - DEBUG - Processing unit: 62720220471
2024-06-10 14:05:08,543 - DEBUG - Processing unit: 62720220511
2024-06-10 14:05:08,852 - DEBUG - Processing unit: 62720220571
