
CondaError: Run 'conda init' before 'conda deactivate'

2024-06-10 14:20:44,911 - DEBUG - matplotlib data path: /gpfs/milgram/project/chang/pg496/conda_envs/nn_gpu/lib/python3.10/site-packages/matplotlib/mpl-data
2024-06-10 14:20:44,916 - DEBUG - CONFIGDIR=/home/pg496/.config/matplotlib
2024-06-10 14:20:44,917 - DEBUG - interactive is False
2024-06-10 14:20:44,917 - DEBUG - platform is linux
2024-06-10 14:20:44,963 - DEBUG - CACHEDIR=/home/pg496/.cache/matplotlib
2024-06-10 14:20:44,965 - DEBUG - Using fontManager instance from /home/pg496/.cache/matplotlib/fontlist-v330.json
2024-06-10 14:20:45,184 - DEBUG - Creating converter from 7 to 5
2024-06-10 14:20:45,184 - DEBUG - Creating converter from 5 to 7
2024-06-10 14:20:45,184 - DEBUG - Creating converter from 7 to 5
2024-06-10 14:20:45,185 - DEBUG - Creating converter from 5 to 7
2024-06-10 14:20:51,194 - DEBUG - First few rows of labelled fixations: 
   start_time  end_time  category  ...   mean_y_pos     fix_roi  agent
0       0.254     0.402       3.0  ...   203.120805  out_of_roi  Lynch
1       0.407     0.558       3.0  ... -1188.157895  out_of_roi  Lynch
2       0.584     0.769       3.0  ... -1226.191011  out_of_roi  Lynch
3       0.775     0.947       3.0  ... -1221.121387  out_of_roi  Lynch
4       0.973     1.098       3.0  ... -1155.447154  out_of_roi  Lynch

[5 rows x 11 columns]
2024-06-10 14:20:51,204 - DEBUG - First few rows of labelled spiketimes: 
                                              spikeS  ... region
0  [1.044075, 3.13865, 3.474675, 4.42465, 4.92632...  ...    BLA
1  [20.752875, 56.052075, 127.98965, 130.049925, ...  ...    BLA
2  [0.693575, 1.348825, 1.5314, 2.736025, 5.6675,...  ...    BLA
3  [0.7346, 1.21215, 2.80735, 6.401425, 6.4468, 7...  ...    BLA
4  [0.81235, 1.152825, 1.580025, 3.294225, 14.219...  ...    BLA

[5 rows x 10 columns]
2024-06-10 14:20:51,204 - DEBUG - Labelled fixations shape: (339972, 11)
2024-06-10 14:20:51,204 - DEBUG - Labelled spiketimes shape: (1255, 10)
2024-06-10 14:20:51,243 - DEBUG - Processing session: OTNAL_FV_060221
2024-06-10 14:20:51,244 - DEBUG - Session fixations shape: (13096, 11)
2024-06-10 14:20:51,245 - DEBUG - Session neurons shape: (57, 10)
2024-06-10 14:20:51,245 - DEBUG - Processing unit: 60220210031
2024-06-10 14:20:51,266 - DEBUG - Processing unit: 60220210091
2024-06-10 14:20:51,354 - DEBUG - Processing unit: 60220210101
2024-06-10 14:20:51,398 - DEBUG - Processing unit: 60220210121
2024-06-10 14:20:51,488 - DEBUG - Processing unit: 60220210131
2024-06-10 14:20:51,631 - DEBUG - Processing unit: 60220210141
2024-06-10 14:20:51,694 - DEBUG - Processing unit: 60220210151
2024-06-10 14:20:51,852 - DEBUG - Processing unit: 60220210161
2024-06-10 14:20:51,948 - DEBUG - Processing unit: 60220210171
2024-06-10 14:20:52,161 - DEBUG - Processing unit: 60220210181
2024-06-10 14:20:52,448 - DEBUG - Processing unit: 60220210201
2024-06-10 14:20:52,594 - DEBUG - Processing unit: 60220210202
2024-06-10 14:20:52,840 - DEBUG - Processing unit: 60220210211
2024-06-10 14:20:53,139 - DEBUG - Processing unit: 60220210221
2024-06-10 14:20:53,272 - DEBUG - Processing unit: 60220210222
2024-06-10 14:20:53,452 - DEBUG - Processing unit: 60220210231
2024-06-10 14:20:53,626 - DEBUG - Processing unit: 60220210241
2024-06-10 14:20:54,162 - DEBUG - Processing unit: 60220210242
2024-06-10 14:20:54,488 - DEBUG - Processing unit: 60220210243
2024-06-10 14:20:54,981 - DEBUG - Processing unit: 60220210251
2024-06-10 14:20:55,311 - DEBUG - Processing unit: 60220210261
2024-06-10 14:20:55,646 - DEBUG - Processing unit: 60220210262
2024-06-10 14:20:55,932 - DEBUG - Processing unit: 60220210263
2024-06-10 14:20:56,251 - DEBUG - Processing unit: 60220210271
2024-06-10 14:20:56,533 - DEBUG - Processing unit: 60220210272
2024-06-10 14:20:56,796 - DEBUG - Processing unit: 60220210281
2024-06-10 14:20:57,108 - DEBUG - Processing unit: 60220210291
2024-06-10 14:20:57,438 - DEBUG - Processing unit: 60220210301
2024-06-10 14:20:57,588 - DEBUG - Processing unit: 60220210311
2024-06-10 14:20:58,106 - DEBUG - Processing unit: 60220210312
2024-06-10 14:20:58,501 - DEBUG - Processing unit: 60220210313
2024-06-10 14:20:58,886 - DEBUG - Processing unit: 60220210321
/bin/sh: line 1: 1323650 Killed                  python analyze_gaze_signals.py --session /gpfs/milgram/project/chang/pg496/data_dir/otnal/data_source_7point3/OTNAL_FV_060221
slurmstepd: error: Detected 1 oom_kill event in StepId=27009542.batch. Some of the step tasks have been OOM Killed.
