
CondaError: Run 'conda init' before 'conda deactivate'

2024-06-10 14:38:30,960 - DEBUG - matplotlib data path: /gpfs/milgram/project/chang/pg496/conda_envs/nn_gpu/lib/python3.10/site-packages/matplotlib/mpl-data
2024-06-10 14:38:30,967 - DEBUG - CONFIGDIR=/home/pg496/.config/matplotlib
2024-06-10 14:38:30,969 - DEBUG - interactive is False
2024-06-10 14:38:30,969 - DEBUG - platform is linux
2024-06-10 14:38:31,044 - DEBUG - CACHEDIR=/home/pg496/.cache/matplotlib
2024-06-10 14:38:31,047 - DEBUG - Using fontManager instance from /home/pg496/.cache/matplotlib/fontlist-v330.json
2024-06-10 14:38:31,546 - DEBUG - Creating converter from 7 to 5
2024-06-10 14:38:31,546 - DEBUG - Creating converter from 5 to 7
2024-06-10 14:38:31,546 - DEBUG - Creating converter from 7 to 5
2024-06-10 14:38:31,546 - DEBUG - Creating converter from 5 to 7
2024-06-10 14:38:37,967 - DEBUG - First few rows of labelled fixations: 
   start_time  end_time  category  ...   mean_y_pos     fix_roi  agent
0       0.254     0.402       3.0  ...   203.120805  out_of_roi  Lynch
1       0.407     0.558       3.0  ... -1188.157895  out_of_roi  Lynch
2       0.584     0.769       3.0  ... -1226.191011  out_of_roi  Lynch
3       0.775     0.947       3.0  ... -1221.121387  out_of_roi  Lynch
4       0.973     1.098       3.0  ... -1155.447154  out_of_roi  Lynch

[5 rows x 11 columns]
2024-06-10 14:38:37,976 - DEBUG - First few rows of labelled spiketimes: 
                                              spikeS  ... region
0  [1.044075, 3.13865, 3.474675, 4.42465, 4.92632...  ...    BLA
1  [20.752875, 56.052075, 127.98965, 130.049925, ...  ...    BLA
2  [0.693575, 1.348825, 1.5314, 2.736025, 5.6675,...  ...    BLA
3  [0.7346, 1.21215, 2.80735, 6.401425, 6.4468, 7...  ...    BLA
4  [0.81235, 1.152825, 1.580025, 3.294225, 14.219...  ...    BLA

[5 rows x 10 columns]
2024-06-10 14:38:37,976 - DEBUG - Labelled fixations shape: (339972, 11)
2024-06-10 14:38:37,976 - DEBUG - Labelled spiketimes shape: (1255, 10)
2024-06-10 14:38:38,003 - DEBUG - Processing session: OTNAL_FV_063022
2024-06-10 14:38:38,005 - DEBUG - Session fixations shape: (8950, 11)
2024-06-10 14:38:38,005 - DEBUG - Session neurons shape: (50, 10)
2024-06-10 14:38:38,005 - DEBUG - Processing unit: 63020220011
2024-06-10 14:38:38,079 - DEBUG - Processing unit: 63020220041
2024-06-10 14:38:38,116 - DEBUG - Processing unit: 63020220042
2024-06-10 14:38:38,173 - DEBUG - Processing unit: 63020220081
2024-06-10 14:38:38,293 - DEBUG - Processing unit: 63020220121
2024-06-10 14:38:38,376 - DEBUG - Processing unit: 63020220151
2024-06-10 14:38:38,543 - DEBUG - Processing unit: 63020220191
2024-06-10 14:38:38,628 - DEBUG - Processing unit: 63020220201
2024-06-10 14:38:38,724 - DEBUG - Processing unit: 63020220231
2024-06-10 14:38:38,929 - DEBUG - Processing unit: 63020220241
2024-06-10 14:38:39,091 - DEBUG - Processing unit: 63020220242
2024-06-10 14:38:39,350 - DEBUG - Processing unit: 63020220243
2024-06-10 14:38:39,568 - DEBUG - Processing unit: 63020220251
2024-06-10 14:38:39,705 - DEBUG - Processing unit: 63020220252
2024-06-10 14:38:40,013 - DEBUG - Processing unit: 63020220253
2024-06-10 14:38:40,362 - DEBUG - Processing unit: 63020220261
2024-06-10 14:38:40,556 - DEBUG - Processing unit: 63020220262
2024-06-10 14:38:40,722 - DEBUG - Processing unit: 63020220271
2024-06-10 14:38:41,102 - DEBUG - Processing unit: 63020220272
2024-06-10 14:38:41,886 - DEBUG - Processing unit: 63020220281
2024-06-10 14:38:42,293 - DEBUG - Processing unit: 63020220291
2024-06-10 14:38:42,620 - DEBUG - Processing unit: 63020220292
2024-06-10 14:38:43,053 - DEBUG - Processing unit: 63020220293
2024-06-10 14:38:43,348 - DEBUG - Processing unit: 63020220301
2024-06-10 14:38:43,876 - DEBUG - Processing unit: 63020220302
2024-06-10 14:38:44,173 - DEBUG - Processing unit: 63020220311
2024-06-10 14:38:44,653 - DEBUG - Processing unit: 63020220312
2024-06-10 14:38:45,225 - DEBUG - Processing unit: 63020220321
2024-06-10 14:38:46,018 - DEBUG - Processing unit: 63020220322
2024-06-10 14:38:46,415 - DEBUG - Processing unit: 63020220323
2024-06-10 14:38:46,770 - DEBUG - Processing unit: 63020220341
2024-06-10 14:38:47,351 - DEBUG - Processing unit: 63020220351
slurmstepd: error: *** JOB 27009596 ON r812u15n03 CANCELLED AT 2024-06-10T14:40:46 ***
