
CondaError: Run 'conda init' before 'conda deactivate'

2024-06-10 14:38:30,961 - DEBUG - matplotlib data path: /gpfs/milgram/project/chang/pg496/conda_envs/nn_gpu/lib/python3.10/site-packages/matplotlib/mpl-data
2024-06-10 14:38:30,967 - DEBUG - CONFIGDIR=/home/pg496/.config/matplotlib
2024-06-10 14:38:30,969 - DEBUG - interactive is False
2024-06-10 14:38:30,969 - DEBUG - platform is linux
2024-06-10 14:38:31,044 - DEBUG - CACHEDIR=/home/pg496/.cache/matplotlib
2024-06-10 14:38:31,047 - DEBUG - Using fontManager instance from /home/pg496/.cache/matplotlib/fontlist-v330.json
2024-06-10 14:38:31,545 - DEBUG - Creating converter from 7 to 5
2024-06-10 14:38:31,546 - DEBUG - Creating converter from 5 to 7
2024-06-10 14:38:31,546 - DEBUG - Creating converter from 7 to 5
2024-06-10 14:38:31,546 - DEBUG - Creating converter from 5 to 7
2024-06-10 14:38:37,969 - DEBUG - First few rows of labelled fixations: 
   start_time  end_time  category  ...   mean_y_pos     fix_roi  agent
0       0.254     0.402       3.0  ...   203.120805  out_of_roi  Lynch
1       0.407     0.558       3.0  ... -1188.157895  out_of_roi  Lynch
2       0.584     0.769       3.0  ... -1226.191011  out_of_roi  Lynch
3       0.775     0.947       3.0  ... -1221.121387  out_of_roi  Lynch
4       0.973     1.098       3.0  ... -1155.447154  out_of_roi  Lynch

[5 rows x 11 columns]
2024-06-10 14:38:37,978 - DEBUG - First few rows of labelled spiketimes: 
                                              spikeS  ... region
0  [1.044075, 3.13865, 3.474675, 4.42465, 4.92632...  ...    BLA
1  [20.752875, 56.052075, 127.98965, 130.049925, ...  ...    BLA
2  [0.693575, 1.348825, 1.5314, 2.736025, 5.6675,...  ...    BLA
3  [0.7346, 1.21215, 2.80735, 6.401425, 6.4468, 7...  ...    BLA
4  [0.81235, 1.152825, 1.580025, 3.294225, 14.219...  ...    BLA

[5 rows x 10 columns]
2024-06-10 14:38:37,978 - DEBUG - Labelled fixations shape: (339972, 11)
2024-06-10 14:38:37,978 - DEBUG - Labelled spiketimes shape: (1255, 10)
2024-06-10 14:38:38,016 - DEBUG - Processing session: OTNAL_FV_070722
2024-06-10 14:38:38,017 - DEBUG - Session fixations shape: (9931, 11)
2024-06-10 14:38:38,018 - DEBUG - Session neurons shape: (52, 10)
2024-06-10 14:38:38,018 - DEBUG - Processing unit: 70720220111
2024-06-10 14:38:38,031 - DEBUG - Processing unit: 70720220112
2024-06-10 14:38:38,062 - DEBUG - Processing unit: 70720220121
2024-06-10 14:38:38,184 - DEBUG - Processing unit: 70720220141
2024-06-10 14:38:38,364 - DEBUG - Processing unit: 70720220161
2024-06-10 14:38:38,575 - DEBUG - Processing unit: 70720220171
2024-06-10 14:38:38,673 - DEBUG - Processing unit: 70720220191
2024-06-10 14:38:39,006 - DEBUG - Processing unit: 70720220192
2024-06-10 14:38:39,282 - DEBUG - Processing unit: 70720220201
2024-06-10 14:38:39,412 - DEBUG - Processing unit: 70720220211
2024-06-10 14:38:39,532 - DEBUG - Processing unit: 70720220221
2024-06-10 14:38:40,146 - DEBUG - Processing unit: 70720220231
2024-06-10 14:38:40,613 - DEBUG - Processing unit: 70720220232
2024-06-10 14:38:40,882 - DEBUG - Processing unit: 70720220241
2024-06-10 14:38:41,085 - DEBUG - Processing unit: 70720220242
2024-06-10 14:38:41,439 - DEBUG - Processing unit: 70720220251
2024-06-10 14:38:41,756 - DEBUG - Processing unit: 70720220261
2024-06-10 14:38:42,004 - DEBUG - Processing unit: 70720220271
2024-06-10 14:38:42,608 - DEBUG - Processing unit: 70720220272
2024-06-10 14:38:43,120 - DEBUG - Processing unit: 70720220273
2024-06-10 14:38:43,636 - DEBUG - Processing unit: 70720220274
2024-06-10 14:38:43,882 - DEBUG - Processing unit: 70720220281
2024-06-10 14:38:44,296 - DEBUG - Processing unit: 70720220282
2024-06-10 14:38:44,740 - DEBUG - Processing unit: 70720220283
2024-06-10 14:38:45,057 - DEBUG - Processing unit: 70720220284
2024-06-10 14:38:45,352 - DEBUG - Processing unit: 70720220291
2024-06-10 14:38:45,967 - DEBUG - Processing unit: 70720220292
2024-06-10 14:38:46,535 - DEBUG - Processing unit: 70720220293
2024-06-10 14:38:47,296 - DEBUG - Processing unit: 70720220301
2024-06-10 14:38:47,580 - DEBUG - Processing unit: 70720220302
2024-06-10 14:38:48,420 - DEBUG - Processing unit: 70720220311
2024-06-10 14:38:48,981 - DEBUG - Processing unit: 70720220312
slurmstepd: error: *** JOB 27009588 ON r812u15n03 CANCELLED AT 2024-06-10T14:40:46 ***
