
CondaError: Run 'conda init' before 'conda deactivate'

2024-06-10 14:56:18,676 - DEBUG - matplotlib data path: /gpfs/milgram/project/chang/pg496/conda_envs/nn_gpu/lib/python3.10/site-packages/matplotlib/mpl-data
2024-06-10 14:56:18,681 - DEBUG - CONFIGDIR=/home/pg496/.config/matplotlib
2024-06-10 14:56:18,682 - DEBUG - interactive is False
2024-06-10 14:56:18,682 - DEBUG - platform is linux
2024-06-10 14:56:18,725 - DEBUG - CACHEDIR=/home/pg496/.cache/matplotlib
2024-06-10 14:56:18,726 - DEBUG - Using fontManager instance from /home/pg496/.cache/matplotlib/fontlist-v330.json
2024-06-10 14:56:18,921 - DEBUG - Creating converter from 7 to 5
2024-06-10 14:56:18,921 - DEBUG - Creating converter from 5 to 7
2024-06-10 14:56:18,921 - DEBUG - Creating converter from 7 to 5
2024-06-10 14:56:18,921 - DEBUG - Creating converter from 5 to 7
2024-06-10 14:56:24,133 - DEBUG - First few rows of labelled fixations: 
   start_time  end_time  category  ...   mean_y_pos     fix_roi  agent
0       0.254     0.402       3.0  ...   203.120805  out_of_roi  Lynch
1       0.407     0.558       3.0  ... -1188.157895  out_of_roi  Lynch
2       0.584     0.769       3.0  ... -1226.191011  out_of_roi  Lynch
3       0.775     0.947       3.0  ... -1221.121387  out_of_roi  Lynch
4       0.973     1.098       3.0  ... -1155.447154  out_of_roi  Lynch

[5 rows x 11 columns]
2024-06-10 14:56:24,141 - DEBUG - First few rows of labelled spiketimes: 
                                              spikeS  ... region
0  [1.044075, 3.13865, 3.474675, 4.42465, 4.92632...  ...    BLA
1  [20.752875, 56.052075, 127.98965, 130.049925, ...  ...    BLA
2  [0.693575, 1.348825, 1.5314, 2.736025, 5.6675,...  ...    BLA
3  [0.7346, 1.21215, 2.80735, 6.401425, 6.4468, 7...  ...    BLA
4  [0.81235, 1.152825, 1.580025, 3.294225, 14.219...  ...    BLA

[5 rows x 10 columns]
2024-06-10 14:56:24,141 - DEBUG - Labelled fixations shape: (339972, 11)
2024-06-10 14:56:24,141 - DEBUG - Labelled spiketimes shape: (1255, 10)
2024-06-10 14:56:24,165 - DEBUG - Processing session: OTNAL_FV_032221
2024-06-10 14:56:24,166 - DEBUG - Session fixations shape: (11436, 11)
2024-06-10 14:56:24,166 - DEBUG - Session neurons shape: (71, 10)
2024-06-10 14:56:24,167 - DEBUG - Processing unit: 32220210011
2024-06-10 14:56:24,175 - DEBUG - Processing unit: 32220210021
2024-06-10 14:56:24,321 - DEBUG - Processing unit: 32220210022
2024-06-10 14:56:24,322 - DEBUG - Processing unit: 32220210031
2024-06-10 14:56:24,384 - DEBUG - Processing unit: 32220210032
2024-06-10 14:56:24,492 - DEBUG - Processing unit: 32220210041
2024-06-10 14:56:24,498 - DEBUG - Processing unit: 32220210051
2024-06-10 14:56:24,535 - DEBUG - Processing unit: 32220210061
2024-06-10 14:56:24,542 - DEBUG - Processing unit: 32220210071
2024-06-10 14:56:24,590 - DEBUG - Processing unit: 32220210081
2024-06-10 14:56:24,630 - DEBUG - Processing unit: 32220210091
2024-06-10 14:56:24,981 - DEBUG - Processing unit: 32220210101
2024-06-10 14:56:25,025 - DEBUG - Processing unit: 32220210102
2024-06-10 14:56:25,065 - DEBUG - Processing unit: 32220210111
2024-06-10 14:56:25,146 - DEBUG - Processing unit: 32220210121
2024-06-10 14:56:25,166 - DEBUG - Processing unit: 32220210122
2024-06-10 14:56:25,185 - DEBUG - Processing unit: 32220210131
2024-06-10 14:56:25,219 - DEBUG - Processing unit: 32220210141
2024-06-10 14:56:25,235 - DEBUG - Processing unit: 32220210151
2024-06-10 14:56:25,237 - DEBUG - Processing unit: 32220210161
2024-06-10 14:56:25,304 - DEBUG - Processing unit: 32220210171
2024-06-10 14:56:25,341 - DEBUG - Processing unit: 32220210181
2024-06-10 14:56:25,351 - DEBUG - Processing unit: 32220210191
2024-06-10 14:56:25,383 - DEBUG - Processing unit: 32220210201
2024-06-10 14:56:25,403 - DEBUG - Processing unit: 32220210211
2024-06-10 14:56:25,578 - DEBUG - Processing unit: 32220210221
2024-06-10 14:56:25,597 - DEBUG - Processing unit: 32220210231
2024-06-10 14:56:25,748 - DEBUG - Processing unit: 32220210241
2024-06-10 14:56:25,785 - DEBUG - Processing unit: 32220210251
2024-06-10 14:56:25,798 - DEBUG - Processing unit: 32220210261
2024-06-10 14:56:25,810 - DEBUG - Processing unit: 32220210271
2024-06-10 14:56:25,960 - DEBUG - Processing unit: 32220210281
2024-06-10 15:01:44,371 - DEBUG - Processing unit: 32220210291
2024-06-10 15:06:18,705 - DEBUG - Processing unit: 32220210301
2024-06-10 15:06:24,971 - DEBUG - Processing unit: 32220210311
2024-06-10 15:06:38,984 - DEBUG - Processing unit: 32220210321
2024-06-10 15:06:40,878 - DEBUG - Processing unit: 32220210331
2024-06-10 15:06:57,189 - DEBUG - Processing unit: 32220210332
2024-06-10 15:08:10,356 - DEBUG - Processing unit: 32220210341
2024-06-10 15:08:17,772 - DEBUG - Processing unit: 32220210351
2024-06-10 15:09:29,262 - DEBUG - Processing unit: 32220210361
2024-06-10 15:09:56,599 - DEBUG - Processing unit: 32220210371
2024-06-10 15:11:28,759 - DEBUG - Processing unit: 32220210381
2024-06-10 15:12:46,105 - DEBUG - Processing unit: 32220210382
2024-06-10 15:15:43,699 - DEBUG - Processing unit: 32220210391
2024-06-10 15:16:26,069 - DEBUG - Processing unit: 32220210401
2024-06-10 15:16:35,524 - DEBUG - Processing unit: 32220210411
2024-06-10 15:17:01,727 - DEBUG - Processing unit: 32220210421
2024-06-10 15:18:34,640 - DEBUG - Processing unit: 32220210431
2024-06-10 15:18:59,334 - DEBUG - Processing unit: 32220210441
2024-06-10 15:19:50,635 - DEBUG - Processing unit: 32220210451
2024-06-10 15:20:01,943 - DEBUG - Processing unit: 32220210461
2024-06-10 15:20:04,620 - DEBUG - Processing unit: 32220210471
2024-06-10 15:20:32,044 - DEBUG - Processing unit: 32220210481
2024-06-10 15:21:01,981 - DEBUG - Processing unit: 32220210491
2024-06-10 15:21:19,568 - DEBUG - Processing unit: 32220210501
2024-06-10 15:21:45,694 - DEBUG - Processing unit: 32220210511
2024-06-10 15:22:07,245 - DEBUG - Processing unit: 32220210521
2024-06-10 15:22:09,043 - DEBUG - Processing unit: 32220210531
2024-06-10 15:22:15,517 - DEBUG - Processing unit: 32220210541
2024-06-10 15:22:24,414 - DEBUG - Processing unit: 32220210551
2024-06-10 15:22:26,990 - DEBUG - Processing unit: 32220210561
2024-06-10 15:22:30,208 - DEBUG - Processing unit: 32220210571
2024-06-10 15:22:31,630 - DEBUG - Processing unit: 32220210581
2024-06-10 15:23:21,522 - DEBUG - Processing unit: 32220210591
2024-06-10 15:23:57,963 - DEBUG - Processing unit: 32220210601
slurmstepd: error: *** JOB 27009716 ON r811u15n03 CANCELLED AT 2024-06-10T15:24:56 ***
