
CondaError: Run 'conda init' before 'conda deactivate'

2024-06-10 14:04:57,723 - DEBUG - matplotlib data path: /gpfs/milgram/project/chang/pg496/conda_envs/nn_gpu/lib/python3.10/site-packages/matplotlib/mpl-data
2024-06-10 14:04:57,728 - DEBUG - CONFIGDIR=/home/pg496/.config/matplotlib
2024-06-10 14:04:57,729 - DEBUG - interactive is False
2024-06-10 14:04:57,729 - DEBUG - platform is linux
2024-06-10 14:04:57,773 - DEBUG - CACHEDIR=/home/pg496/.cache/matplotlib
2024-06-10 14:04:57,774 - DEBUG - Using fontManager instance from /home/pg496/.cache/matplotlib/fontlist-v330.json
2024-06-10 14:04:57,977 - DEBUG - Creating converter from 7 to 5
2024-06-10 14:04:57,977 - DEBUG - Creating converter from 5 to 7
2024-06-10 14:04:57,977 - DEBUG - Creating converter from 7 to 5
2024-06-10 14:04:57,977 - DEBUG - Creating converter from 5 to 7
2024-06-10 14:05:02,998 - DEBUG - First few rows of labelled fixations: 
   start_time  end_time  category  ...   mean_y_pos     fix_roi  agent
0       0.254     0.402       3.0  ...   203.120805  out_of_roi  Lynch
1       0.407     0.558       3.0  ... -1188.157895  out_of_roi  Lynch
2       0.584     0.769       3.0  ... -1226.191011  out_of_roi  Lynch
3       0.775     0.947       3.0  ... -1221.121387  out_of_roi  Lynch
4       0.973     1.098       3.0  ... -1155.447154  out_of_roi  Lynch

[5 rows x 11 columns]
2024-06-10 14:05:03,007 - DEBUG - First few rows of labelled spiketimes: 
                                              spikeS  ... region
0  [1.044075, 3.13865, 3.474675, 4.42465, 4.92632...  ...    BLA
1  [20.752875, 56.052075, 127.98965, 130.049925, ...  ...    BLA
2  [0.693575, 1.348825, 1.5314, 2.736025, 5.6675,...  ...    BLA
3  [0.7346, 1.21215, 2.80735, 6.401425, 6.4468, 7...  ...    BLA
4  [0.81235, 1.152825, 1.580025, 3.294225, 14.219...  ...    BLA

[5 rows x 10 columns]
2024-06-10 14:05:03,007 - DEBUG - Labelled fixations shape: (339972, 11)
2024-06-10 14:05:03,007 - DEBUG - Labelled spiketimes shape: (1255, 10)
2024-06-10 14:05:03,027 - DEBUG - Processing session: OTNAL_FV_061821
2024-06-10 14:05:03,029 - DEBUG - Session fixations shape: (11853, 11)
2024-06-10 14:05:03,029 - DEBUG - Session neurons shape: (76, 10)
2024-06-10 14:05:03,029 - DEBUG - Processing unit: 61820210011
2024-06-10 14:05:03,042 - DEBUG - Processing unit: 61820210021
2024-06-10 14:05:03,097 - DEBUG - Processing unit: 61820210031
2024-06-10 14:05:03,147 - DEBUG - Processing unit: 61820210041
2024-06-10 14:05:03,225 - DEBUG - Processing unit: 61820210051
2024-06-10 14:05:03,297 - DEBUG - Processing unit: 61820210061
2024-06-10 14:05:03,409 - DEBUG - Processing unit: 61820210071
2024-06-10 14:05:03,552 - DEBUG - Processing unit: 61820210072
2024-06-10 14:05:03,639 - DEBUG - Processing unit: 61820210081
2024-06-10 14:05:03,816 - DEBUG - Processing unit: 61820210091
2024-06-10 14:05:04,070 - DEBUG - Processing unit: 61820210101
2024-06-10 14:05:04,255 - DEBUG - Processing unit: 61820210111
2024-06-10 14:05:04,400 - DEBUG - Processing unit: 61820210121
2024-06-10 14:05:04,607 - DEBUG - Processing unit: 61820210131
2024-06-10 14:05:04,961 - DEBUG - Processing unit: 61820210141
2024-06-10 14:05:05,330 - DEBUG - Processing unit: 61820210142
2024-06-10 14:05:05,611 - DEBUG - Processing unit: 61820210151
2024-06-10 14:05:06,091 - DEBUG - Processing unit: 61820210152
2024-06-10 14:05:06,358 - DEBUG - Processing unit: 61820210161
2024-06-10 14:05:06,682 - DEBUG - Processing unit: 61820210171
2024-06-10 14:05:07,093 - DEBUG - Processing unit: 61820210181
2024-06-10 14:05:07,334 - DEBUG - Processing unit: 61820210182
2024-06-10 14:05:07,708 - DEBUG - Processing unit: 61820210191
2024-06-10 14:05:08,318 - DEBUG - Processing unit: 61820210201
2024-06-10 14:05:08,540 - DEBUG - Processing unit: 61820210202
2024-06-10 14:05:08,941 - DEBUG - Processing unit: 61820210211
2024-06-10 14:05:09,207 - DEBUG - Processing unit: 61820210212
2024-06-10 14:05:09,911 - DEBUG - Processing unit: 61820210221
2024-06-10 14:05:10,183 - DEBUG - Processing unit: 61820210222
2024-06-10 14:05:10,667 - DEBUG - Processing unit: 61820210231
2024-06-10 14:05:11,263 - DEBUG - Processing unit: 61820210241
2024-06-10 14:05:11,813 - DEBUG - Processing unit: 61820210242
