
CondaError: Run 'conda init' before 'conda deactivate'

2024-06-10 14:38:24,773 - DEBUG - matplotlib data path: /gpfs/milgram/project/chang/pg496/conda_envs/nn_gpu/lib/python3.10/site-packages/matplotlib/mpl-data
2024-06-10 14:38:24,778 - DEBUG - CONFIGDIR=/home/pg496/.config/matplotlib
2024-06-10 14:38:24,779 - DEBUG - interactive is False
2024-06-10 14:38:24,780 - DEBUG - platform is linux
2024-06-10 14:38:24,828 - DEBUG - CACHEDIR=/home/pg496/.cache/matplotlib
2024-06-10 14:38:24,830 - DEBUG - Using fontManager instance from /home/pg496/.cache/matplotlib/fontlist-v330.json
2024-06-10 14:38:25,049 - DEBUG - Creating converter from 7 to 5
2024-06-10 14:38:25,049 - DEBUG - Creating converter from 5 to 7
2024-06-10 14:38:25,049 - DEBUG - Creating converter from 7 to 5
2024-06-10 14:38:25,049 - DEBUG - Creating converter from 5 to 7
2024-06-10 14:38:30,194 - DEBUG - First few rows of labelled fixations: 
   start_time  end_time  category  ...   mean_y_pos     fix_roi  agent
0       0.254     0.402       3.0  ...   203.120805  out_of_roi  Lynch
1       0.407     0.558       3.0  ... -1188.157895  out_of_roi  Lynch
2       0.584     0.769       3.0  ... -1226.191011  out_of_roi  Lynch
3       0.775     0.947       3.0  ... -1221.121387  out_of_roi  Lynch
4       0.973     1.098       3.0  ... -1155.447154  out_of_roi  Lynch

[5 rows x 11 columns]
2024-06-10 14:38:30,203 - DEBUG - First few rows of labelled spiketimes: 
                                              spikeS  ... region
0  [1.044075, 3.13865, 3.474675, 4.42465, 4.92632...  ...    BLA
1  [20.752875, 56.052075, 127.98965, 130.049925, ...  ...    BLA
2  [0.693575, 1.348825, 1.5314, 2.736025, 5.6675,...  ...    BLA
3  [0.7346, 1.21215, 2.80735, 6.401425, 6.4468, 7...  ...    BLA
4  [0.81235, 1.152825, 1.580025, 3.294225, 14.219...  ...    BLA

[5 rows x 10 columns]
2024-06-10 14:38:30,203 - DEBUG - Labelled fixations shape: (339972, 11)
2024-06-10 14:38:30,203 - DEBUG - Labelled spiketimes shape: (1255, 10)
2024-06-10 14:38:30,230 - DEBUG - Processing session: OTNAL_FV_070822
2024-06-10 14:38:30,232 - DEBUG - Session fixations shape: (10509, 11)
2024-06-10 14:38:30,232 - DEBUG - Session neurons shape: (66, 10)
2024-06-10 14:38:30,232 - DEBUG - Processing unit: 70820220011
2024-06-10 14:38:30,320 - DEBUG - Processing unit: 70820220021
2024-06-10 14:38:30,355 - DEBUG - Processing unit: 70820220022
2024-06-10 14:38:30,425 - DEBUG - Processing unit: 70820220031
2024-06-10 14:38:30,502 - DEBUG - Processing unit: 70820220032
2024-06-10 14:38:30,571 - DEBUG - Processing unit: 70820220033
2024-06-10 14:38:30,662 - DEBUG - Processing unit: 70820220041
2024-06-10 14:38:30,832 - DEBUG - Processing unit: 70820220051
2024-06-10 14:38:31,068 - DEBUG - Processing unit: 70820220052
2024-06-10 14:38:31,300 - DEBUG - Processing unit: 70820220061
2024-06-10 14:38:31,532 - DEBUG - Processing unit: 70820220062
2024-06-10 14:38:31,878 - DEBUG - Processing unit: 70820220063
2024-06-10 14:38:32,276 - DEBUG - Processing unit: 70820220071
2024-06-10 14:38:32,629 - DEBUG - Processing unit: 70820220072
2024-06-10 14:38:32,797 - DEBUG - Processing unit: 70820220081
2024-06-10 14:38:33,183 - DEBUG - Processing unit: 70820220091
2024-06-10 14:38:33,341 - DEBUG - Processing unit: 70820220092
2024-06-10 14:38:33,751 - DEBUG - Processing unit: 70820220093
2024-06-10 14:38:34,142 - DEBUG - Processing unit: 70820220101
2024-06-10 14:38:34,848 - DEBUG - Processing unit: 70820220102
2024-06-10 14:38:35,318 - DEBUG - Processing unit: 70820220103
2024-06-10 14:38:35,551 - DEBUG - Processing unit: 70820220104
2024-06-10 14:38:35,903 - DEBUG - Processing unit: 70820220111
2024-06-10 14:38:36,487 - DEBUG - Processing unit: 70820220121
2024-06-10 14:38:37,111 - DEBUG - Processing unit: 70820220122
2024-06-10 14:38:37,624 - DEBUG - Processing unit: 70820220131
2024-06-10 14:38:38,264 - DEBUG - Processing unit: 70820220132
2024-06-10 14:38:38,805 - DEBUG - Processing unit: 70820220133
2024-06-10 14:38:39,104 - DEBUG - Processing unit: 70820220141
2024-06-10 14:38:39,797 - DEBUG - Processing unit: 70820220142
2024-06-10 14:38:40,339 - DEBUG - Processing unit: 70820220143
2024-06-10 14:38:41,071 - DEBUG - Processing unit: 70820220161
slurmstepd: error: *** JOB 27009582 ON r812u15n02 CANCELLED AT 2024-06-10T14:40:46 ***
