
CondaError: Run 'conda init' before 'conda deactivate'

2024-06-10 14:45:03,520 - DEBUG - matplotlib data path: /gpfs/milgram/project/chang/pg496/conda_envs/nn_gpu/lib/python3.10/site-packages/matplotlib/mpl-data
2024-06-10 14:45:03,524 - DEBUG - CONFIGDIR=/home/pg496/.config/matplotlib
2024-06-10 14:45:03,525 - DEBUG - interactive is False
2024-06-10 14:45:03,526 - DEBUG - platform is linux
2024-06-10 14:45:03,567 - DEBUG - CACHEDIR=/home/pg496/.cache/matplotlib
2024-06-10 14:45:03,569 - DEBUG - Using fontManager instance from /home/pg496/.cache/matplotlib/fontlist-v330.json
2024-06-10 14:45:03,764 - DEBUG - Creating converter from 7 to 5
2024-06-10 14:45:03,764 - DEBUG - Creating converter from 5 to 7
2024-06-10 14:45:03,764 - DEBUG - Creating converter from 7 to 5
2024-06-10 14:45:03,764 - DEBUG - Creating converter from 5 to 7
2024-06-10 14:45:08,690 - DEBUG - First few rows of labelled fixations: 
   start_time  end_time  category  ...   mean_y_pos     fix_roi  agent
0       0.254     0.402       3.0  ...   203.120805  out_of_roi  Lynch
1       0.407     0.558       3.0  ... -1188.157895  out_of_roi  Lynch
2       0.584     0.769       3.0  ... -1226.191011  out_of_roi  Lynch
3       0.775     0.947       3.0  ... -1221.121387  out_of_roi  Lynch
4       0.973     1.098       3.0  ... -1155.447154  out_of_roi  Lynch

[5 rows x 11 columns]
2024-06-10 14:45:08,698 - DEBUG - First few rows of labelled spiketimes: 
                                              spikeS  ... region
0  [1.044075, 3.13865, 3.474675, 4.42465, 4.92632...  ...    BLA
1  [20.752875, 56.052075, 127.98965, 130.049925, ...  ...    BLA
2  [0.693575, 1.348825, 1.5314, 2.736025, 5.6675,...  ...    BLA
3  [0.7346, 1.21215, 2.80735, 6.401425, 6.4468, 7...  ...    BLA
4  [0.81235, 1.152825, 1.580025, 3.294225, 14.219...  ...    BLA

[5 rows x 10 columns]
2024-06-10 14:45:08,698 - DEBUG - Labelled fixations shape: (339972, 11)
2024-06-10 14:45:08,698 - DEBUG - Labelled spiketimes shape: (1255, 10)
2024-06-10 14:45:08,722 - DEBUG - Processing session: OTNAL_FV_060221
2024-06-10 14:45:08,723 - DEBUG - Session fixations shape: (13096, 11)
2024-06-10 14:45:08,723 - DEBUG - Session neurons shape: (57, 10)
2024-06-10 14:45:08,724 - DEBUG - Processing unit: 60220210031
2024-06-10 14:45:08,742 - DEBUG - Processing unit: 60220210091
2024-06-10 14:45:08,753 - DEBUG - Processing unit: 60220210101
2024-06-10 14:45:08,754 - DEBUG - Processing unit: 60220210121
2024-06-10 14:45:08,795 - DEBUG - Processing unit: 60220210131
2024-06-10 14:45:08,887 - DEBUG - Processing unit: 60220210141
2024-06-10 14:45:08,905 - DEBUG - Processing unit: 60220210151
2024-06-10 14:45:08,943 - DEBUG - Processing unit: 60220210161
2024-06-10 14:45:08,970 - DEBUG - Processing unit: 60220210171
2024-06-10 14:45:09,010 - DEBUG - Processing unit: 60220210181
2024-06-10 14:45:09,071 - DEBUG - Processing unit: 60220210201
2024-06-10 14:45:09,147 - DEBUG - Processing unit: 60220210202
2024-06-10 14:45:09,281 - DEBUG - Processing unit: 60220210211
2024-06-10 14:45:09,345 - DEBUG - Processing unit: 60220210221
2024-06-10 14:45:09,353 - DEBUG - Processing unit: 60220210222
2024-06-10 14:45:09,407 - DEBUG - Processing unit: 60220210231
2024-06-10 14:45:09,421 - DEBUG - Processing unit: 60220210241
2024-06-10 14:45:09,501 - DEBUG - Processing unit: 60220210242
2024-06-10 14:45:09,597 - DEBUG - Processing unit: 60220210243
2024-06-10 14:45:09,621 - DEBUG - Processing unit: 60220210251
2024-06-10 14:45:09,784 - DEBUG - Processing unit: 60220210261
2024-06-10 14:45:09,881 - DEBUG - Processing unit: 60220210262
2024-06-10 14:45:09,902 - DEBUG - Processing unit: 60220210263
2024-06-10 14:45:09,921 - DEBUG - Processing unit: 60220210271
2024-06-10 14:45:09,955 - DEBUG - Processing unit: 60220210272
2024-06-10 14:45:09,981 - DEBUG - Processing unit: 60220210281
2024-06-10 14:45:09,991 - DEBUG - Processing unit: 60220210291
2024-06-10 14:45:10,047 - DEBUG - Processing unit: 60220210301
2024-06-10 14:45:10,221 - DEBUG - Processing unit: 60220210311
2024-06-10 14:45:10,339 - DEBUG - Processing unit: 60220210312
2024-06-10 14:45:10,448 - DEBUG - Processing unit: 60220210313
2024-06-10 14:45:10,564 - DEBUG - Processing unit: 60220210321
2024-06-10 14:54:26,270 - DEBUG - Processing unit: 60220210322
2024-06-10 14:54:38,115 - DEBUG - Processing unit: 60220210331
2024-06-10 14:54:45,118 - DEBUG - Processing unit: 60220210341
2024-06-10 14:54:53,057 - DEBUG - Processing unit: 60220210351
2024-06-10 14:55:02,037 - DEBUG - Processing unit: 60220210401
2024-06-10 14:55:02,823 - DEBUG - Processing unit: 60220210411
2024-06-10 15:00:21,443 - DEBUG - Processing unit: 60220210421
2024-06-10 15:00:51,863 - DEBUG - Processing unit: 60220210461
2024-06-10 15:00:58,780 - DEBUG - Processing unit: 60220210471
2024-06-10 15:01:06,113 - DEBUG - Processing unit: 60220210511
2024-06-10 15:01:08,001 - DEBUG - Processing unit: 60220210551
2024-06-10 15:01:12,687 - DEBUG - Processing unit: 60220210561
2024-06-10 15:01:20,383 - DEBUG - Processing unit: 60220210571
2024-06-10 15:01:21,159 - DEBUG - Processing unit: 60220210572
2024-06-10 15:01:27,169 - DEBUG - Processing unit: 60220210573
2024-06-10 15:01:42,836 - DEBUG - Processing unit: 60220210581
2024-06-10 15:02:35,481 - DEBUG - Processing unit: 60220210591
2024-06-10 15:03:17,283 - DEBUG - Processing unit: 60220210592
2024-06-10 15:07:27,630 - DEBUG - Processing unit: 60220210593
2024-06-10 15:07:39,023 - DEBUG - Processing unit: 60220210601
2024-06-10 15:08:26,111 - DEBUG - Processing unit: 60220210602
2024-06-10 15:08:34,442 - DEBUG - Processing unit: 60220210611
2024-06-10 15:09:19,420 - DEBUG - Processing unit: 60220210621
2024-06-10 15:10:17,387 - DEBUG - Processing unit: 60220210631
2024-06-10 15:11:13,085 - DEBUG - Processing unit: 60220210632
