
CondaError: Run 'conda init' before 'conda deactivate'

2024-06-10 15:25:41,713 - DEBUG - matplotlib data path: /gpfs/milgram/project/chang/pg496/conda_envs/nn_gpu/lib/python3.10/site-packages/matplotlib/mpl-data
2024-06-10 15:25:41,717 - DEBUG - CONFIGDIR=/home/pg496/.config/matplotlib
2024-06-10 15:25:41,718 - DEBUG - interactive is False
2024-06-10 15:25:41,718 - DEBUG - platform is linux
2024-06-10 15:25:41,761 - DEBUG - CACHEDIR=/home/pg496/.cache/matplotlib
2024-06-10 15:25:41,762 - DEBUG - Using fontManager instance from /home/pg496/.cache/matplotlib/fontlist-v330.json
2024-06-10 15:25:41,954 - DEBUG - Creating converter from 7 to 5
2024-06-10 15:25:41,954 - DEBUG - Creating converter from 5 to 7
2024-06-10 15:25:41,954 - DEBUG - Creating converter from 7 to 5
2024-06-10 15:25:41,954 - DEBUG - Creating converter from 5 to 7
2024-06-10 15:25:46,786 - DEBUG - First few rows of labelled fixations: 
   start_time  end_time  category  ...   mean_y_pos     fix_roi  agent
0       0.254     0.402       3.0  ...   203.120805  out_of_roi  Lynch
1       0.407     0.558       3.0  ... -1188.157895  out_of_roi  Lynch
2       0.584     0.769       3.0  ... -1226.191011  out_of_roi  Lynch
3       0.775     0.947       3.0  ... -1221.121387  out_of_roi  Lynch
4       0.973     1.098       3.0  ... -1155.447154  out_of_roi  Lynch

[5 rows x 11 columns]
2024-06-10 15:25:46,794 - DEBUG - First few rows of labelled spiketimes: 
                                              spikeS  ... region
0  [1.044075, 3.13865, 3.474675, 4.42465, 4.92632...  ...    BLA
1  [20.752875, 56.052075, 127.98965, 130.049925, ...  ...    BLA
2  [0.693575, 1.348825, 1.5314, 2.736025, 5.6675,...  ...    BLA
3  [0.7346, 1.21215, 2.80735, 6.401425, 6.4468, 7...  ...    BLA
4  [0.81235, 1.152825, 1.580025, 3.294225, 14.219...  ...    BLA

[5 rows x 10 columns]
2024-06-10 15:25:46,794 - DEBUG - Labelled fixations shape: (339972, 11)
2024-06-10 15:25:46,794 - DEBUG - Labelled spiketimes shape: (1255, 10)
2024-06-10 15:25:46,824 - DEBUG - Processing session: OTNAL_FV_060221
2024-06-10 15:25:46,825 - DEBUG - Session fixations shape: (13096, 11)
2024-06-10 15:25:46,825 - DEBUG - Session neurons shape: (57, 10)
2024-06-10 15:25:46,826 - DEBUG - Processing unit: 60220210031
2024-06-10 15:25:46,844 - DEBUG - Processing unit: 60220210091
2024-06-10 15:25:46,852 - DEBUG - Processing unit: 60220210101
2024-06-10 15:25:46,895 - DEBUG - Processing unit: 60220210121
2024-06-10 15:25:46,901 - DEBUG - Processing unit: 60220210131
2024-06-10 15:25:47,052 - DEBUG - Processing unit: 60220210141
2024-06-10 15:25:47,131 - DEBUG - Processing unit: 60220210151
2024-06-10 15:25:47,169 - DEBUG - Processing unit: 60220210161
2024-06-10 15:25:47,189 - DEBUG - Processing unit: 60220210171
2024-06-10 15:25:47,222 - DEBUG - Processing unit: 60220210181
2024-06-10 15:25:47,263 - DEBUG - Processing unit: 60220210201
2024-06-10 15:25:47,267 - DEBUG - Processing unit: 60220210202
2024-06-10 15:25:47,401 - DEBUG - Processing unit: 60220210211
2024-06-10 15:25:47,444 - DEBUG - Processing unit: 60220210221
2024-06-10 15:25:47,475 - DEBUG - Processing unit: 60220210222
2024-06-10 15:25:47,534 - DEBUG - Processing unit: 60220210231
2024-06-10 15:25:47,550 - DEBUG - Processing unit: 60220210241
2024-06-10 15:25:47,637 - DEBUG - Processing unit: 60220210242
2024-06-10 15:25:47,716 - DEBUG - Processing unit: 60220210243
2024-06-10 15:25:47,729 - DEBUG - Processing unit: 60220210251
2024-06-10 15:25:47,915 - DEBUG - Processing unit: 60220210261
2024-06-10 15:25:48,053 - DEBUG - Processing unit: 60220210262
2024-06-10 15:25:48,070 - DEBUG - Processing unit: 60220210263
2024-06-10 15:25:48,253 - DEBUG - Processing unit: 60220210271
2024-06-10 15:25:48,283 - DEBUG - Processing unit: 60220210272
2024-06-10 15:25:48,364 - DEBUG - Processing unit: 60220210281
2024-06-10 15:25:48,379 - DEBUG - Processing unit: 60220210291
2024-06-10 15:25:48,386 - DEBUG - Processing unit: 60220210301
2024-06-10 15:25:48,488 - DEBUG - Processing unit: 60220210311
2024-06-10 15:25:48,584 - DEBUG - Processing unit: 60220210312
2024-06-10 15:25:48,750 - DEBUG - Processing unit: 60220210313
2024-06-10 15:25:48,841 - DEBUG - Processing unit: 60220210321
2024-06-10 15:35:08,892 - DEBUG - Processing unit: 60220210322
2024-06-10 15:35:16,725 - DEBUG - Processing unit: 60220210331
2024-06-10 15:35:20,001 - DEBUG - Processing unit: 60220210341
2024-06-10 15:35:30,606 - DEBUG - Processing unit: 60220210351
2024-06-10 15:35:36,038 - DEBUG - Processing unit: 60220210401
2024-06-10 15:35:50,736 - DEBUG - Processing unit: 60220210411
2024-06-10 15:41:28,081 - DEBUG - Processing unit: 60220210421
2024-06-10 15:41:47,277 - DEBUG - Processing unit: 60220210461
2024-06-10 15:41:57,562 - DEBUG - Processing unit: 60220210471
2024-06-10 15:42:00,018 - DEBUG - Processing unit: 60220210511
2024-06-10 15:42:08,050 - DEBUG - Processing unit: 60220210551
2024-06-10 15:42:14,414 - DEBUG - Processing unit: 60220210561
2024-06-10 15:42:21,055 - DEBUG - Processing unit: 60220210571
2024-06-10 15:42:23,294 - DEBUG - Processing unit: 60220210572
2024-06-10 15:42:23,913 - DEBUG - Processing unit: 60220210573
2024-06-10 15:42:29,740 - DEBUG - Processing unit: 60220210581
2024-06-10 15:43:13,365 - DEBUG - Processing unit: 60220210591
2024-06-10 15:44:08,034 - DEBUG - Processing unit: 60220210592
2024-06-10 15:48:19,368 - DEBUG - Processing unit: 60220210593
2024-06-10 15:48:30,729 - DEBUG - Processing unit: 60220210601
2024-06-10 15:49:16,439 - DEBUG - Processing unit: 60220210602
2024-06-10 15:49:21,414 - DEBUG - Processing unit: 60220210611
2024-06-10 15:49:37,257 - DEBUG - Processing unit: 60220210621
2024-06-10 15:50:23,871 - DEBUG - Processing unit: 60220210631
2024-06-10 15:52:03,691 - DEBUG - Processing unit: 60220210632
2024-06-10 16:29:43,180 - INFO - Saved session data for OTNAL_FV_060221 to /gpfs/milgram/project/chang/pg496/data_dir/otnal/processed_data/OTNAL_FV_060221_raster.csv
