
CondaError: Run 'conda init' before 'conda deactivate'

2024-06-10 14:38:30,960 - DEBUG - matplotlib data path: /gpfs/milgram/project/chang/pg496/conda_envs/nn_gpu/lib/python3.10/site-packages/matplotlib/mpl-data
2024-06-10 14:38:30,967 - DEBUG - CONFIGDIR=/home/pg496/.config/matplotlib
2024-06-10 14:38:30,969 - DEBUG - interactive is False
2024-06-10 14:38:30,969 - DEBUG - platform is linux
2024-06-10 14:38:31,044 - DEBUG - CACHEDIR=/home/pg496/.cache/matplotlib
2024-06-10 14:38:31,047 - DEBUG - Using fontManager instance from /home/pg496/.cache/matplotlib/fontlist-v330.json
2024-06-10 14:38:31,546 - DEBUG - Creating converter from 7 to 5
2024-06-10 14:38:31,546 - DEBUG - Creating converter from 5 to 7
2024-06-10 14:38:31,546 - DEBUG - Creating converter from 7 to 5
2024-06-10 14:38:31,546 - DEBUG - Creating converter from 5 to 7
2024-06-10 14:38:37,967 - DEBUG - First few rows of labelled fixations: 
   start_time  end_time  category  ...   mean_y_pos     fix_roi  agent
0       0.254     0.402       3.0  ...   203.120805  out_of_roi  Lynch
1       0.407     0.558       3.0  ... -1188.157895  out_of_roi  Lynch
2       0.584     0.769       3.0  ... -1226.191011  out_of_roi  Lynch
3       0.775     0.947       3.0  ... -1221.121387  out_of_roi  Lynch
4       0.973     1.098       3.0  ... -1155.447154  out_of_roi  Lynch

[5 rows x 11 columns]
2024-06-10 14:38:37,976 - DEBUG - First few rows of labelled spiketimes: 
                                              spikeS  ... region
0  [1.044075, 3.13865, 3.474675, 4.42465, 4.92632...  ...    BLA
1  [20.752875, 56.052075, 127.98965, 130.049925, ...  ...    BLA
2  [0.693575, 1.348825, 1.5314, 2.736025, 5.6675,...  ...    BLA
3  [0.7346, 1.21215, 2.80735, 6.401425, 6.4468, 7...  ...    BLA
4  [0.81235, 1.152825, 1.580025, 3.294225, 14.219...  ...    BLA

[5 rows x 10 columns]
2024-06-10 14:38:37,976 - DEBUG - Labelled fixations shape: (339972, 11)
2024-06-10 14:38:37,976 - DEBUG - Labelled spiketimes shape: (1255, 10)
2024-06-10 14:38:38,008 - DEBUG - Processing session: OTNAL_FV_062421
2024-06-10 14:38:38,010 - DEBUG - Session fixations shape: (13027, 11)
2024-06-10 14:38:38,010 - DEBUG - Session neurons shape: (47, 10)
2024-06-10 14:38:38,010 - DEBUG - Processing unit: 62420210011
2024-06-10 14:38:38,032 - DEBUG - Processing unit: 62420210021
2024-06-10 14:38:38,135 - DEBUG - Processing unit: 62420210051
2024-06-10 14:38:38,193 - DEBUG - Processing unit: 62420210061
2024-06-10 14:38:38,269 - DEBUG - Processing unit: 62420210071
2024-06-10 14:38:38,358 - DEBUG - Processing unit: 62420210081
2024-06-10 14:38:38,476 - DEBUG - Processing unit: 62420210091
2024-06-10 14:38:38,649 - DEBUG - Processing unit: 62420210101
2024-06-10 14:38:38,893 - DEBUG - Processing unit: 62420210111
2024-06-10 14:38:39,119 - DEBUG - Processing unit: 62420210121
2024-06-10 14:38:39,386 - DEBUG - Processing unit: 62420210131
2024-06-10 14:38:39,600 - DEBUG - Processing unit: 62420210141
2024-06-10 14:38:39,813 - DEBUG - Processing unit: 62420210161
2024-06-10 14:38:40,084 - DEBUG - Processing unit: 62420210191
2024-06-10 14:38:40,271 - DEBUG - Processing unit: 62420210192
2024-06-10 14:38:40,456 - DEBUG - Processing unit: 62420210193
2024-06-10 14:38:40,632 - DEBUG - Processing unit: 62420210194
2024-06-10 14:38:40,840 - DEBUG - Processing unit: 62420210201
2024-06-10 14:38:41,081 - DEBUG - Processing unit: 62420210202
2024-06-10 14:38:41,455 - DEBUG - Processing unit: 62420210203
2024-06-10 14:38:41,686 - DEBUG - Processing unit: 62420210211
2024-06-10 14:38:41,945 - DEBUG - Processing unit: 62420210212
2024-06-10 14:38:42,344 - DEBUG - Processing unit: 62420210221
2024-06-10 14:38:42,664 - DEBUG - Processing unit: 62420210222
2024-06-10 14:38:42,895 - DEBUG - Processing unit: 62420210223
2024-06-10 14:38:43,276 - DEBUG - Processing unit: 62420210241
2024-06-10 14:38:43,608 - DEBUG - Processing unit: 62420210251
2024-06-10 14:38:44,072 - DEBUG - Processing unit: 62420210261
2024-06-10 14:38:44,456 - DEBUG - Processing unit: 62420210262
2024-06-10 14:38:44,995 - DEBUG - Processing unit: 62420210271
2024-06-10 14:38:45,283 - DEBUG - Processing unit: 62420210272
2024-06-10 14:38:45,839 - DEBUG - Processing unit: 62420210281
slurmstepd: error: *** JOB 27009595 ON r812u15n03 CANCELLED AT 2024-06-10T14:40:46 ***
