
CondaError: Run 'conda init' before 'conda deactivate'

2024-06-10 16:03:16,661 - DEBUG - matplotlib data path: /gpfs/milgram/project/chang/pg496/conda_envs/nn_gpu/lib/python3.10/site-packages/matplotlib/mpl-data
2024-06-10 16:03:16,665 - DEBUG - CONFIGDIR=/home/pg496/.config/matplotlib
2024-06-10 16:03:16,666 - DEBUG - interactive is False
2024-06-10 16:03:16,666 - DEBUG - platform is linux
2024-06-10 16:03:16,706 - DEBUG - CACHEDIR=/home/pg496/.cache/matplotlib
2024-06-10 16:03:16,707 - DEBUG - Using fontManager instance from /home/pg496/.cache/matplotlib/fontlist-v330.json
2024-06-10 16:03:16,892 - DEBUG - Creating converter from 7 to 5
2024-06-10 16:03:16,893 - DEBUG - Creating converter from 5 to 7
2024-06-10 16:03:16,893 - DEBUG - Creating converter from 7 to 5
2024-06-10 16:03:16,893 - DEBUG - Creating converter from 5 to 7
2024-06-10 16:03:21,575 - DEBUG - First few rows of labelled fixations: 
   start_time  end_time  category  ...   mean_y_pos     fix_roi  agent
0       0.254     0.402       3.0  ...   203.120805  out_of_roi  Lynch
1       0.407     0.558       3.0  ... -1188.157895  out_of_roi  Lynch
2       0.584     0.769       3.0  ... -1226.191011  out_of_roi  Lynch
3       0.775     0.947       3.0  ... -1221.121387  out_of_roi  Lynch
4       0.973     1.098       3.0  ... -1155.447154  out_of_roi  Lynch

[5 rows x 11 columns]
2024-06-10 16:03:21,583 - DEBUG - First few rows of labelled spiketimes: 
                                              spikeS  ... region
0  [1.044075, 3.13865, 3.474675, 4.42465, 4.92632...  ...    BLA
1  [20.752875, 56.052075, 127.98965, 130.049925, ...  ...    BLA
2  [0.693575, 1.348825, 1.5314, 2.736025, 5.6675,...  ...    BLA
3  [0.7346, 1.21215, 2.80735, 6.401425, 6.4468, 7...  ...    BLA
4  [0.81235, 1.152825, 1.580025, 3.294225, 14.219...  ...    BLA

[5 rows x 10 columns]
2024-06-10 16:03:21,583 - DEBUG - Labelled fixations shape: (339972, 11)
2024-06-10 16:03:21,583 - DEBUG - Labelled spiketimes shape: (1255, 10)
2024-06-10 16:03:21,601 - DEBUG - Processing session: OTNAL_FV_061821
2024-06-10 16:03:21,603 - DEBUG - Session fixations shape: (11853, 11)
2024-06-10 16:03:21,603 - DEBUG - Session neurons shape: (76, 10)
2024-06-10 16:03:21,603 - DEBUG - Processing unit: 61820210011
2024-06-10 16:03:21,614 - DEBUG - Processing unit: 61820210021
2024-06-10 16:03:21,660 - DEBUG - Processing unit: 61820210031
2024-06-10 16:03:21,662 - DEBUG - Processing unit: 61820210041
2024-06-10 16:03:21,665 - DEBUG - Processing unit: 61820210051
2024-06-10 16:03:21,692 - DEBUG - Processing unit: 61820210061
2024-06-10 16:03:21,727 - DEBUG - Processing unit: 61820210071
2024-06-10 16:03:21,756 - DEBUG - Processing unit: 61820210072
2024-06-10 16:03:21,769 - DEBUG - Processing unit: 61820210081
2024-06-10 16:03:21,785 - DEBUG - Processing unit: 61820210091
2024-06-10 16:03:21,842 - DEBUG - Processing unit: 61820210101
2024-06-10 16:03:21,885 - DEBUG - Processing unit: 61820210111
2024-06-10 16:03:21,908 - DEBUG - Processing unit: 61820210121
2024-06-10 16:03:21,938 - DEBUG - Processing unit: 61820210131
2024-06-10 16:03:21,981 - DEBUG - Processing unit: 61820210141
2024-06-10 16:03:21,989 - DEBUG - Processing unit: 61820210142
2024-06-10 16:03:22,121 - DEBUG - Processing unit: 61820210151
2024-06-10 16:03:22,166 - DEBUG - Processing unit: 61820210152
2024-06-10 16:03:22,248 - DEBUG - Processing unit: 61820210161
2024-06-10 16:03:22,269 - DEBUG - Processing unit: 61820210171
2024-06-10 16:03:22,317 - DEBUG - Processing unit: 61820210181
2024-06-10 16:03:22,321 - DEBUG - Processing unit: 61820210182
2024-06-10 16:03:22,363 - DEBUG - Processing unit: 61820210191
2024-06-10 16:03:22,394 - DEBUG - Processing unit: 61820210201
2024-06-10 16:03:22,468 - DEBUG - Processing unit: 61820210202
2024-06-10 16:03:22,529 - DEBUG - Processing unit: 61820210211
2024-06-10 16:03:22,575 - DEBUG - Processing unit: 61820210212
2024-06-10 16:03:22,637 - DEBUG - Processing unit: 61820210221
2024-06-10 16:03:22,644 - DEBUG - Processing unit: 61820210222
2024-06-10 16:03:22,723 - DEBUG - Processing unit: 61820210231
2024-06-10 16:03:22,758 - DEBUG - Processing unit: 61820210241
2024-06-10 16:03:22,827 - DEBUG - Processing unit: 61820210242
2024-06-10 16:10:45,101 - DEBUG - Processing unit: 61820210251
2024-06-10 16:15:23,555 - DEBUG - Processing unit: 61820210261
2024-06-10 16:16:05,563 - DEBUG - Processing unit: 61820210271
2024-06-10 16:16:34,769 - DEBUG - Processing unit: 61820210281
2024-06-10 16:16:37,213 - DEBUG - Processing unit: 61820210291
2024-06-10 16:18:15,320 - DEBUG - Processing unit: 61820210301
2024-06-10 16:18:44,227 - DEBUG - Processing unit: 61820210311
2024-06-10 16:18:49,874 - DEBUG - Processing unit: 61820210321
2024-06-10 16:18:55,666 - DEBUG - Processing unit: 61820210322
2024-06-10 16:19:03,303 - DEBUG - Processing unit: 61820210331
2024-06-10 16:19:04,034 - DEBUG - Processing unit: 61820210341
2024-06-10 16:19:09,284 - DEBUG - Processing unit: 61820210351
2024-06-10 16:19:11,493 - DEBUG - Processing unit: 61820210361
2024-06-10 16:19:16,035 - DEBUG - Processing unit: 61820210371
2024-06-10 16:23:03,800 - DEBUG - Processing unit: 61820210381
2024-06-10 16:23:50,697 - DEBUG - Processing unit: 61820210391
2024-06-10 16:24:34,037 - DEBUG - Processing unit: 61820210401
2024-06-10 16:25:51,676 - DEBUG - Processing unit: 61820210411
2024-06-10 16:26:48,425 - DEBUG - Processing unit: 61820210421
2024-06-10 16:28:44,015 - DEBUG - Processing unit: 61820210431
2024-06-10 16:28:48,659 - DEBUG - Processing unit: 61820210441
2024-06-10 16:29:09,783 - DEBUG - Processing unit: 61820210451
2024-06-10 16:29:24,598 - DEBUG - Processing unit: 61820210461
2024-06-10 16:29:41,520 - DEBUG - Processing unit: 61820210471
2024-06-10 16:30:08,786 - DEBUG - Processing unit: 61820210481
2024-06-10 16:30:13,524 - DEBUG - Processing unit: 61820210482
2024-06-10 16:30:19,961 - DEBUG - Processing unit: 61820210491
2024-06-10 16:30:36,837 - DEBUG - Processing unit: 61820210492
2024-06-10 16:30:55,814 - DEBUG - Processing unit: 61820210501
2024-06-10 16:31:04,093 - DEBUG - Processing unit: 61820210511
2024-06-10 16:31:08,507 - DEBUG - Processing unit: 61820210521
2024-06-10 16:32:06,493 - DEBUG - Processing unit: 61820210531
2024-06-10 16:32:56,980 - DEBUG - Processing unit: 61820210541
2024-06-10 16:34:27,499 - DEBUG - Processing unit: 61820210551
2024-06-10 16:34:37,233 - DEBUG - Processing unit: 61820210561
2024-06-10 16:34:40,582 - DEBUG - Processing unit: 61820210571
2024-06-10 16:34:53,090 - DEBUG - Processing unit: 61820210581
2024-06-10 16:37:04,105 - DEBUG - Processing unit: 61820210591
2024-06-10 16:38:46,851 - DEBUG - Processing unit: 61820210601
2024-06-10 16:38:52,640 - DEBUG - Processing unit: 61820210611
2024-06-10 16:40:07,549 - DEBUG - Processing unit: 61820210621
2024-06-10 16:40:27,193 - DEBUG - Processing unit: 61820210631
2024-06-10 16:41:02,644 - DEBUG - Processing unit: 61820210632
2024-06-10 16:41:16,221 - DEBUG - Processing unit: 61820210641
2024-06-10 17:22:12,812 - INFO - Saved session data for OTNAL_FV_061821 to /gpfs/milgram/project/chang/pg496/data_dir/otnal/processed_data/OTNAL_FV_061821_raster.csv
