
CondaError: Run 'conda init' before 'conda deactivate'

2024-06-10 14:38:24,772 - DEBUG - matplotlib data path: /gpfs/milgram/project/chang/pg496/conda_envs/nn_gpu/lib/python3.10/site-packages/matplotlib/mpl-data
2024-06-10 14:38:24,777 - DEBUG - CONFIGDIR=/home/pg496/.config/matplotlib
2024-06-10 14:38:24,778 - DEBUG - interactive is False
2024-06-10 14:38:24,778 - DEBUG - platform is linux
2024-06-10 14:38:24,826 - DEBUG - CACHEDIR=/home/pg496/.cache/matplotlib
2024-06-10 14:38:24,827 - DEBUG - Using fontManager instance from /home/pg496/.cache/matplotlib/fontlist-v330.json
2024-06-10 14:38:25,049 - DEBUG - Creating converter from 7 to 5
2024-06-10 14:38:25,049 - DEBUG - Creating converter from 5 to 7
2024-06-10 14:38:25,049 - DEBUG - Creating converter from 7 to 5
2024-06-10 14:38:25,049 - DEBUG - Creating converter from 5 to 7
2024-06-10 14:38:30,194 - DEBUG - First few rows of labelled fixations: 
   start_time  end_time  category  ...   mean_y_pos     fix_roi  agent
0       0.254     0.402       3.0  ...   203.120805  out_of_roi  Lynch
1       0.407     0.558       3.0  ... -1188.157895  out_of_roi  Lynch
2       0.584     0.769       3.0  ... -1226.191011  out_of_roi  Lynch
3       0.775     0.947       3.0  ... -1221.121387  out_of_roi  Lynch
4       0.973     1.098       3.0  ... -1155.447154  out_of_roi  Lynch

[5 rows x 11 columns]
2024-06-10 14:38:30,203 - DEBUG - First few rows of labelled spiketimes: 
                                              spikeS  ... region
0  [1.044075, 3.13865, 3.474675, 4.42465, 4.92632...  ...    BLA
1  [20.752875, 56.052075, 127.98965, 130.049925, ...  ...    BLA
2  [0.693575, 1.348825, 1.5314, 2.736025, 5.6675,...  ...    BLA
3  [0.7346, 1.21215, 2.80735, 6.401425, 6.4468, 7...  ...    BLA
4  [0.81235, 1.152825, 1.580025, 3.294225, 14.219...  ...    BLA

[5 rows x 10 columns]
2024-06-10 14:38:30,203 - DEBUG - Labelled fixations shape: (339972, 11)
2024-06-10 14:38:30,203 - DEBUG - Labelled spiketimes shape: (1255, 10)
2024-06-10 14:38:30,230 - DEBUG - Processing session: OTNAL_FV_032421
2024-06-10 14:38:30,231 - DEBUG - Session fixations shape: (6902, 11)
2024-06-10 14:38:30,231 - DEBUG - Session neurons shape: (79, 10)
2024-06-10 14:38:30,232 - DEBUG - Processing unit: 32420210011
2024-06-10 14:38:30,247 - DEBUG - Processing unit: 32420210021
2024-06-10 14:38:30,345 - DEBUG - Processing unit: 32420210031
2024-06-10 14:38:30,661 - DEBUG - Processing unit: 32420210041
2024-06-10 14:38:30,813 - DEBUG - Processing unit: 32420210051
2024-06-10 14:38:30,922 - DEBUG - Processing unit: 32420210061
2024-06-10 14:38:31,147 - DEBUG - Processing unit: 32420210071
2024-06-10 14:38:31,357 - DEBUG - Processing unit: 32420210081
2024-06-10 14:38:31,556 - DEBUG - Processing unit: 32420210091
2024-06-10 14:38:31,817 - DEBUG - Processing unit: 32420210101
2024-06-10 14:38:32,161 - DEBUG - Processing unit: 32420210111
2024-06-10 14:38:32,316 - DEBUG - Processing unit: 32420210121
2024-06-10 14:38:32,548 - DEBUG - Processing unit: 32420210131
2024-06-10 14:38:32,876 - DEBUG - Processing unit: 32420210141
2024-06-10 14:38:33,188 - DEBUG - Processing unit: 32420210151
2024-06-10 14:38:33,351 - DEBUG - Processing unit: 32420210161
2024-06-10 14:38:33,879 - DEBUG - Processing unit: 32420210162
2024-06-10 14:38:33,992 - DEBUG - Processing unit: 32420210171
2024-06-10 14:38:34,255 - DEBUG - Processing unit: 32420210172
2024-06-10 14:38:34,465 - DEBUG - Processing unit: 32420210173
2024-06-10 14:38:34,676 - DEBUG - Processing unit: 32420210181
2024-06-10 14:38:34,922 - DEBUG - Processing unit: 32420210191
2024-06-10 14:38:35,370 - DEBUG - Processing unit: 32420210201
2024-06-10 14:38:35,727 - DEBUG - Processing unit: 32420210211
2024-06-10 14:38:36,291 - DEBUG - Processing unit: 32420210221
2024-06-10 14:38:36,598 - DEBUG - Processing unit: 32420210231
2024-06-10 14:38:37,103 - DEBUG - Processing unit: 32420210241
2024-06-10 14:38:37,672 - DEBUG - Processing unit: 32420210251
2024-06-10 14:38:38,004 - DEBUG - Processing unit: 32420210252
2024-06-10 14:38:38,327 - DEBUG - Processing unit: 32420210261
2024-06-10 14:38:38,694 - DEBUG - Processing unit: 32420210262
2024-06-10 14:38:39,435 - DEBUG - Processing unit: 32420210263
slurmstepd: error: *** JOB 27009580 ON r812u15n02 CANCELLED AT 2024-06-10T14:40:46 ***
