
CondaError: Run 'conda init' before 'conda deactivate'

2024-06-10 14:45:09,009 - DEBUG - matplotlib data path: /gpfs/milgram/project/chang/pg496/conda_envs/nn_gpu/lib/python3.10/site-packages/matplotlib/mpl-data
2024-06-10 14:45:09,016 - DEBUG - CONFIGDIR=/home/pg496/.config/matplotlib
2024-06-10 14:45:09,017 - DEBUG - interactive is False
2024-06-10 14:45:09,017 - DEBUG - platform is linux
2024-06-10 14:45:09,082 - DEBUG - CACHEDIR=/home/pg496/.cache/matplotlib
2024-06-10 14:45:09,084 - DEBUG - Using fontManager instance from /home/pg496/.cache/matplotlib/fontlist-v330.json
2024-06-10 14:45:09,472 - DEBUG - Creating converter from 7 to 5
2024-06-10 14:45:09,472 - DEBUG - Creating converter from 5 to 7
2024-06-10 14:45:09,472 - DEBUG - Creating converter from 7 to 5
2024-06-10 14:45:09,472 - DEBUG - Creating converter from 5 to 7
2024-06-10 14:45:15,515 - DEBUG - First few rows of labelled fixations: 
   start_time  end_time  category  ...   mean_y_pos     fix_roi  agent
0       0.254     0.402       3.0  ...   203.120805  out_of_roi  Lynch
1       0.407     0.558       3.0  ... -1188.157895  out_of_roi  Lynch
2       0.584     0.769       3.0  ... -1226.191011  out_of_roi  Lynch
3       0.775     0.947       3.0  ... -1221.121387  out_of_roi  Lynch
4       0.973     1.098       3.0  ... -1155.447154  out_of_roi  Lynch

[5 rows x 11 columns]
2024-06-10 14:45:15,523 - DEBUG - First few rows of labelled spiketimes: 
                                              spikeS  ... region
0  [1.044075, 3.13865, 3.474675, 4.42465, 4.92632...  ...    BLA
1  [20.752875, 56.052075, 127.98965, 130.049925, ...  ...    BLA
2  [0.693575, 1.348825, 1.5314, 2.736025, 5.6675,...  ...    BLA
3  [0.7346, 1.21215, 2.80735, 6.401425, 6.4468, 7...  ...    BLA
4  [0.81235, 1.152825, 1.580025, 3.294225, 14.219...  ...    BLA

[5 rows x 10 columns]
2024-06-10 14:45:15,523 - DEBUG - Labelled fixations shape: (339972, 11)
2024-06-10 14:45:15,523 - DEBUG - Labelled spiketimes shape: (1255, 10)
2024-06-10 14:45:15,549 - DEBUG - Processing session: OTNAL_FV_070122
2024-06-10 14:45:15,551 - DEBUG - Session fixations shape: (10302, 11)
2024-06-10 14:45:15,551 - DEBUG - Session neurons shape: (80, 10)
2024-06-10 14:45:15,551 - DEBUG - Processing unit: 70120220041
2024-06-10 14:45:15,617 - DEBUG - Processing unit: 70120220091
2024-06-10 14:45:15,648 - DEBUG - Processing unit: 70120220111
2024-06-10 14:45:15,826 - DEBUG - Processing unit: 70120220121
2024-06-10 14:45:15,944 - DEBUG - Processing unit: 70120220131
2024-06-10 14:45:15,947 - DEBUG - Processing unit: 70120220151
2024-06-10 14:45:16,053 - DEBUG - Processing unit: 70120220161
2024-06-10 14:45:16,205 - DEBUG - Processing unit: 70120220171
2024-06-10 14:45:16,224 - DEBUG - Processing unit: 70120220172
2024-06-10 14:45:16,483 - DEBUG - Processing unit: 70120220191
2024-06-10 14:45:16,504 - DEBUG - Processing unit: 70120220201
2024-06-10 14:45:16,548 - DEBUG - Processing unit: 70120220211
2024-06-10 14:45:16,563 - DEBUG - Processing unit: 70120220212
2024-06-10 14:45:16,644 - DEBUG - Processing unit: 70120220221
2024-06-10 14:45:16,655 - DEBUG - Processing unit: 70120220222
2024-06-10 14:45:16,721 - DEBUG - Processing unit: 70120220231
2024-06-10 14:45:16,733 - DEBUG - Processing unit: 70120220232
2024-06-10 14:45:16,956 - DEBUG - Processing unit: 70120220241
2024-06-10 14:45:17,025 - DEBUG - Processing unit: 70120220242
2024-06-10 14:45:17,048 - DEBUG - Processing unit: 70120220243
2024-06-10 14:45:17,129 - DEBUG - Processing unit: 70120220251
2024-06-10 14:45:17,148 - DEBUG - Processing unit: 70120220252
2024-06-10 14:45:17,165 - DEBUG - Processing unit: 70120220271
2024-06-10 14:45:17,333 - DEBUG - Processing unit: 70120220272
2024-06-10 14:45:17,442 - DEBUG - Processing unit: 70120220273
2024-06-10 14:45:17,521 - DEBUG - Processing unit: 70120220281
2024-06-10 14:45:17,673 - DEBUG - Processing unit: 70120220282
2024-06-10 14:45:17,987 - DEBUG - Processing unit: 70120220291
2024-06-10 14:45:17,997 - DEBUG - Processing unit: 70120220292
2024-06-10 14:45:18,011 - DEBUG - Processing unit: 70120220293
2024-06-10 14:45:18,046 - DEBUG - Processing unit: 70120220301
2024-06-10 14:45:18,110 - DEBUG - Processing unit: 70120220302
2024-06-10 14:50:20,970 - DEBUG - Processing unit: 70120220303
2024-06-10 14:50:21,521 - DEBUG - Processing unit: 70120220311
2024-06-10 14:54:17,627 - DEBUG - Processing unit: 70120220312
2024-06-10 14:54:19,467 - DEBUG - Processing unit: 70120220321
2024-06-10 14:54:37,082 - DEBUG - Processing unit: 70120220322
2024-06-10 14:54:48,226 - DEBUG - Processing unit: 70120220331
2024-06-10 14:55:04,244 - DEBUG - Processing unit: 70120220341
2024-06-10 14:56:29,242 - DEBUG - Processing unit: 70120220342
2024-06-10 14:56:57,527 - DEBUG - Processing unit: 70120220351
2024-06-10 14:57:28,996 - DEBUG - Processing unit: 70120220352
2024-06-10 14:58:20,335 - DEBUG - Processing unit: 70120220361
2024-06-10 15:00:44,182 - DEBUG - Processing unit: 70120220371
2024-06-10 15:01:36,359 - DEBUG - Processing unit: 70120220372
2024-06-10 15:03:33,475 - DEBUG - Processing unit: 70120220381
2024-06-10 15:03:59,014 - DEBUG - Processing unit: 70120220391
2024-06-10 15:04:06,097 - DEBUG - Processing unit: 70120220392
2024-06-10 15:04:25,521 - DEBUG - Processing unit: 70120220393
2024-06-10 15:05:53,770 - DEBUG - Processing unit: 70120220401
2024-06-10 15:06:16,002 - DEBUG - Processing unit: 70120220402
2024-06-10 15:07:01,815 - DEBUG - Processing unit: 70120220411
2024-06-10 15:07:25,331 - DEBUG - Processing unit: 70120220412
2024-06-10 15:07:48,566 - DEBUG - Processing unit: 70120220421
2024-06-10 15:08:09,964 - DEBUG - Processing unit: 70120220422
2024-06-10 15:08:20,146 - DEBUG - Processing unit: 70120220431
2024-06-10 15:08:21,608 - DEBUG - Processing unit: 70120220432
2024-06-10 15:09:22,228 - DEBUG - Processing unit: 70120220433
2024-06-10 15:09:41,526 - DEBUG - Processing unit: 70120220441
2024-06-10 15:09:56,903 - DEBUG - Processing unit: 70120220451
2024-06-10 15:10:00,479 - DEBUG - Processing unit: 70120220452
2024-06-10 15:10:35,361 - DEBUG - Processing unit: 70120220461
2024-06-10 15:10:38,786 - DEBUG - Processing unit: 70120220462
2024-06-10 15:10:48,284 - DEBUG - Processing unit: 70120220471
2024-06-10 15:10:51,113 - DEBUG - Processing unit: 70120220481
2024-06-10 15:10:56,580 - DEBUG - Processing unit: 70120220482
2024-06-10 15:10:59,774 - DEBUG - Processing unit: 70120220501
2024-06-10 15:11:17,086 - DEBUG - Processing unit: 70120220502
2024-06-10 15:13:25,307 - DEBUG - Processing unit: 70120220511
2024-06-10 15:13:51,971 - DEBUG - Processing unit: 70120220512
2024-06-10 15:15:09,652 - DEBUG - Processing unit: 70120220531
2024-06-10 15:15:33,863 - DEBUG - Processing unit: 70120220561
2024-06-10 15:15:34,482 - DEBUG - Processing unit: 70120220562
2024-06-10 15:16:34,457 - DEBUG - Processing unit: 70120220571
2024-06-10 15:17:41,827 - DEBUG - Processing unit: 70120220581
2024-06-10 15:18:19,270 - DEBUG - Processing unit: 70120220591
2024-06-10 15:18:24,249 - DEBUG - Processing unit: 70120220601
2024-06-10 15:19:00,106 - DEBUG - Processing unit: 70120220621
2024-06-10 15:19:02,862 - DEBUG - Processing unit: 70120220631
2024-06-10 15:19:37,090 - DEBUG - Processing unit: 70120220641
slurmstepd: error: *** JOB 27009620 ON r811u17n03 CANCELLED AT 2024-06-10T15:24:56 ***
