
CondaError: Run 'conda init' before 'conda deactivate'

2024-06-10 14:20:45,117 - DEBUG - matplotlib data path: /gpfs/milgram/project/chang/pg496/conda_envs/nn_gpu/lib/python3.10/site-packages/matplotlib/mpl-data
2024-06-10 14:20:45,123 - DEBUG - CONFIGDIR=/home/pg496/.config/matplotlib
2024-06-10 14:20:45,124 - DEBUG - interactive is False
2024-06-10 14:20:45,124 - DEBUG - platform is linux
2024-06-10 14:20:45,172 - DEBUG - CACHEDIR=/home/pg496/.cache/matplotlib
2024-06-10 14:20:45,173 - DEBUG - Using fontManager instance from /home/pg496/.cache/matplotlib/fontlist-v330.json
2024-06-10 14:20:45,402 - DEBUG - Creating converter from 7 to 5
2024-06-10 14:20:45,403 - DEBUG - Creating converter from 5 to 7
2024-06-10 14:20:45,403 - DEBUG - Creating converter from 7 to 5
2024-06-10 14:20:45,403 - DEBUG - Creating converter from 5 to 7
2024-06-10 14:20:51,193 - DEBUG - First few rows of labelled fixations: 
   start_time  end_time  category  ...   mean_y_pos     fix_roi  agent
0       0.254     0.402       3.0  ...   203.120805  out_of_roi  Lynch
1       0.407     0.558       3.0  ... -1188.157895  out_of_roi  Lynch
2       0.584     0.769       3.0  ... -1226.191011  out_of_roi  Lynch
3       0.775     0.947       3.0  ... -1221.121387  out_of_roi  Lynch
4       0.973     1.098       3.0  ... -1155.447154  out_of_roi  Lynch

[5 rows x 11 columns]
2024-06-10 14:20:51,202 - DEBUG - First few rows of labelled spiketimes: 
                                              spikeS  ... region
0  [1.044075, 3.13865, 3.474675, 4.42465, 4.92632...  ...    BLA
1  [20.752875, 56.052075, 127.98965, 130.049925, ...  ...    BLA
2  [0.693575, 1.348825, 1.5314, 2.736025, 5.6675,...  ...    BLA
3  [0.7346, 1.21215, 2.80735, 6.401425, 6.4468, 7...  ...    BLA
4  [0.81235, 1.152825, 1.580025, 3.294225, 14.219...  ...    BLA

[5 rows x 10 columns]
2024-06-10 14:20:51,202 - DEBUG - Labelled fixations shape: (339972, 11)
2024-06-10 14:20:51,202 - DEBUG - Labelled spiketimes shape: (1255, 10)
2024-06-10 14:20:51,242 - DEBUG - Processing session: OTNAL_FV_062722
2024-06-10 14:20:51,243 - DEBUG - Session fixations shape: (8873, 11)
2024-06-10 14:20:51,243 - DEBUG - Session neurons shape: (30, 10)
2024-06-10 14:20:51,244 - DEBUG - Processing unit: 62720220011
2024-06-10 14:20:51,323 - DEBUG - Processing unit: 62720220012
2024-06-10 14:20:51,359 - DEBUG - Processing unit: 62720220021
2024-06-10 14:20:51,404 - DEBUG - Processing unit: 62720220022
2024-06-10 14:20:51,494 - DEBUG - Processing unit: 62720220031
2024-06-10 14:20:51,713 - DEBUG - Processing unit: 62720220041
2024-06-10 14:20:51,873 - DEBUG - Processing unit: 62720220042
2024-06-10 14:20:52,038 - DEBUG - Processing unit: 62720220043
2024-06-10 14:20:52,295 - DEBUG - Processing unit: 62720220051
2024-06-10 14:20:52,501 - DEBUG - Processing unit: 62720220052
2024-06-10 14:20:52,741 - DEBUG - Processing unit: 62720220061
2024-06-10 14:20:53,252 - DEBUG - Processing unit: 62720220081
2024-06-10 14:20:53,513 - DEBUG - Processing unit: 62720220091
2024-06-10 14:20:53,787 - DEBUG - Processing unit: 62720220101
2024-06-10 14:20:54,034 - DEBUG - Processing unit: 62720220111
2024-06-10 14:20:54,497 - DEBUG - Processing unit: 62720220151
2024-06-10 14:20:54,883 - DEBUG - Processing unit: 62720220161
2024-06-10 14:20:55,252 - DEBUG - Processing unit: 62720220162
2024-06-10 14:20:55,744 - DEBUG - Processing unit: 62720220171
2024-06-10 14:20:56,091 - DEBUG - Processing unit: 62720220181
2024-06-10 14:20:56,578 - DEBUG - Processing unit: 62720220201
2024-06-10 14:20:56,979 - DEBUG - Processing unit: 62720220221
2024-06-10 14:20:57,313 - DEBUG - Processing unit: 62720220231
2024-06-10 14:20:57,582 - DEBUG - Processing unit: 62720220232
2024-06-10 14:20:57,804 - DEBUG - Processing unit: 62720220371
2024-06-10 14:20:59,289 - DEBUG - Processing unit: 62720220381
2024-06-10 14:21:00,951 - DEBUG - Processing unit: 62720220391
2024-06-10 14:21:01,458 - DEBUG - Processing unit: 62720220471
2024-06-10 14:21:02,167 - DEBUG - Processing unit: 62720220511
2024-06-10 14:21:02,410 - DEBUG - Processing unit: 62720220571
/bin/sh: line 1: 1323717 Killed                  python analyze_gaze_signals.py --session /gpfs/milgram/project/chang/pg496/data_dir/otnal/data_source_7point3/OTNAL_FV_062722
slurmstepd: error: Detected 1 oom_kill event in StepId=27009546.batch. Some of the step tasks have been OOM Killed.
