
CondaError: Run 'conda init' before 'conda deactivate'

2024-06-10 14:20:52,526 - DEBUG - matplotlib data path: /gpfs/milgram/project/chang/pg496/conda_envs/nn_gpu/lib/python3.10/site-packages/matplotlib/mpl-data
2024-06-10 14:20:52,531 - DEBUG - CONFIGDIR=/home/pg496/.config/matplotlib
2024-06-10 14:20:52,532 - DEBUG - interactive is False
2024-06-10 14:20:52,532 - DEBUG - platform is linux
2024-06-10 14:20:52,581 - DEBUG - CACHEDIR=/home/pg496/.cache/matplotlib
2024-06-10 14:20:52,582 - DEBUG - Using fontManager instance from /home/pg496/.cache/matplotlib/fontlist-v330.json
2024-06-10 14:20:52,815 - DEBUG - Creating converter from 7 to 5
2024-06-10 14:20:52,815 - DEBUG - Creating converter from 5 to 7
2024-06-10 14:20:52,815 - DEBUG - Creating converter from 7 to 5
2024-06-10 14:20:52,815 - DEBUG - Creating converter from 5 to 7
2024-06-10 14:20:58,551 - DEBUG - First few rows of labelled fixations: 
   start_time  end_time  category  ...   mean_y_pos     fix_roi  agent
0       0.254     0.402       3.0  ...   203.120805  out_of_roi  Lynch
1       0.407     0.558       3.0  ... -1188.157895  out_of_roi  Lynch
2       0.584     0.769       3.0  ... -1226.191011  out_of_roi  Lynch
3       0.775     0.947       3.0  ... -1221.121387  out_of_roi  Lynch
4       0.973     1.098       3.0  ... -1155.447154  out_of_roi  Lynch

[5 rows x 11 columns]
2024-06-10 14:20:58,561 - DEBUG - First few rows of labelled spiketimes: 
                                              spikeS  ... region
0  [1.044075, 3.13865, 3.474675, 4.42465, 4.92632...  ...    BLA
1  [20.752875, 56.052075, 127.98965, 130.049925, ...  ...    BLA
2  [0.693575, 1.348825, 1.5314, 2.736025, 5.6675,...  ...    BLA
3  [0.7346, 1.21215, 2.80735, 6.401425, 6.4468, 7...  ...    BLA
4  [0.81235, 1.152825, 1.580025, 3.294225, 14.219...  ...    BLA

[5 rows x 10 columns]
2024-06-10 14:20:58,561 - DEBUG - Labelled fixations shape: (339972, 11)
2024-06-10 14:20:58,561 - DEBUG - Labelled spiketimes shape: (1255, 10)
2024-06-10 14:20:58,586 - DEBUG - Processing session: OTNAL_FV_063022
2024-06-10 14:20:58,588 - DEBUG - Session fixations shape: (8950, 11)
2024-06-10 14:20:58,588 - DEBUG - Session neurons shape: (50, 10)
2024-06-10 14:20:58,588 - DEBUG - Processing unit: 63020220011
2024-06-10 14:20:58,663 - DEBUG - Processing unit: 63020220041
2024-06-10 14:20:58,710 - DEBUG - Processing unit: 63020220042
2024-06-10 14:20:58,747 - DEBUG - Processing unit: 63020220081
2024-06-10 14:20:58,858 - DEBUG - Processing unit: 63020220121
2024-06-10 14:20:58,953 - DEBUG - Processing unit: 63020220151
2024-06-10 14:20:59,152 - DEBUG - Processing unit: 63020220191
2024-06-10 14:20:59,232 - DEBUG - Processing unit: 63020220201
2024-06-10 14:20:59,352 - DEBUG - Processing unit: 63020220231
2024-06-10 14:20:59,505 - DEBUG - Processing unit: 63020220241
2024-06-10 14:20:59,648 - DEBUG - Processing unit: 63020220242
2024-06-10 14:20:59,873 - DEBUG - Processing unit: 63020220243
2024-06-10 14:21:00,079 - DEBUG - Processing unit: 63020220251
2024-06-10 14:21:00,233 - DEBUG - Processing unit: 63020220252
2024-06-10 14:21:00,548 - DEBUG - Processing unit: 63020220253
2024-06-10 14:21:01,011 - DEBUG - Processing unit: 63020220261
2024-06-10 14:21:01,179 - DEBUG - Processing unit: 63020220262
2024-06-10 14:21:01,378 - DEBUG - Processing unit: 63020220271
2024-06-10 14:21:01,849 - DEBUG - Processing unit: 63020220272
2024-06-10 14:21:02,661 - DEBUG - Processing unit: 63020220281
2024-06-10 14:21:02,990 - DEBUG - Processing unit: 63020220291
2024-06-10 14:21:03,337 - DEBUG - Processing unit: 63020220292
2024-06-10 14:21:03,881 - DEBUG - Processing unit: 63020220293
2024-06-10 14:21:04,111 - DEBUG - Processing unit: 63020220301
2024-06-10 14:21:04,650 - DEBUG - Processing unit: 63020220302
2024-06-10 14:21:04,935 - DEBUG - Processing unit: 63020220311
2024-06-10 14:21:05,550 - DEBUG - Processing unit: 63020220312
2024-06-10 14:21:06,108 - DEBUG - Processing unit: 63020220321
2024-06-10 14:21:06,881 - DEBUG - Processing unit: 63020220322
2024-06-10 14:21:07,280 - DEBUG - Processing unit: 63020220323
2024-06-10 14:21:07,599 - DEBUG - Processing unit: 63020220341
2024-06-10 14:21:08,167 - DEBUG - Processing unit: 63020220351
2024-06-10 14:36:08,644 - DEBUG - Processing unit: 63020220391
2024-06-10 14:36:09,433 - DEBUG - Processing unit: 63020220392
2024-06-10 14:36:09,586 - DEBUG - Processing unit: 63020220401
2024-06-10 14:36:13,831 - DEBUG - Processing unit: 63020220411
2024-06-10 14:36:14,040 - DEBUG - Processing unit: 63020220421
/bin/sh: line 1: 3251118 Killed                  python analyze_gaze_signals.py --session /gpfs/milgram/project/chang/pg496/data_dir/otnal/data_source_7point3/OTNAL_FV_063022
slurmstepd: error: Detected 1 oom_kill event in StepId=27009563.batch. Some of the step tasks have been OOM Killed.
