
CondaError: Run 'conda init' before 'conda deactivate'

2024-06-10 14:38:21,179 - DEBUG - matplotlib data path: /gpfs/milgram/project/chang/pg496/conda_envs/nn_gpu/lib/python3.10/site-packages/matplotlib/mpl-data
2024-06-10 14:38:21,183 - DEBUG - CONFIGDIR=/home/pg496/.config/matplotlib
2024-06-10 14:38:21,185 - DEBUG - interactive is False
2024-06-10 14:38:21,185 - DEBUG - platform is linux
2024-06-10 14:38:21,229 - DEBUG - CACHEDIR=/home/pg496/.cache/matplotlib
2024-06-10 14:38:21,231 - DEBUG - Using fontManager instance from /home/pg496/.cache/matplotlib/fontlist-v330.json
2024-06-10 14:38:21,441 - DEBUG - Creating converter from 7 to 5
2024-06-10 14:38:21,441 - DEBUG - Creating converter from 5 to 7
2024-06-10 14:38:21,441 - DEBUG - Creating converter from 7 to 5
2024-06-10 14:38:21,441 - DEBUG - Creating converter from 5 to 7
2024-06-10 14:38:26,609 - DEBUG - First few rows of labelled fixations: 
   start_time  end_time  category  ...   mean_y_pos     fix_roi  agent
0       0.254     0.402       3.0  ...   203.120805  out_of_roi  Lynch
1       0.407     0.558       3.0  ... -1188.157895  out_of_roi  Lynch
2       0.584     0.769       3.0  ... -1226.191011  out_of_roi  Lynch
3       0.775     0.947       3.0  ... -1221.121387  out_of_roi  Lynch
4       0.973     1.098       3.0  ... -1155.447154  out_of_roi  Lynch

[5 rows x 11 columns]
2024-06-10 14:38:26,618 - DEBUG - First few rows of labelled spiketimes: 
                                              spikeS  ... region
0  [1.044075, 3.13865, 3.474675, 4.42465, 4.92632...  ...    BLA
1  [20.752875, 56.052075, 127.98965, 130.049925, ...  ...    BLA
2  [0.693575, 1.348825, 1.5314, 2.736025, 5.6675,...  ...    BLA
3  [0.7346, 1.21215, 2.80735, 6.401425, 6.4468, 7...  ...    BLA
4  [0.81235, 1.152825, 1.580025, 3.294225, 14.219...  ...    BLA

[5 rows x 10 columns]
2024-06-10 14:38:26,618 - DEBUG - Labelled fixations shape: (339972, 11)
2024-06-10 14:38:26,618 - DEBUG - Labelled spiketimes shape: (1255, 10)
2024-06-10 14:38:26,643 - DEBUG - Processing session: OTNAL_FV_060221
2024-06-10 14:38:26,645 - DEBUG - Session fixations shape: (13096, 11)
2024-06-10 14:38:26,645 - DEBUG - Session neurons shape: (57, 10)
2024-06-10 14:38:26,645 - DEBUG - Processing unit: 60220210031
2024-06-10 14:38:26,664 - DEBUG - Processing unit: 60220210091
2024-06-10 14:38:26,742 - DEBUG - Processing unit: 60220210101
2024-06-10 14:38:26,788 - DEBUG - Processing unit: 60220210121
2024-06-10 14:38:26,854 - DEBUG - Processing unit: 60220210131
2024-06-10 14:38:26,988 - DEBUG - Processing unit: 60220210141
2024-06-10 14:38:27,052 - DEBUG - Processing unit: 60220210151
2024-06-10 14:38:27,203 - DEBUG - Processing unit: 60220210161
2024-06-10 14:38:27,298 - DEBUG - Processing unit: 60220210171
2024-06-10 14:38:27,513 - DEBUG - Processing unit: 60220210181
2024-06-10 14:38:27,733 - DEBUG - Processing unit: 60220210201
2024-06-10 14:38:27,871 - DEBUG - Processing unit: 60220210202
2024-06-10 14:38:28,127 - DEBUG - Processing unit: 60220210211
2024-06-10 14:38:28,376 - DEBUG - Processing unit: 60220210221
2024-06-10 14:38:28,513 - DEBUG - Processing unit: 60220210222
2024-06-10 14:38:28,699 - DEBUG - Processing unit: 60220210231
2024-06-10 14:38:28,913 - DEBUG - Processing unit: 60220210241
2024-06-10 14:38:29,376 - DEBUG - Processing unit: 60220210242
2024-06-10 14:38:29,712 - DEBUG - Processing unit: 60220210243
2024-06-10 14:38:30,123 - DEBUG - Processing unit: 60220210251
2024-06-10 14:38:30,593 - DEBUG - Processing unit: 60220210261
2024-06-10 14:38:30,862 - DEBUG - Processing unit: 60220210262
2024-06-10 14:38:31,176 - DEBUG - Processing unit: 60220210263
2024-06-10 14:38:31,497 - DEBUG - Processing unit: 60220210271
2024-06-10 14:38:31,767 - DEBUG - Processing unit: 60220210272
2024-06-10 14:38:32,010 - DEBUG - Processing unit: 60220210281
2024-06-10 14:38:32,292 - DEBUG - Processing unit: 60220210291
2024-06-10 14:38:32,609 - DEBUG - Processing unit: 60220210301
2024-06-10 14:38:32,841 - DEBUG - Processing unit: 60220210311
2024-06-10 14:38:33,222 - DEBUG - Processing unit: 60220210312
2024-06-10 14:38:33,641 - DEBUG - Processing unit: 60220210313
2024-06-10 14:38:33,946 - DEBUG - Processing unit: 60220210321
slurmstepd: error: *** JOB 27009575 ON r812u15n01 CANCELLED AT 2024-06-10T14:40:46 ***
