
CondaError: Run 'conda init' before 'conda deactivate'

2024-06-10 14:05:00,976 - DEBUG - matplotlib data path: /gpfs/milgram/project/chang/pg496/conda_envs/nn_gpu/lib/python3.10/site-packages/matplotlib/mpl-data
2024-06-10 14:05:00,981 - DEBUG - CONFIGDIR=/home/pg496/.config/matplotlib
2024-06-10 14:05:00,983 - DEBUG - interactive is False
2024-06-10 14:05:00,983 - DEBUG - platform is linux
2024-06-10 14:05:01,033 - DEBUG - CACHEDIR=/home/pg496/.cache/matplotlib
2024-06-10 14:05:01,034 - DEBUG - Using fontManager instance from /home/pg496/.cache/matplotlib/fontlist-v330.json
2024-06-10 14:05:01,268 - DEBUG - Creating converter from 7 to 5
2024-06-10 14:05:01,268 - DEBUG - Creating converter from 5 to 7
2024-06-10 14:05:01,268 - DEBUG - Creating converter from 7 to 5
2024-06-10 14:05:01,268 - DEBUG - Creating converter from 5 to 7
2024-06-10 14:05:06,975 - DEBUG - First few rows of labelled fixations: 
   start_time  end_time  category  ...   mean_y_pos     fix_roi  agent
0       0.254     0.402       3.0  ...   203.120805  out_of_roi  Lynch
1       0.407     0.558       3.0  ... -1188.157895  out_of_roi  Lynch
2       0.584     0.769       3.0  ... -1226.191011  out_of_roi  Lynch
3       0.775     0.947       3.0  ... -1221.121387  out_of_roi  Lynch
4       0.973     1.098       3.0  ... -1155.447154  out_of_roi  Lynch

[5 rows x 11 columns]
2024-06-10 14:05:06,986 - DEBUG - First few rows of labelled spiketimes: 
                                              spikeS  ... region
0  [1.044075, 3.13865, 3.474675, 4.42465, 4.92632...  ...    BLA
1  [20.752875, 56.052075, 127.98965, 130.049925, ...  ...    BLA
2  [0.693575, 1.348825, 1.5314, 2.736025, 5.6675,...  ...    BLA
3  [0.7346, 1.21215, 2.80735, 6.401425, 6.4468, 7...  ...    BLA
4  [0.81235, 1.152825, 1.580025, 3.294225, 14.219...  ...    BLA

[5 rows x 10 columns]
2024-06-10 14:05:06,986 - DEBUG - Labelled fixations shape: (339972, 11)
2024-06-10 14:05:06,986 - DEBUG - Labelled spiketimes shape: (1255, 10)
2024-06-10 14:05:07,009 - DEBUG - Processing session: OTNAL_FV_120220
2024-06-10 14:05:07,011 - DEBUG - Session fixations shape: (13838, 11)
2024-06-10 14:05:07,011 - DEBUG - Session neurons shape: (18, 10)
2024-06-10 14:05:07,011 - DEBUG - Processing unit: 120220200011
2024-06-10 14:05:07,024 - DEBUG - Processing unit: 120220200021
2024-06-10 14:05:07,114 - DEBUG - Processing unit: 120220200031
2024-06-10 14:05:07,237 - DEBUG - Processing unit: 120220200041
2024-06-10 14:05:07,327 - DEBUG - Processing unit: 120220200051
2024-06-10 14:05:07,403 - DEBUG - Processing unit: 120220200061
2024-06-10 14:05:07,466 - DEBUG - Processing unit: 120220200062
2024-06-10 14:05:07,527 - DEBUG - Processing unit: 120220200071
2024-06-10 14:05:07,699 - DEBUG - Processing unit: 120220200072
2024-06-10 14:05:07,887 - DEBUG - Processing unit: 120220200101
2024-06-10 14:05:08,177 - DEBUG - Processing unit: 120220200111
2024-06-10 14:05:08,459 - DEBUG - Processing unit: 120220200121
2024-06-10 14:05:08,677 - DEBUG - Processing unit: 120220200131
2024-06-10 14:05:09,080 - DEBUG - Processing unit: 120220200141
2024-06-10 14:05:09,302 - DEBUG - Processing unit: 120220200151
2024-06-10 14:05:09,761 - DEBUG - Processing unit: 120220200152
2024-06-10 14:05:10,067 - DEBUG - Processing unit: 120220200161
2024-06-10 14:05:10,539 - DEBUG - Processing unit: 120220200162
